#
# There is insufficient memory for the Java Runtime Environment to continue.
# Native memory allocation (malloc) failed to allocate 1160496 bytes. Error detail: Chunk::new
# Possible reasons:
#   The system is out of physical RAM or swap space
#   This process is running with CompressedOops enabled, and the Java Heap may be blocking the growth of the native heap
# Possible solutions:
#   Reduce memory load on the system
#   Increase physical memory or swap space
#   Check if swap backing store is full
#   Decrease Java heap size (-Xmx/-Xms)
#   Decrease number of Java threads
#   Decrease Java thread stack sizes (-Xss)
#   Set larger code cache with -XX:ReservedCodeCacheSize=
#   JVM is running with Unscaled Compressed Oops mode in which the Java heap is
#     placed in the first 4GB address space. The Java Heap base address is the
#     maximum limit for the native heap growth. Please use -XX:HeapBaseMinAddress
#     to set the Java Heap base and to place the Java Heap above 4GB virtual address.
# This output file may be truncated or incomplete.
#
#  Out of Memory Error (arena.cpp:168), pid=22920, tid=6780
#
# JRE version: OpenJDK Runtime Environment Temurin-21.0.8+9 (21.0.8+9) (build 21.0.8+9-LTS)
# Java VM: OpenJDK 64-Bit Server VM Temurin-21.0.8+9 (21.0.8+9-LTS, mixed mode, sharing, tiered, compressed oops, compressed class ptrs, parallel gc, windows-amd64)
# No core dump will be written. Minidumps are not enabled by default on client versions of Windows
#

---------------  S U M M A R Y ------------

Command Line: --add-modules=ALL-SYSTEM --add-opens=java.base/java.util=ALL-UNNAMED --add-opens=java.base/java.lang=ALL-UNNAMED --add-opens=java.base/sun.nio.fs=ALL-UNNAMED -Declipse.application=org.eclipse.jdt.ls.core.id1 -Dosgi.bundles.defaultStartLevel=4 -Declipse.product=org.eclipse.jdt.ls.core.product -Djava.import.generatesMetadataFilesAtProjectRoot=false -DDetectVMInstallationsJob.disabled=true -Dfile.encoding=utf8 -XX:+UseParallelGC -XX:GCTimeRatio=4 -XX:AdaptiveSizePolicyWeight=90 -Dsun.zip.disableMemoryMapping=true -Xmx2G -Xms100m -Xlog:disable -javaagent:c:\Users\Astha\.vscode\extensions\redhat.java-1.44.0-win32-x64\lombok\lombok-1.18.39-4050.jar c:\Users\Astha\.vscode\extensions\redhat.java-1.44.0-win32-x64\server\plugins\org.eclipse.equinox.launcher_1.7.0.v20250519-0528.jar -configuration c:\Users\Astha\AppData\Roaming\Code\User\globalStorage\redhat.java\1.44.0\config_ss_win -data c:\Users\Astha\AppData\Roaming\Code\User\workspaceStorage\e39771bc5a86343b297ee149df76b61c\redhat.java\ss_ws --pipe=\\.\pipe\lsp-c63c38f950b9b44a97a912b2f672f2cf-sock

Host: AMD Ryzen 5 5500U with Radeon Graphics         , 12 cores, 15G,  Windows 11 , 64 bit Build 26100 (10.0.26100.4484)
Time: Thu Aug 14 15:53:38 2025 India Standard Time elapsed time: 12.050945 seconds (0d 0h 0m 12s)

---------------  T H R E A D  ---------------

Current thread (0x000002badf6ba520):  JavaThread "C2 CompilerThread0" daemon [_thread_in_native, id=6780, stack(0x000000e1a4700000,0x000000e1a4800000) (1024K)]


Current CompileTask:
C2:12051 4551   !   4       org.eclipse.osgi.internal.loader.classpath.ClasspathManager::findLocalClass (210 bytes)

Stack: [0x000000e1a4700000,0x000000e1a4800000]
Native frames: (J=compiled Java code, j=interpreted, Vv=VM code, C=native code)
V  [jvm.dll+0x6d2449]
V  [jvm.dll+0x8ae341]
V  [jvm.dll+0x8b08be]
V  [jvm.dll+0x8b0fa3]
V  [jvm.dll+0x280c96]
V  [jvm.dll+0xc581d]
V  [jvm.dll+0xc5d53]
V  [jvm.dll+0x3b9162]
V  [jvm.dll+0x385315]
V  [jvm.dll+0x38477a]
V  [jvm.dll+0x248ed0]
V  [jvm.dll+0x2484af]
V  [jvm.dll+0x1c89ee]
V  [jvm.dll+0x257d4d]
V  [jvm.dll+0x2562ea]
V  [jvm.dll+0x3f2d16]
V  [jvm.dll+0x857e6b]
V  [jvm.dll+0x6d0b0d]
C  [ucrtbase.dll+0x37b0]
C  [KERNEL32.DLL+0x2e8d7]
C  [ntdll.dll+0x3c34c]


---------------  P R O C E S S  ---------------

Threads class SMR info:
_java_thread_list=0x000002bae5a68ac0, length=42, elements={
0x000002ba84513ad0, 0x000002ba9d43c1a0, 0x000002ba9d43e520, 0x000002ba9d442990,
0x000002ba9d4453f0, 0x000002ba9d44e900, 0x000002badf6b4da0, 0x000002badf6ba520,
0x000002badf6bb5e0, 0x000002badf772390, 0x000002bae502f660, 0x000002bae580f480,
0x000002bae5711c70, 0x000002badf8c6410, 0x000002bae58baef0, 0x000002badf756820,
0x000002badf917da0, 0x000002bae50cae40, 0x000002bae52867e0, 0x000002bae5286e40,
0x000002bae5945db0, 0x000002bae5946ad0, 0x000002bae5943ce0, 0x000002bae5944a00,
0x000002bae5946440, 0x000002bae5945090, 0x000002bae5943650, 0x000002bae5944370,
0x000002bae5945720, 0x000002bae61bb460, 0x000002bae61ba0b0, 0x000002bae61bbaf0,
0x000002bae61bd530, 0x000002bae61bcea0, 0x000002bae61bdbc0, 0x000002bae61ba740,
0x000002bae61badd0, 0x000002bae61c1040, 0x000002bae61be250, 0x000002bae61bef70,
0x000002bae61bf600, 0x000002bae75adf10
}

Java Threads: ( => current thread )
  0x000002ba84513ad0 JavaThread "main"                              [_thread_blocked, id=5852, stack(0x000000e1a3c00000,0x000000e1a3d00000) (1024K)]
  0x000002ba9d43c1a0 JavaThread "Reference Handler"          daemon [_thread_blocked, id=26668, stack(0x000000e1a4100000,0x000000e1a4200000) (1024K)]
  0x000002ba9d43e520 JavaThread "Finalizer"                  daemon [_thread_blocked, id=27276, stack(0x000000e1a4200000,0x000000e1a4300000) (1024K)]
  0x000002ba9d442990 JavaThread "Signal Dispatcher"          daemon [_thread_blocked, id=22508, stack(0x000000e1a4300000,0x000000e1a4400000) (1024K)]
  0x000002ba9d4453f0 JavaThread "Attach Listener"            daemon [_thread_blocked, id=2608, stack(0x000000e1a4400000,0x000000e1a4500000) (1024K)]
  0x000002ba9d44e900 JavaThread "Service Thread"             daemon [_thread_blocked, id=23636, stack(0x000000e1a4500000,0x000000e1a4600000) (1024K)]
  0x000002badf6b4da0 JavaThread "Monitor Deflation Thread"   daemon [_thread_blocked, id=8600, stack(0x000000e1a4600000,0x000000e1a4700000) (1024K)]
=>0x000002badf6ba520 JavaThread "C2 CompilerThread0"         daemon [_thread_in_native, id=6780, stack(0x000000e1a4700000,0x000000e1a4800000) (1024K)]
  0x000002badf6bb5e0 JavaThread "C1 CompilerThread0"         daemon [_thread_blocked, id=24088, stack(0x000000e1a4800000,0x000000e1a4900000) (1024K)]
  0x000002badf772390 JavaThread "Common-Cleaner"             daemon [_thread_blocked, id=2792, stack(0x000000e1a4900000,0x000000e1a4a00000) (1024K)]
  0x000002bae502f660 JavaThread "Notification Thread"        daemon [_thread_blocked, id=15332, stack(0x000000e1a4b00000,0x000000e1a4c00000) (1024K)]
  0x000002bae580f480 JavaThread "Active Thread: Equinox Container: 6539e099-9d9b-4f0a-b250-35a5e9fbba1a"        [_thread_blocked, id=6228, stack(0x000000e1a5300000,0x000000e1a5400000) (1024K)]
  0x000002bae5711c70 JavaThread "Framework Event Dispatcher: Equinox Container: 6539e099-9d9b-4f0a-b250-35a5e9fbba1a" daemon [_thread_blocked, id=18472, stack(0x000000e1a4a00000,0x000000e1a4b00000) (1024K)]
  0x000002badf8c6410 JavaThread "Start Level: Equinox Container: 6539e099-9d9b-4f0a-b250-35a5e9fbba1a" daemon [_thread_blocked, id=20452, stack(0x000000e1a4c00000,0x000000e1a4d00000) (1024K)]
  0x000002bae58baef0 JavaThread "SCR Component Actor"        daemon [_thread_blocked, id=18124, stack(0x000000e1a5500000,0x000000e1a5600000) (1024K)]
  0x000002badf756820 JavaThread "SCR Component Registry"     daemon [_thread_blocked, id=15152, stack(0x000000e1a5600000,0x000000e1a5700000) (1024K)]
  0x000002badf917da0 JavaThread "C2 CompilerThread1"         daemon [_thread_blocked, id=8876, stack(0x000000e1a5700000,0x000000e1a5800000) (1024K)]
  0x000002bae50cae40 JavaThread "Worker-JM"                         [_thread_blocked, id=22756, stack(0x000000e1a5900000,0x000000e1a5a00000) (1024K)]
  0x000002bae52867e0 JavaThread "JNA Cleaner"                daemon [_thread_blocked, id=12692, stack(0x000000e1a5c00000,0x000000e1a5d00000) (1024K)]
  0x000002bae5286e40 JavaThread "Worker-0"                          [_thread_blocked, id=18332, stack(0x000000e1a5d00000,0x000000e1a5e00000) (1024K)]
  0x000002bae5945db0 JavaThread "Worker-1"                          [_thread_blocked, id=21048, stack(0x000000e1a5e00000,0x000000e1a5f00000) (1024K)]
  0x000002bae5946ad0 JavaThread "Thread-2"                   daemon [_thread_in_native, id=6632, stack(0x000000e1a6000000,0x000000e1a6100000) (1024K)]
  0x000002bae5943ce0 JavaThread "Thread-3"                   daemon [_thread_in_native, id=15920, stack(0x000000e1a6100000,0x000000e1a6200000) (1024K)]
  0x000002bae5944a00 JavaThread "Thread-4"                   daemon [_thread_in_native, id=11160, stack(0x000000e1a6200000,0x000000e1a6300000) (1024K)]
  0x000002bae5946440 JavaThread "Thread-5"                   daemon [_thread_in_native, id=20828, stack(0x000000e1a6300000,0x000000e1a6400000) (1024K)]
  0x000002bae5945090 JavaThread "Thread-6"                   daemon [_thread_in_native, id=18312, stack(0x000000e1a6400000,0x000000e1a6500000) (1024K)]
  0x000002bae5943650 JavaThread "Thread-7"                   daemon [_thread_in_native, id=3748, stack(0x000000e1a6500000,0x000000e1a6600000) (1024K)]
  0x000002bae5944370 JavaThread "Thread-8"                   daemon [_thread_in_native, id=2448, stack(0x000000e1a6600000,0x000000e1a6700000) (1024K)]
  0x000002bae5945720 JavaThread "Thread-9"                   daemon [_thread_in_native, id=27132, stack(0x000000e1a6700000,0x000000e1a6800000) (1024K)]
  0x000002bae61bb460 JavaThread "Thread-10"                  daemon [_thread_in_native, id=15268, stack(0x000000e1a6800000,0x000000e1a6900000) (1024K)]
  0x000002bae61ba0b0 JavaThread "Thread-11"                  daemon [_thread_in_native, id=27800, stack(0x000000e1a6900000,0x000000e1a6a00000) (1024K)]
  0x000002bae61bbaf0 JavaThread "Thread-12"                  daemon [_thread_in_native, id=26836, stack(0x000000e1a6a00000,0x000000e1a6b00000) (1024K)]
  0x000002bae61bd530 JavaThread "Thread-13"                  daemon [_thread_in_native, id=14452, stack(0x000000e1a6b00000,0x000000e1a6c00000) (1024K)]
  0x000002bae61bcea0 JavaThread "Thread-14"                  daemon [_thread_in_native, id=24560, stack(0x000000e1a6c00000,0x000000e1a6d00000) (1024K)]
  0x000002bae61bdbc0 JavaThread "pool-2-thread-1"                   [_thread_blocked, id=19252, stack(0x000000e1a6d00000,0x000000e1a6e00000) (1024K)]
  0x000002bae61ba740 JavaThread "Worker-2"                          [_thread_blocked, id=5308, stack(0x000000e1a6e00000,0x000000e1a6f00000) (1024K)]
  0x000002bae61badd0 JavaThread "WorkspaceEventsHandler"            [_thread_blocked, id=6860, stack(0x000000e1a6f00000,0x000000e1a7000000) (1024K)]
  0x000002bae61c1040 JavaThread "pool-1-thread-1"                   [_thread_blocked, id=11548, stack(0x000000e1a7000000,0x000000e1a7100000) (1024K)]
  0x000002bae61be250 JavaThread "Worker-3"                          [_thread_blocked, id=22844, stack(0x000000e1a7100000,0x000000e1a7200000) (1024K)]
  0x000002bae61bef70 JavaThread "ForkJoinPool.commonPool-worker-1" daemon [_thread_in_native, id=20988, stack(0x000000e1a7200000,0x000000e1a7300000) (1024K)]
  0x000002bae61bf600 JavaThread "ForkJoinPool.commonPool-worker-2" daemon [_thread_blocked, id=23588, stack(0x000000e1a7300000,0x000000e1a7400000) (1024K)]
  0x000002bae75adf10 JavaThread "C2 CompilerThread2"         daemon [_thread_blocked, id=5052, stack(0x000000e1a7400000,0x000000e1a7500000) (1024K)]
Total: 42

Other Threads:
  0x000002ba9d434b10 VMThread "VM Thread"                           [id=19856, stack(0x000000e1a4000000,0x000000e1a4100000) (1024K)]
  0x000002ba9d32cb20 WatcherThread "VM Periodic Task Thread"        [id=4744, stack(0x000000e1a3f00000,0x000000e1a4000000) (1024K)]
  0x000002ba869f64d0 WorkerThread "GC Thread#0"                     [id=25560, stack(0x000000e1a3e00000,0x000000e1a3f00000) (1024K)]
  0x000002bae539a040 WorkerThread "GC Thread#1"                     [id=2864, stack(0x000000e1a4d00000,0x000000e1a4e00000) (1024K)]
  0x000002bae5a6e060 WorkerThread "GC Thread#2"                     [id=11488, stack(0x000000e1a4e00000,0x000000e1a4f00000) (1024K)]
  0x000002bae5a6e400 WorkerThread "GC Thread#3"                     [id=15028, stack(0x000000e1a4f00000,0x000000e1a5000000) (1024K)]
  0x000002bae5a6e7a0 WorkerThread "GC Thread#4"                     [id=11312, stack(0x000000e1a5000000,0x000000e1a5100000) (1024K)]
  0x000002bae5a6eb40 WorkerThread "GC Thread#5"                     [id=26004, stack(0x000000e1a5100000,0x000000e1a5200000) (1024K)]
  0x000002bae539e630 WorkerThread "GC Thread#6"                     [id=16668, stack(0x000000e1a5200000,0x000000e1a5300000) (1024K)]
  0x000002bae52ebe10 WorkerThread "GC Thread#7"                     [id=19588, stack(0x000000e1a5400000,0x000000e1a5500000) (1024K)]
  0x000002bae52eabf0 WorkerThread "GC Thread#8"                     [id=28008, stack(0x000000e1a5a00000,0x000000e1a5b00000) (1024K)]
  0x000002bae52eaf90 WorkerThread "GC Thread#9"                     [id=7312, stack(0x000000e1a5b00000,0x000000e1a5c00000) (1024K)]
Total: 12

Threads with active compile tasks:
C2 CompilerThread0  12079 4551   !   4       org.eclipse.osgi.internal.loader.classpath.ClasspathManager::findLocalClass (210 bytes)
Total: 1

VM state: not at safepoint (normal execution)

VM Mutex/Monitor currently owned by a thread: None

Heap address: 0x0000000080000000, size: 2048 MB, Compressed Oops mode: 32-bit

CDS archive(s) mapped at: [0x000002ba9e000000-0x000002ba9eba0000-0x000002ba9eba0000), size 12189696, SharedBaseAddress: 0x000002ba9e000000, ArchiveRelocationMode: 1.
Compressed class space mapped at: 0x000002ba9f000000-0x000002badf000000, reserved size: 1073741824
Narrow klass base: 0x000002ba9e000000, Narrow klass shift: 0, Narrow klass range: 0x100000000

GC Precious Log:
 CardTable entry size: 512
 CPUs: 12 total, 12 available
 Memory: 15693M
 Large Page Support: Disabled
 NUMA Support: Disabled
 Compressed Oops: Enabled (32-bit)
 Alignments: Space 512K, Generation 512K, Heap 2M
 Heap Min Capacity: 100M
 Heap Initial Capacity: 100M
 Heap Max Capacity: 2G
 Pre-touch: Disabled
 Parallel Workers: 10

Heap:
 PSYoungGen      total 23040K, used 18549K [0x00000000d5580000, 0x00000000d6e00000, 0x0000000100000000)
  eden space 20992K, 80% used [0x00000000d5580000,0x00000000d66157d0,0x00000000d6a00000)
  from space 2048K, 76% used [0x00000000d6a00000,0x00000000d6b88000,0x00000000d6c00000)
  to   space 2048K, 0% used [0x00000000d6c00000,0x00000000d6c00000,0x00000000d6e00000)
 ParOldGen       total 68608K, used 28093K [0x0000000080000000, 0x0000000084300000, 0x00000000d5580000)
  object space 68608K, 40% used [0x0000000080000000,0x0000000081b6f498,0x0000000084300000)
 Metaspace       used 34816K, committed 35840K, reserved 1114112K
  class space    used 3579K, committed 4032K, reserved 1048576K

Card table byte_map: [0x000002ba86360000,0x000002ba86770000] _byte_map_base: 0x000002ba85f60000

Marking Bits: (ParMarkBitMap*) 0x00007ffc0136a340
 Begin Bits: [0x000002ba98e50000, 0x000002ba9ae50000)
 End Bits:   [0x000002ba9ae50000, 0x000002ba9ce50000)

Polling page: 0x000002ba84890000

Metaspace:

Usage:
  Non-class:     30.50 MB used.
      Class:      3.50 MB used.
       Both:     34.00 MB used.

Virtual space:
  Non-class space:       64.00 MB reserved,      31.06 MB ( 49%) committed,  1 nodes.
      Class space:        1.00 GB reserved,       3.94 MB ( <1%) committed,  1 nodes.
             Both:        1.06 GB reserved,      35.00 MB (  3%) committed. 

Chunk freelists:
   Non-Class:  672.00 KB
       Class:  12.08 MB
        Both:  12.73 MB

MaxMetaspaceSize: unlimited
CompressedClassSpaceSize: 1.00 GB
Initial GC threshold: 21.00 MB
Current GC threshold: 35.00 MB
CDS: on
 - commit_granule_bytes: 65536.
 - commit_granule_words: 8192.
 - virtual_space_node_default_size: 8388608.
 - enlarge_chunks_in_place: 1.
 - use_allocation_guard: 0.


Internal statistics:

num_allocs_failed_limit: 3.
num_arena_births: 768.
num_arena_deaths: 14.
num_vsnodes_births: 2.
num_vsnodes_deaths: 0.
num_space_committed: 560.
num_space_uncommitted: 0.
num_chunks_returned_to_freelist: 17.
num_chunks_taken_from_freelist: 2213.
num_chunk_merges: 9.
num_chunk_splits: 1409.
num_chunks_enlarged: 850.
num_inconsistent_stats: 0.

CodeHeap 'non-profiled nmethods': size=120000Kb used=2453Kb max_used=2453Kb free=117546Kb
 bounds [0x000002ba91670000, 0x000002ba918e0000, 0x000002ba98ba0000]
CodeHeap 'profiled nmethods': size=120000Kb used=9378Kb max_used=9378Kb free=110621Kb
 bounds [0x000002ba89ba0000, 0x000002ba8a4d0000, 0x000002ba910d0000]
CodeHeap 'non-nmethods': size=5760Kb used=1364Kb max_used=1399Kb free=4395Kb
 bounds [0x000002ba910d0000, 0x000002ba91340000, 0x000002ba91670000]
CodeCache: size=245760Kb, used=13195Kb, max_used=13230Kb, free=232562Kb
 total_blobs=5279, nmethods=4616, adapters=569, full_count=0
Compilation: enabled, stopped_count=0, restarted_count=0

Compilation events (20 events):
Event: 11.976 Thread 0x000002badf6bb5e0 nmethod 4598 0x000002ba8a4c0410 code [0x000002ba8a4c06a0, 0x000002ba8a4c0fa0]
Event: 11.976 Thread 0x000002badf6bb5e0 4600       1       java.net.URI::getRawPath (5 bytes)
Event: 11.976 Thread 0x000002badf6bb5e0 nmethod 4600 0x000002ba918ca610 code [0x000002ba918ca7a0, 0x000002ba918ca868]
Event: 11.976 Thread 0x000002badf6bb5e0 4601       1       java.net.URI::getPort (5 bytes)
Event: 11.976 Thread 0x000002badf6bb5e0 nmethod 4601 0x000002ba918ca910 code [0x000002ba918caaa0, 0x000002ba918cab68]
Event: 11.976 Thread 0x000002badf6bb5e0 4599       1       sun.net.www.protocol.jar.JarURLConnection::access$000 (5 bytes)
Event: 11.976 Thread 0x000002badf6bb5e0 nmethod 4599 0x000002ba918cac10 code [0x000002ba918cada0, 0x000002ba918cae50]
Event: 11.983 Thread 0x000002badf6bb5e0 4605       3       java.net.URI::<init> (23 bytes)
Event: 11.984 Thread 0x000002badf6bb5e0 nmethod 4605 0x000002ba8a4c1390 code [0x000002ba8a4c1560, 0x000002ba8a4c1888]
Event: 11.987 Thread 0x000002badf917da0 nmethod 4604% 0x000002ba918caf10 code [0x000002ba918cb100, 0x000002ba918cbc48]
Event: 11.989 Thread 0x000002badf917da0 4606       4       lombok.launch.PackageShader::apply (252 bytes)
Event: 11.994 Thread 0x000002bae75adf10 nmethod 4588 0x000002ba918cc390 code [0x000002ba918cc7a0, 0x000002ba918cf128]
Event: 12.017 Thread 0x000002bae75adf10 4607       4       java.io.WinNTFileSystem::normalize (143 bytes)
Event: 12.021 Thread 0x000002bae75adf10 nmethod 4607 0x000002ba918d1790 code [0x000002ba918d1960, 0x000002ba918d1c20]
Event: 12.030 Thread 0x000002badf6bb5e0 4608   !   3       java.net.URL::of (255 bytes)
Event: 12.031 Thread 0x000002badf6bb5e0 nmethod 4608 0x000002ba8a4c1a10 code [0x000002ba8a4c1e60, 0x000002ba8a4c3918]
Event: 12.038 Thread 0x000002badf6bb5e0 4609       3       java.net.URI::appendFragment (27 bytes)
Event: 12.039 Thread 0x000002badf6bb5e0 nmethod 4609 0x000002ba8a4c4410 code [0x000002ba8a4c45e0, 0x000002ba8a4c48b8]
Event: 12.042 Thread 0x000002badf6bb5e0 4610       3       java.util.Arrays::copyOf (33 bytes)
Event: 12.042 Thread 0x000002badf6bb5e0 nmethod 4610 0x000002ba8a4c4a10 code [0x000002ba8a4c4c00, 0x000002ba8a4c50e8]

GC Heap History (20 events):
Event: 10.578 GC heap before
{Heap before GC invocations=9 (full 1):
 PSYoungGen      total 27136K, used 27027K [0x00000000d5580000, 0x00000000d7480000, 0x0000000100000000)
  eden space 24576K, 100% used [0x00000000d5580000,0x00000000d6d80000,0x00000000d6d80000)
  from space 2560K, 95% used [0x00000000d6e00000,0x00000000d7064cf0,0x00000000d7080000)
  to   space 3584K, 0% used [0x00000000d7100000,0x00000000d7100000,0x00000000d7480000)
 ParOldGen       total 68608K, used 8631K [0x0000000080000000, 0x0000000084300000, 0x00000000d5580000)
  object space 68608K, 12% used [0x0000000080000000,0x000000008086dd80,0x0000000084300000)
 Metaspace       used 26616K, committed 27456K, reserved 1114112K
  class space    used 2628K, committed 3008K, reserved 1048576K
}
Event: 10.581 GC heap after
{Heap after GC invocations=9 (full 1):
 PSYoungGen      total 26624K, used 3562K [0x00000000d5580000, 0x00000000d7780000, 0x0000000100000000)
  eden space 23040K, 0% used [0x00000000d5580000,0x00000000d5580000,0x00000000d6c00000)
  from space 3584K, 99% used [0x00000000d7100000,0x00000000d747a850,0x00000000d7480000)
  to   space 5120K, 0% used [0x00000000d6c00000,0x00000000d6c00000,0x00000000d7100000)
 ParOldGen       total 68608K, used 9612K [0x0000000080000000, 0x0000000084300000, 0x00000000d5580000)
  object space 68608K, 14% used [0x0000000080000000,0x0000000080963290,0x0000000084300000)
 Metaspace       used 26616K, committed 27456K, reserved 1114112K
  class space    used 2628K, committed 3008K, reserved 1048576K
}
Event: 10.842 GC heap before
{Heap before GC invocations=10 (full 1):
 PSYoungGen      total 26624K, used 26602K [0x00000000d5580000, 0x00000000d7780000, 0x0000000100000000)
  eden space 23040K, 100% used [0x00000000d5580000,0x00000000d6c00000,0x00000000d6c00000)
  from space 3584K, 99% used [0x00000000d7100000,0x00000000d747a850,0x00000000d7480000)
  to   space 5120K, 0% used [0x00000000d6c00000,0x00000000d6c00000,0x00000000d7100000)
 ParOldGen       total 68608K, used 9616K [0x0000000080000000, 0x0000000084300000, 0x00000000d5580000)
  object space 68608K, 14% used [0x0000000080000000,0x00000000809641c8,0x0000000084300000)
 Metaspace       used 29673K, committed 30528K, reserved 1114112K
  class space    used 2971K, committed 3328K, reserved 1048576K
}
Event: 10.846 GC heap after
{Heap after GC invocations=10 (full 1):
 PSYoungGen      total 27648K, used 4929K [0x00000000d5580000, 0x00000000d7580000, 0x0000000100000000)
  eden space 22528K, 0% used [0x00000000d5580000,0x00000000d5580000,0x00000000d6b80000)
  from space 5120K, 96% used [0x00000000d6c00000,0x00000000d70d0780,0x00000000d7100000)
  to   space 4608K, 0% used [0x00000000d7100000,0x00000000d7100000,0x00000000d7580000)
 ParOldGen       total 68608K, used 9624K [0x0000000080000000, 0x0000000084300000, 0x00000000d5580000)
  object space 68608K, 14% used [0x0000000080000000,0x00000000809661c8,0x0000000084300000)
 Metaspace       used 29673K, committed 30528K, reserved 1114112K
  class space    used 2971K, committed 3328K, reserved 1048576K
}
Event: 11.204 GC heap before
{Heap before GC invocations=11 (full 1):
 PSYoungGen      total 27648K, used 27457K [0x00000000d5580000, 0x00000000d7580000, 0x0000000100000000)
  eden space 22528K, 100% used [0x00000000d5580000,0x00000000d6b80000,0x00000000d6b80000)
  from space 5120K, 96% used [0x00000000d6c00000,0x00000000d70d0780,0x00000000d7100000)
  to   space 4608K, 0% used [0x00000000d7100000,0x00000000d7100000,0x00000000d7580000)
 ParOldGen       total 68608K, used 9624K [0x0000000080000000, 0x0000000084300000, 0x00000000d5580000)
  object space 68608K, 14% used [0x0000000080000000,0x00000000809661c8,0x0000000084300000)
 Metaspace       used 31829K, committed 32768K, reserved 1114112K
  class space    used 3211K, committed 3648K, reserved 1048576K
}
Event: 11.208 GC heap after
{Heap after GC invocations=11 (full 1):
 PSYoungGen      total 25088K, used 3006K [0x00000000d5580000, 0x00000000d7400000, 0x0000000100000000)
  eden space 22016K, 0% used [0x00000000d5580000,0x00000000d5580000,0x00000000d6b00000)
  from space 3072K, 97% used [0x00000000d7100000,0x00000000d73efb28,0x00000000d7400000)
  to   space 4096K, 0% used [0x00000000d6c00000,0x00000000d6c00000,0x00000000d7000000)
 ParOldGen       total 68608K, used 13093K [0x0000000080000000, 0x0000000084300000, 0x00000000d5580000)
  object space 68608K, 19% used [0x0000000080000000,0x0000000080cc9578,0x0000000084300000)
 Metaspace       used 31829K, committed 32768K, reserved 1114112K
  class space    used 3211K, committed 3648K, reserved 1048576K
}
Event: 11.259 GC heap before
{Heap before GC invocations=12 (full 1):
 PSYoungGen      total 25088K, used 25022K [0x00000000d5580000, 0x00000000d7400000, 0x0000000100000000)
  eden space 22016K, 100% used [0x00000000d5580000,0x00000000d6b00000,0x00000000d6b00000)
  from space 3072K, 97% used [0x00000000d7100000,0x00000000d73efb28,0x00000000d7400000)
  to   space 4096K, 0% used [0x00000000d6c00000,0x00000000d6c00000,0x00000000d7000000)
 ParOldGen       total 68608K, used 13093K [0x0000000080000000, 0x0000000084300000, 0x00000000d5580000)
  object space 68608K, 19% used [0x0000000080000000,0x0000000080cc9578,0x0000000084300000)
 Metaspace       used 31832K, committed 32768K, reserved 1114112K
  class space    used 3211K, committed 3648K, reserved 1048576K
}
Event: 11.263 GC heap after
{Heap after GC invocations=12 (full 1):
 PSYoungGen      total 24576K, used 2048K [0x00000000d5580000, 0x00000000d7180000, 0x0000000100000000)
  eden space 22016K, 0% used [0x00000000d5580000,0x00000000d5580000,0x00000000d6b00000)
  from space 2560K, 80% used [0x00000000d6c00000,0x00000000d6e00010,0x00000000d6e80000)
  to   space 2560K, 0% used [0x00000000d6f00000,0x00000000d6f00000,0x00000000d7180000)
 ParOldGen       total 68608K, used 15932K [0x0000000080000000, 0x0000000084300000, 0x00000000d5580000)
  object space 68608K, 23% used [0x0000000080000000,0x0000000080f8f188,0x0000000084300000)
 Metaspace       used 31832K, committed 32768K, reserved 1114112K
  class space    used 3211K, committed 3648K, reserved 1048576K
}
Event: 11.353 GC heap before
{Heap before GC invocations=13 (full 1):
 PSYoungGen      total 24576K, used 24064K [0x00000000d5580000, 0x00000000d7180000, 0x0000000100000000)
  eden space 22016K, 100% used [0x00000000d5580000,0x00000000d6b00000,0x00000000d6b00000)
  from space 2560K, 80% used [0x00000000d6c00000,0x00000000d6e00010,0x00000000d6e80000)
  to   space 2560K, 0% used [0x00000000d6f00000,0x00000000d6f00000,0x00000000d7180000)
 ParOldGen       total 68608K, used 15932K [0x0000000080000000, 0x0000000084300000, 0x00000000d5580000)
  object space 68608K, 23% used [0x0000000080000000,0x0000000080f8f188,0x0000000084300000)
 Metaspace       used 32277K, committed 33344K, reserved 1114112K
  class space    used 3284K, committed 3776K, reserved 1048576K
}
Event: 11.356 GC heap after
{Heap after GC invocations=13 (full 1):
 PSYoungGen      total 23552K, used 2530K [0x00000000d5580000, 0x00000000d7500000, 0x0000000100000000)
  eden space 20992K, 0% used [0x00000000d5580000,0x00000000d5580000,0x00000000d6a00000)
  from space 2560K, 98% used [0x00000000d6f00000,0x00000000d7178860,0x00000000d7180000)
  to   space 5120K, 0% used [0x00000000d6a00000,0x00000000d6a00000,0x00000000d6f00000)
 ParOldGen       total 68608K, used 17884K [0x0000000080000000, 0x0000000084300000, 0x00000000d5580000)
  object space 68608K, 26% used [0x0000000080000000,0x0000000081177188,0x0000000084300000)
 Metaspace       used 32277K, committed 33344K, reserved 1114112K
  class space    used 3284K, committed 3776K, reserved 1048576K
}
Event: 11.411 GC heap before
{Heap before GC invocations=14 (full 1):
 PSYoungGen      total 23552K, used 23522K [0x00000000d5580000, 0x00000000d7500000, 0x0000000100000000)
  eden space 20992K, 100% used [0x00000000d5580000,0x00000000d6a00000,0x00000000d6a00000)
  from space 2560K, 98% used [0x00000000d6f00000,0x00000000d7178860,0x00000000d7180000)
  to   space 5120K, 0% used [0x00000000d6a00000,0x00000000d6a00000,0x00000000d6f00000)
 ParOldGen       total 68608K, used 17884K [0x0000000080000000, 0x0000000084300000, 0x00000000d5580000)
  object space 68608K, 26% used [0x0000000080000000,0x0000000081177188,0x0000000084300000)
 Metaspace       used 32303K, committed 33344K, reserved 1114112K
  class space    used 3285K, committed 3776K, reserved 1048576K
}
Event: 11.417 GC heap after
{Heap after GC invocations=14 (full 1):
 PSYoungGen      total 23552K, used 2144K [0x00000000d5580000, 0x00000000d7000000, 0x0000000100000000)
  eden space 20992K, 0% used [0x00000000d5580000,0x00000000d5580000,0x00000000d6a00000)
  from space 2560K, 83% used [0x00000000d6a00000,0x00000000d6c18000,0x00000000d6c80000)
  to   space 3072K, 0% used [0x00000000d6d00000,0x00000000d6d00000,0x00000000d7000000)
 ParOldGen       total 68608K, used 20315K [0x0000000080000000, 0x0000000084300000, 0x00000000d5580000)
  object space 68608K, 29% used [0x0000000080000000,0x00000000813d6d60,0x0000000084300000)
 Metaspace       used 32303K, committed 33344K, reserved 1114112K
  class space    used 3285K, committed 3776K, reserved 1048576K
}
Event: 11.462 GC heap before
{Heap before GC invocations=15 (full 1):
 PSYoungGen      total 23552K, used 23136K [0x00000000d5580000, 0x00000000d7000000, 0x0000000100000000)
  eden space 20992K, 100% used [0x00000000d5580000,0x00000000d6a00000,0x00000000d6a00000)
  from space 2560K, 83% used [0x00000000d6a00000,0x00000000d6c18000,0x00000000d6c80000)
  to   space 3072K, 0% used [0x00000000d6d00000,0x00000000d6d00000,0x00000000d7000000)
 ParOldGen       total 68608K, used 20315K [0x0000000080000000, 0x0000000084300000, 0x00000000d5580000)
  object space 68608K, 29% used [0x0000000080000000,0x00000000813d6d60,0x0000000084300000)
 Metaspace       used 32312K, committed 33344K, reserved 1114112K
  class space    used 3285K, committed 3776K, reserved 1048576K
}
Event: 11.466 GC heap after
{Heap after GC invocations=15 (full 1):
 PSYoungGen      total 23552K, used 2084K [0x00000000d5580000, 0x00000000d6f80000, 0x0000000100000000)
  eden space 20992K, 0% used [0x00000000d5580000,0x00000000d5580000,0x00000000d6a00000)
  from space 2560K, 81% used [0x00000000d6d00000,0x00000000d6f09000,0x00000000d6f80000)
  to   space 2560K, 0% used [0x00000000d6a00000,0x00000000d6a00000,0x00000000d6c80000)
 ParOldGen       total 68608K, used 22302K [0x0000000080000000, 0x0000000084300000, 0x00000000d5580000)
  object space 68608K, 32% used [0x0000000080000000,0x00000000815c7a70,0x0000000084300000)
 Metaspace       used 32312K, committed 33344K, reserved 1114112K
  class space    used 3285K, committed 3776K, reserved 1048576K
}
Event: 11.531 GC heap before
{Heap before GC invocations=16 (full 1):
 PSYoungGen      total 23552K, used 23076K [0x00000000d5580000, 0x00000000d6f80000, 0x0000000100000000)
  eden space 20992K, 100% used [0x00000000d5580000,0x00000000d6a00000,0x00000000d6a00000)
  from space 2560K, 81% used [0x00000000d6d00000,0x00000000d6f09000,0x00000000d6f80000)
  to   space 2560K, 0% used [0x00000000d6a00000,0x00000000d6a00000,0x00000000d6c80000)
 ParOldGen       total 68608K, used 22302K [0x0000000080000000, 0x0000000084300000, 0x00000000d5580000)
  object space 68608K, 32% used [0x0000000080000000,0x00000000815c7a70,0x0000000084300000)
 Metaspace       used 32370K, committed 33408K, reserved 1114112K
  class space    used 3288K, committed 3776K, reserved 1048576K
}
Event: 11.534 GC heap after
{Heap after GC invocations=16 (full 1):
 PSYoungGen      total 23552K, used 2208K [0x00000000d5580000, 0x00000000d6f00000, 0x0000000100000000)
  eden space 20992K, 0% used [0x00000000d5580000,0x00000000d5580000,0x00000000d6a00000)
  from space 2560K, 86% used [0x00000000d6a00000,0x00000000d6c28010,0x00000000d6c80000)
  to   space 2560K, 0% used [0x00000000d6c80000,0x00000000d6c80000,0x00000000d6f00000)
 ParOldGen       total 68608K, used 24196K [0x0000000080000000, 0x0000000084300000, 0x00000000d5580000)
  object space 68608K, 35% used [0x0000000080000000,0x00000000817a1288,0x0000000084300000)
 Metaspace       used 32370K, committed 33408K, reserved 1114112K
  class space    used 3288K, committed 3776K, reserved 1048576K
}
Event: 11.586 GC heap before
{Heap before GC invocations=17 (full 1):
 PSYoungGen      total 23552K, used 23200K [0x00000000d5580000, 0x00000000d6f00000, 0x0000000100000000)
  eden space 20992K, 100% used [0x00000000d5580000,0x00000000d6a00000,0x00000000d6a00000)
  from space 2560K, 86% used [0x00000000d6a00000,0x00000000d6c28010,0x00000000d6c80000)
  to   space 2560K, 0% used [0x00000000d6c80000,0x00000000d6c80000,0x00000000d6f00000)
 ParOldGen       total 68608K, used 24196K [0x0000000080000000, 0x0000000084300000, 0x00000000d5580000)
  object space 68608K, 35% used [0x0000000080000000,0x00000000817a1288,0x0000000084300000)
 Metaspace       used 32488K, committed 33472K, reserved 1114112K
  class space    used 3296K, committed 3776K, reserved 1048576K
}
Event: 11.590 GC heap after
{Heap after GC invocations=17 (full 1):
 PSYoungGen      total 23552K, used 1976K [0x00000000d5580000, 0x00000000d6f00000, 0x0000000100000000)
  eden space 20992K, 0% used [0x00000000d5580000,0x00000000d5580000,0x00000000d6a00000)
  from space 2560K, 77% used [0x00000000d6c80000,0x00000000d6e6e200,0x00000000d6f00000)
  to   space 2560K, 0% used [0x00000000d6a00000,0x00000000d6a00000,0x00000000d6c80000)
 ParOldGen       total 68608K, used 26284K [0x0000000080000000, 0x0000000084300000, 0x00000000d5580000)
  object space 68608K, 38% used [0x0000000080000000,0x00000000819ab298,0x0000000084300000)
 Metaspace       used 32488K, committed 33472K, reserved 1114112K
  class space    used 3296K, committed 3776K, reserved 1048576K
}
Event: 11.740 GC heap before
{Heap before GC invocations=18 (full 1):
 PSYoungGen      total 23552K, used 22965K [0x00000000d5580000, 0x00000000d6f00000, 0x0000000100000000)
  eden space 20992K, 99% used [0x00000000d5580000,0x00000000d69ff228,0x00000000d6a00000)
  from space 2560K, 77% used [0x00000000d6c80000,0x00000000d6e6e200,0x00000000d6f00000)
  to   space 2560K, 0% used [0x00000000d6a00000,0x00000000d6a00000,0x00000000d6c80000)
 ParOldGen       total 68608K, used 26284K [0x0000000080000000, 0x0000000084300000, 0x00000000d5580000)
  object space 68608K, 38% used [0x0000000080000000,0x00000000819ab298,0x0000000084300000)
 Metaspace       used 33178K, committed 34176K, reserved 1114112K
  class space    used 3381K, committed 3840K, reserved 1048576K
}
Event: 11.744 GC heap after
{Heap after GC invocations=18 (full 1):
 PSYoungGen      total 23040K, used 1568K [0x00000000d5580000, 0x00000000d6e00000, 0x0000000100000000)
  eden space 20992K, 0% used [0x00000000d5580000,0x00000000d5580000,0x00000000d6a00000)
  from space 2048K, 76% used [0x00000000d6a00000,0x00000000d6b88000,0x00000000d6c00000)
  to   space 2048K, 0% used [0x00000000d6c00000,0x00000000d6c00000,0x00000000d6e00000)
 ParOldGen       total 68608K, used 28093K [0x0000000080000000, 0x0000000084300000, 0x00000000d5580000)
  object space 68608K, 40% used [0x0000000080000000,0x0000000081b6f498,0x0000000084300000)
 Metaspace       used 33178K, committed 34176K, reserved 1114112K
  class space    used 3381K, committed 3840K, reserved 1048576K
}

Dll operation events (10 events):
Event: 0.096 Loaded shared library c:\Users\Astha\.vscode\extensions\redhat.java-1.44.0-win32-x64\jre\21.0.8-win32-x86_64\bin\java.dll
Event: 0.272 Loaded shared library c:\Users\Astha\.vscode\extensions\redhat.java-1.44.0-win32-x64\jre\21.0.8-win32-x86_64\bin\zip.dll
Event: 0.307 Loaded shared library C:\Users\Astha\.vscode\extensions\redhat.java-1.44.0-win32-x64\jre\21.0.8-win32-x86_64\bin\instrument.dll
Event: 0.318 Loaded shared library C:\Users\Astha\.vscode\extensions\redhat.java-1.44.0-win32-x64\jre\21.0.8-win32-x86_64\bin\net.dll
Event: 0.325 Loaded shared library C:\Users\Astha\.vscode\extensions\redhat.java-1.44.0-win32-x64\jre\21.0.8-win32-x86_64\bin\nio.dll
Event: 0.331 Loaded shared library C:\Users\Astha\.vscode\extensions\redhat.java-1.44.0-win32-x64\jre\21.0.8-win32-x86_64\bin\zip.dll
Event: 0.362 Loaded shared library C:\Users\Astha\.vscode\extensions\redhat.java-1.44.0-win32-x64\jre\21.0.8-win32-x86_64\bin\jimage.dll
Event: 0.488 Loaded shared library c:\Users\Astha\.vscode\extensions\redhat.java-1.44.0-win32-x64\jre\21.0.8-win32-x86_64\bin\verify.dll
Event: 8.159 Loaded shared library C:\Users\Astha\AppData\Roaming\Code\User\globalStorage\redhat.java\1.44.0\config_ss_win\org.eclipse.equinox.launcher\org.eclipse.equinox.launcher.win32.win32.x86_64_1.2.1400.v20250730-1736\eclipse_11913.dll
Event: 9.229 Loaded shared library C:\Users\Astha\AppData\Local\Temp\jna-63569627\jna12954049310314029752.dll

Deoptimization events (20 events):
Event: 11.703 Thread 0x000002bae61bf600 DEOPT PACKING pc=0x000002ba8a450726 sp=0x000000e1a73fdbf0
Event: 11.703 Thread 0x000002bae61bf600 DEOPT UNPACKING pc=0x000002ba91124242 sp=0x000000e1a73fd0e0 mode 0
Event: 11.704 Thread 0x000002bae61bef70 DEOPT PACKING pc=0x000002ba8a450726 sp=0x000000e1a72fdbb0
Event: 11.704 Thread 0x000002bae61bef70 DEOPT UNPACKING pc=0x000002ba91124242 sp=0x000000e1a72fd0a0 mode 0
Event: 11.836 Thread 0x000002bae61c1040 DEOPT PACKING pc=0x000002ba89c43b78 sp=0x000000e1a70f8d90
Event: 11.837 Thread 0x000002bae61c1040 DEOPT UNPACKING pc=0x000002ba91124242 sp=0x000000e1a70f8278 mode 0
Event: 11.901 Thread 0x000002bae61c1040 Uncommon trap: trap_request=0xffffff45 fr.pc=0x000002ba918b819c relative=0x0000000000000e3c
Event: 11.901 Thread 0x000002bae61c1040 Uncommon trap: reason=unstable_if action=reinterpret pc=0x000002ba918b819c method=java.util.Properties$LineReader.readLine()I @ 182 c2
Event: 11.901 Thread 0x000002bae61c1040 DEOPT PACKING pc=0x000002ba918b819c sp=0x000000e1a70fc370
Event: 11.901 Thread 0x000002bae61c1040 DEOPT UNPACKING pc=0x000002ba91123aa2 sp=0x000000e1a70fc300 mode 2
Event: 11.989 Thread 0x000002bae61bef70 DEOPT PACKING pc=0x000002ba8a0f5f8d sp=0x000000e1a72fcc10
Event: 11.989 Thread 0x000002bae61bef70 DEOPT UNPACKING pc=0x000002ba91124242 sp=0x000000e1a72fc0c0 mode 0
Event: 11.995 Thread 0x000002bae61bef70 DEOPT PACKING pc=0x000002ba8a0f5f8d sp=0x000000e1a72fcb40
Event: 11.995 Thread 0x000002bae61bef70 DEOPT UNPACKING pc=0x000002ba91124242 sp=0x000000e1a72fbff0 mode 0
Event: 12.011 Thread 0x000002bae61bef70 DEOPT PACKING pc=0x000002ba8a0f5f8d sp=0x000000e1a72f9240
Event: 12.011 Thread 0x000002bae61bef70 DEOPT UNPACKING pc=0x000002ba91124242 sp=0x000000e1a72f86f0 mode 0
Event: 12.030 Thread 0x000002bae61bef70 DEOPT PACKING pc=0x000002ba8a0f5f8d sp=0x000000e1a72f9240
Event: 12.030 Thread 0x000002bae61bef70 DEOPT UNPACKING pc=0x000002ba91124242 sp=0x000000e1a72f86f0 mode 0
Event: 12.048 Thread 0x000002bae61bef70 DEOPT PACKING pc=0x000002ba8a0f5f8d sp=0x000000e1a72f9240
Event: 12.048 Thread 0x000002bae61bef70 DEOPT UNPACKING pc=0x000002ba91124242 sp=0x000000e1a72f86f0 mode 0

Classes loaded (20 events):
Event: 11.175 Loading class java/lang/invoke/MethodHandleImpl$Makers$2
Event: 11.175 Loading class java/lang/invoke/MethodHandleImpl$Makers$2 done
Event: 11.175 Loading class java/lang/invoke/MethodHandleImpl$Makers$3
Event: 11.175 Loading class java/lang/invoke/MethodHandleImpl$Makers$3 done
Event: 11.179 Loading class java/lang/runtime/ObjectMethods$1
Event: 11.180 Loading class java/lang/runtime/ObjectMethods$1 done
Event: 11.293 Loading class java/lang/invoke/MethodHandleImpl$CountingWrapper
Event: 11.294 Loading class java/lang/invoke/MethodHandleImpl$CountingWrapper done
Event: 11.304 Loading class java/util/AbstractList$ListItr
Event: 11.304 Loading class java/util/AbstractList$ListItr done
Event: 11.317 Loading class java/nio/channels/Channels$ReadableByteChannelImpl
Event: 11.317 Loading class java/nio/channels/Channels$ReadableByteChannelImpl done
Event: 11.318 Loading class java/nio/channels/NonWritableChannelException
Event: 11.318 Loading class java/nio/channels/NonWritableChannelException done
Event: 11.487 Loading class java/lang/invoke/MethodHandleImpl$CountingWrapper$1
Event: 11.487 Loading class java/lang/invoke/MethodHandleImpl$CountingWrapper$1 done
Event: 11.706 Loading class java/lang/ExceptionInInitializerError
Event: 11.707 Loading class java/lang/ExceptionInInitializerError done
Event: 11.854 Loading class sun/misc/Unsafe
Event: 11.855 Loading class sun/misc/Unsafe done

Classes unloaded (7 events):
Event: 9.795 Thread 0x000002ba9d434b10 Unloading class 0x000002ba9f188c00 'java/lang/invoke/LambdaForm$MH+0x000002ba9f188c00'
Event: 9.795 Thread 0x000002ba9d434b10 Unloading class 0x000002ba9f188800 'java/lang/invoke/LambdaForm$MH+0x000002ba9f188800'
Event: 9.795 Thread 0x000002ba9d434b10 Unloading class 0x000002ba9f188400 'java/lang/invoke/LambdaForm$MH+0x000002ba9f188400'
Event: 9.795 Thread 0x000002ba9d434b10 Unloading class 0x000002ba9f188000 'java/lang/invoke/LambdaForm$MH+0x000002ba9f188000'
Event: 9.795 Thread 0x000002ba9d434b10 Unloading class 0x000002ba9f187c00 'java/lang/invoke/LambdaForm$BMH+0x000002ba9f187c00'
Event: 9.795 Thread 0x000002ba9d434b10 Unloading class 0x000002ba9f187800 'java/lang/invoke/LambdaForm$DMH+0x000002ba9f187800'
Event: 9.795 Thread 0x000002ba9d434b10 Unloading class 0x000002ba9f186400 'java/lang/invoke/LambdaForm$DMH+0x000002ba9f186400'

Classes redefined (0 events):
No events

Internal exceptions (20 events):
Event: 11.181 Thread 0x000002bae61c1040 Exception <a 'java/lang/NoSuchMethodError'{0x00000000d66d7558}: 'int java.lang.invoke.DirectMethodHandle$Holder.invokeStaticInit(java.lang.Object, long, long)'> (0x00000000d66d7558) 
thrown [s\src\hotspot\share\interpreter\linkResolver.cpp, line 773]
Event: 11.182 Thread 0x000002bae61c1040 Exception <a 'java/lang/NoSuchMethodError'{0x00000000d66de2a0}: 'int java.lang.invoke.DirectMethodHandle$Holder.invokeStaticInit(java.lang.Object, float, float)'> (0x00000000d66de2a0) 
thrown [s\src\hotspot\share\interpreter\linkResolver.cpp, line 773]
Event: 11.182 Thread 0x000002bae61c1040 Exception <a 'java/lang/NoSuchMethodError'{0x00000000d66e4fe0}: 'int java.lang.invoke.DirectMethodHandle$Holder.invokeStaticInit(java.lang.Object, double, double)'> (0x00000000d66e4fe0) 
thrown [s\src\hotspot\share\interpreter\linkResolver.cpp, line 773]
Event: 11.182 Thread 0x000002bae61c1040 Exception <a 'java/lang/NoSuchMethodError'{0x00000000d66e9830}: 'int java.lang.invoke.DirectMethodHandle$Holder.invokeStatic(java.lang.Object, long)'> (0x00000000d66e9830) 
thrown [s\src\hotspot\share\interpreter\linkResolver.cpp, line 773]
Event: 11.183 Thread 0x000002bae61bef70 Exception <a 'java/lang/NoSuchMethodError'{0x00000000d66d2090}: 'int java.lang.invoke.DirectMethodHandle$Holder.invokeSpecial(java.lang.Object, java.lang.Object, int, int)'> (0x00000000d66d2090) 
thrown [s\src\hotspot\share\interpreter\linkResolver.cpp, line 773]
Event: 11.185 Thread 0x000002bae61bef70 Exception <a 'java/lang/NoSuchMethodError'{0x00000000d67182e0}: 'int java.lang.invoke.Invokers$Holder.linkToTargetMethod(java.lang.Object, java.lang.Object)'> (0x00000000d67182e0) 
thrown [s\src\hotspot\share\interpreter\linkResolver.cpp, line 773]
Event: 11.185 Thread 0x000002bae61c1040 Exception <a 'java/lang/NoSuchMethodError'{0x00000000d671d0f8}: 'int java.lang.invoke.Invokers$Holder.linkToTargetMethod(java.lang.Object, java.lang.Object)'> (0x00000000d671d0f8) 
thrown [s\src\hotspot\share\interpreter\linkResolver.cpp, line 773]
Event: 11.185 Thread 0x000002bae61bf600 Exception <a 'java/lang/NoSuchMethodError'{0x00000000d6733ec0}: 'int java.lang.invoke.Invokers$Holder.linkToTargetMethod(java.lang.Object, java.lang.Object)'> (0x00000000d6733ec0) 
thrown [s\src\hotspot\share\interpreter\linkResolver.cpp, line 773]
Event: 11.291 Thread 0x000002bae61bf600 Exception <a 'java/lang/NoSuchMethodError'{0x00000000d5c63a20}: 'int java.lang.invoke.DirectMethodHandle$Holder.invokeSpecial(java.lang.Object, java.lang.Object, java.lang.Object, java.lang.Object)'> (0x00000000d5c63a20) 
thrown [s\src\hotspot\share\interpreter\linkResolver.cpp, line 773]
Event: 11.291 Thread 0x000002bae61c1040 Exception <a 'java/lang/NoSuchMethodError'{0x00000000d5c6c458}: 'int java.lang.invoke.DirectMethodHandle$Holder.invokeSpecial(java.lang.Object, java.lang.Object, java.lang.Object, java.lang.Object)'> (0x00000000d5c6c458) 
thrown [s\src\hotspot\share\interpreter\linkResolver.cpp, line 773]
Event: 11.293 Thread 0x000002bae61c1040 Exception <a 'java/lang/NoSuchMethodError'{0x00000000d5c79528}: 'java.lang.Object java.lang.invoke.DirectMethodHandle$Holder.invokeStatic(java.lang.Object, int, java.lang.Object, java.lang.Object)'> (0x00000000d5c79528) 
thrown [s\src\hotspot\share\interpreter\linkResolver.cpp, line 773]
Event: 11.293 Thread 0x000002bae61bf600 Exception <a 'java/lang/NoSuchMethodError'{0x00000000d5c99ca8}: 'java.lang.Object java.lang.invoke.DirectMethodHandle$Holder.invokeStatic(java.lang.Object, int, java.lang.Object, java.lang.Object)'> (0x00000000d5c99ca8) 
thrown [s\src\hotspot\share\interpreter\linkResolver.cpp, line 773]
Event: 11.293 Thread 0x000002bae61bf600 Exception <a 'java/lang/NoSuchMethodError'{0x00000000d5c9d758}: 'java.lang.Object java.lang.invoke.DelegatingMethodHandle$Holder.delegate(java.lang.Object, int, java.lang.Object, java.lang.Object)'> (0x00000000d5c9d758) 
thrown [s\src\hotspot\share\interpreter\linkResolver.cpp, line 773]
Event: 11.293 Thread 0x000002bae61c1040 Exception <a 'java/lang/NoSuchMethodError'{0x00000000d5c7cb20}: 'java.lang.Object java.lang.invoke.DelegatingMethodHandle$Holder.delegate(java.lang.Object, int, java.lang.Object, java.lang.Object)'> (0x00000000d5c7cb20) 
thrown [s\src\hotspot\share\interpreter\linkResolver.cpp, line 773]
Event: 11.296 Thread 0x000002bae61bf600 Implicit null exception at 0x000002ba9181e5f6 to 0x000002ba9181e92c
Event: 11.296 Thread 0x000002bae61c1040 Implicit null exception at 0x000002ba9181e5f6 to 0x000002ba9181e92c
Event: 11.297 Thread 0x000002bae61c1040 Exception <a 'java/lang/NoSuchMethodError'{0x00000000d5c8bbd0}: 'int java.lang.invoke.Invokers$Holder.linkToTargetMethod(java.lang.Object, java.lang.Object, java.lang.Object)'> (0x00000000d5c8bbd0) 
thrown [s\src\hotspot\share\interpreter\linkResolver.cpp, line 773]
Event: 11.297 Thread 0x000002bae61bf600 Exception <a 'java/lang/NoSuchMethodError'{0x00000000d5cb1670}: 'int java.lang.invoke.Invokers$Holder.linkToTargetMethod(java.lang.Object, java.lang.Object, java.lang.Object)'> (0x00000000d5cb1670) 
thrown [s\src\hotspot\share\interpreter\linkResolver.cpp, line 773]
Event: 11.934 Thread 0x000002bae61c1040 Exception <a 'java/lang/LinkageError'{0x00000000d5d0c0d0}: loader lombok.launch.ShadowClassLoader @50610190 attempted duplicate class definition for lombok.launch.PatchFixesHider$Transform. (lombok.launch.PatchFixesHider$Transform is in unnamed module of loader lombok.launch.ShadowClassLoader @50610190, parent loader org.eclipse.osgi.internal.loader.EquinoxClassLoader @49cabae4)> (0x00000000d5d0c0d0) 
thrown [s\src\hotspot\share\classfile\systemDictionary.cpp, line 1682]
Event: 11.936 Thread 0x000002bae61bf600 Exception <a 'java/lang/LinkageError'{0x00000000d5d29170}: loader lombok.launch.ShadowClassLoader @50610190 attempted duplicate class definition for lombok.launch.PatchFixesHider$Transform. (lombok.launch.PatchFixesHider$Transform is in unnamed module of loader lombok.launch.ShadowClassLoader @50610190, parent loader org.eclipse.osgi.internal.loader.EquinoxClassLoader @49cabae4)> (0x00000000d5d29170) 
thrown [s\src\hotspot\share\classfile\systemDictionary.cpp, line 1682]

ZGC Phase Switch (0 events):
No events

VM Operations (20 events):
Event: 11.096 Executing VM operation: HandshakeAllThreads (Deoptimize)
Event: 11.096 Executing VM operation: HandshakeAllThreads (Deoptimize) done
Event: 11.204 Executing VM operation: ParallelGCFailedAllocation (Allocation Failure)
Event: 11.208 Executing VM operation: ParallelGCFailedAllocation (Allocation Failure) done
Event: 11.259 Executing VM operation: ParallelGCFailedAllocation (Allocation Failure)
Event: 11.263 Executing VM operation: ParallelGCFailedAllocation (Allocation Failure) done
Event: 11.353 Executing VM operation: ParallelGCFailedAllocation (Allocation Failure)
Event: 11.356 Executing VM operation: ParallelGCFailedAllocation (Allocation Failure) done
Event: 11.411 Executing VM operation: ParallelGCFailedAllocation (Allocation Failure)
Event: 11.417 Executing VM operation: ParallelGCFailedAllocation (Allocation Failure) done
Event: 11.462 Executing VM operation: ParallelGCFailedAllocation (Allocation Failure)
Event: 11.466 Executing VM operation: ParallelGCFailedAllocation (Allocation Failure) done
Event: 11.531 Executing VM operation: ParallelGCFailedAllocation (Allocation Failure)
Event: 11.534 Executing VM operation: ParallelGCFailedAllocation (Allocation Failure) done
Event: 11.586 Executing VM operation: ParallelGCFailedAllocation (Allocation Failure)
Event: 11.590 Executing VM operation: ParallelGCFailedAllocation (Allocation Failure) done
Event: 11.740 Executing VM operation: ParallelGCFailedAllocation (Allocation Failure)
Event: 11.744 Executing VM operation: ParallelGCFailedAllocation (Allocation Failure) done
Event: 11.873 Executing VM operation: HandshakeAllThreads (Deoptimize)
Event: 11.873 Executing VM operation: HandshakeAllThreads (Deoptimize) done

Memory protections (0 events):
No events

Nmethod flushes (0 events):
No events

Events (20 events):
Event: 10.501 Thread 0x000002ba84513ad0 Thread added: 0x000002bae5943ce0
Event: 10.501 Thread 0x000002ba84513ad0 Thread added: 0x000002bae5944a00
Event: 10.501 Thread 0x000002ba84513ad0 Thread added: 0x000002bae5946440
Event: 10.501 Thread 0x000002ba84513ad0 Thread added: 0x000002bae5945090
Event: 10.501 Thread 0x000002ba84513ad0 Thread added: 0x000002bae5943650
Event: 10.501 Thread 0x000002ba84513ad0 Thread added: 0x000002bae5944370
Event: 10.502 Thread 0x000002ba84513ad0 Thread added: 0x000002bae5945720
Event: 10.502 Thread 0x000002ba84513ad0 Thread added: 0x000002bae61bb460
Event: 10.502 Thread 0x000002ba84513ad0 Thread added: 0x000002bae61ba0b0
Event: 10.503 Thread 0x000002ba84513ad0 Thread added: 0x000002bae61bbaf0
Event: 10.503 Thread 0x000002ba84513ad0 Thread added: 0x000002bae61bd530
Event: 10.503 Thread 0x000002ba84513ad0 Thread added: 0x000002bae61bcea0
Event: 10.522 Thread 0x000002ba84513ad0 Thread added: 0x000002bae61bdbc0
Event: 10.576 Thread 0x000002bae5945db0 Thread added: 0x000002bae61ba740
Event: 10.726 Thread 0x000002ba84513ad0 Thread added: 0x000002bae61badd0
Event: 10.726 Thread 0x000002ba84513ad0 Thread added: 0x000002bae61c1040
Event: 10.738 Thread 0x000002bae5945db0 Thread added: 0x000002bae61be250
Event: 10.941 Thread 0x000002bae61c1040 Thread added: 0x000002bae61bef70
Event: 10.942 Thread 0x000002bae61c1040 Thread added: 0x000002bae61bf600
Event: 11.232 Thread 0x000002badf6bb5e0 Thread added: 0x000002bae75adf10


Dynamic libraries:
0x00007ff7425f0000 - 0x00007ff7425fe000 	c:\Users\Astha\.vscode\extensions\redhat.java-1.44.0-win32-x64\jre\21.0.8-win32-x86_64\bin\java.exe
0x00007ffcd5f20000 - 0x00007ffcd6188000 	C:\WINDOWS\SYSTEM32\ntdll.dll
0x00007ffcd56e0000 - 0x00007ffcd57a9000 	C:\WINDOWS\System32\KERNEL32.DLL
0x00007ffcd36a0000 - 0x00007ffcd3a8d000 	C:\WINDOWS\System32\KERNELBASE.dll
0x00007ffcd3370000 - 0x00007ffcd34bb000 	C:\WINDOWS\System32\ucrtbase.dll
0x00007ffcbcb70000 - 0x00007ffcbcb88000 	c:\Users\Astha\.vscode\extensions\redhat.java-1.44.0-win32-x64\jre\21.0.8-win32-x86_64\bin\jli.dll
0x00007ffcd5190000 - 0x00007ffcd535c000 	C:\WINDOWS\System32\USER32.dll
0x00007ffcd3340000 - 0x00007ffcd3367000 	C:\WINDOWS\System32\win32u.dll
0x00007ffcd3fa0000 - 0x00007ffcd3fcb000 	C:\WINDOWS\System32\GDI32.dll
0x00007ffcd34c0000 - 0x00007ffcd35f7000 	C:\WINDOWS\System32\gdi32full.dll
0x00007ffcd3a90000 - 0x00007ffcd3b33000 	C:\WINDOWS\System32\msvcp_win.dll
0x00007ffca76a0000 - 0x00007ffca76be000 	c:\Users\Astha\.vscode\extensions\redhat.java-1.44.0-win32-x64\jre\21.0.8-win32-x86_64\bin\VCRUNTIME140.dll
0x00007ffcba540000 - 0x00007ffcba7da000 	C:\WINDOWS\WinSxS\amd64_microsoft.windows.common-controls_6595b64144ccf1df_6.0.26100.4484_none_3e0e6d4ce32ef3b3\COMCTL32.dll
0x00007ffcd3de0000 - 0x00007ffcd3e89000 	C:\WINDOWS\System32\msvcrt.dll
0x00007ffcd4660000 - 0x00007ffcd468f000 	C:\WINDOWS\System32\IMM32.DLL
0x00007ffcae710000 - 0x00007ffcae86c000 	C:\Program Files (x86)\Citrix\ICA Client\ctxapclient64.dll
0x00007ffcd5ae0000 - 0x00007ffcd5e66000 	C:\WINDOWS\System32\combase.dll
0x00007ffcd3cc0000 - 0x00007ffcd3dd8000 	C:\WINDOWS\System32\RPCRT4.dll
0x00007ffcca590000 - 0x00007ffcca59b000 	C:\WINDOWS\SYSTEM32\VERSION.dll
0x00007ffcd2f50000 - 0x00007ffcd2f76000 	C:\WINDOWS\SYSTEM32\bcrypt.dll
0x00007ffcd5920000 - 0x00007ffcd59d4000 	C:\WINDOWS\System32\ADVAPI32.dll
0x00007ffcd4fd0000 - 0x00007ffcd5076000 	C:\WINDOWS\System32\sechost.dll
0x00007ffcd1f40000 - 0x00007ffcd1f76000 	C:\WINDOWS\SYSTEM32\ntmarta.dll
0x000002ba847d0000 - 0x000002ba84869000 	C:\WINDOWS\System32\bcryptprimitives.dll
0x00007ffccf120000 - 0x00007ffccf12c000 	c:\Users\Astha\.vscode\extensions\redhat.java-1.44.0-win32-x64\jre\21.0.8-win32-x86_64\bin\vcruntime140_1.dll
0x00007ffc4d030000 - 0x00007ffc4d0bd000 	c:\Users\Astha\.vscode\extensions\redhat.java-1.44.0-win32-x64\jre\21.0.8-win32-x86_64\bin\msvcp140.dll
0x00007ffc006b0000 - 0x00007ffc01447000 	c:\Users\Astha\.vscode\extensions\redhat.java-1.44.0-win32-x64\jre\21.0.8-win32-x86_64\bin\server\jvm.dll
0x00007ffcd57c0000 - 0x00007ffcd5834000 	C:\WINDOWS\System32\WS2_32.dll
0x00007ffcd2ee0000 - 0x00007ffcd2f3e000 	C:\WINDOWS\SYSTEM32\POWRPROF.dll
0x00007ffcc3ac0000 - 0x00007ffcc3af5000 	C:\WINDOWS\SYSTEM32\WINMM.dll
0x00007ffcd2ea0000 - 0x00007ffcd2eb4000 	C:\WINDOWS\SYSTEM32\UMPDC.dll
0x00007ffcd1d70000 - 0x00007ffcd1d8b000 	C:\WINDOWS\SYSTEM32\kernel.appcore.dll
0x00007ffcca0f0000 - 0x00007ffcca0fa000 	c:\Users\Astha\.vscode\extensions\redhat.java-1.44.0-win32-x64\jre\21.0.8-win32-x86_64\bin\jimage.dll
0x00007ffcc7be0000 - 0x00007ffcc7e21000 	C:\WINDOWS\SYSTEM32\DBGHELP.DLL
0x00007ffcd3eb0000 - 0x00007ffcd3f90000 	C:\WINDOWS\System32\OLEAUT32.dll
0x00007ffcb9f10000 - 0x00007ffcb9f53000 	C:\WINDOWS\SYSTEM32\dbgcore.DLL
0x00007ffcc47a0000 - 0x00007ffcc47af000 	c:\Users\Astha\.vscode\extensions\redhat.java-1.44.0-win32-x64\jre\21.0.8-win32-x86_64\bin\instrument.dll
0x00007ffca74e0000 - 0x00007ffca74ff000 	c:\Users\Astha\.vscode\extensions\redhat.java-1.44.0-win32-x64\jre\21.0.8-win32-x86_64\bin\java.dll
0x00007ffcd4880000 - 0x00007ffcd4fca000 	C:\WINDOWS\System32\SHELL32.dll
0x00007ffcd31c0000 - 0x00007ffcd3334000 	C:\WINDOWS\System32\wintypes.dll
0x00007ffcd0c90000 - 0x00007ffcd14eb000 	C:\WINDOWS\SYSTEM32\windows.storage.dll
0x00007ffcd59e0000 - 0x00007ffcd5ad5000 	C:\WINDOWS\System32\SHCORE.dll
0x00007ffcd5e70000 - 0x00007ffcd5eda000 	C:\WINDOWS\System32\shlwapi.dll
0x00007ffcd2f80000 - 0x00007ffcd2faf000 	C:\WINDOWS\SYSTEM32\profapi.dll
0x00007ffc9e670000 - 0x00007ffc9e688000 	c:\Users\Astha\.vscode\extensions\redhat.java-1.44.0-win32-x64\jre\21.0.8-win32-x86_64\bin\zip.dll
0x00007ffcc46b0000 - 0x00007ffcc46c0000 	C:\Users\Astha\.vscode\extensions\redhat.java-1.44.0-win32-x64\jre\21.0.8-win32-x86_64\bin\net.dll
0x00007ffccb010000 - 0x00007ffccb12e000 	C:\WINDOWS\SYSTEM32\WINHTTP.dll
0x00007ffcd23a0000 - 0x00007ffcd240a000 	C:\WINDOWS\system32\mswsock.dll
0x00007ffc9f660000 - 0x00007ffc9f676000 	C:\Users\Astha\.vscode\extensions\redhat.java-1.44.0-win32-x64\jre\21.0.8-win32-x86_64\bin\nio.dll
0x00007ffcab550000 - 0x00007ffcab560000 	c:\Users\Astha\.vscode\extensions\redhat.java-1.44.0-win32-x64\jre\21.0.8-win32-x86_64\bin\verify.dll
0x00007ffc73780000 - 0x00007ffc737c5000 	C:\Users\Astha\AppData\Roaming\Code\User\globalStorage\redhat.java\1.44.0\config_ss_win\org.eclipse.equinox.launcher\org.eclipse.equinox.launcher.win32.win32.x86_64_1.2.1400.v20250730-1736\eclipse_11913.dll
0x00007ffcd46d0000 - 0x00007ffcd486e000 	C:\WINDOWS\System32\ole32.dll
0x00007ffcd2650000 - 0x00007ffcd266b000 	C:\WINDOWS\SYSTEM32\CRYPTSP.dll
0x00007ffcd1d90000 - 0x00007ffcd1dcb000 	C:\WINDOWS\system32\rsaenh.dll
0x00007ffcd2440000 - 0x00007ffcd246b000 	C:\WINDOWS\SYSTEM32\USERENV.dll
0x00007ffcd2670000 - 0x00007ffcd267c000 	C:\WINDOWS\SYSTEM32\CRYPTBASE.dll
0x00007ffcd1820000 - 0x00007ffcd1853000 	C:\WINDOWS\SYSTEM32\IPHLPAPI.DLL
0x00007ffcd57b0000 - 0x00007ffcd57ba000 	C:\WINDOWS\System32\NSI.dll
0x00007ffc61bc0000 - 0x00007ffc61c09000 	C:\Users\Astha\AppData\Local\Temp\jna-63569627\jna12954049310314029752.dll
0x00007ffcd4650000 - 0x00007ffcd4658000 	C:\WINDOWS\System32\PSAPI.DLL
0x00007ffccb6e0000 - 0x00007ffccb6ff000 	C:\WINDOWS\SYSTEM32\dhcpcsvc6.DLL
0x00007ffccaea0000 - 0x00007ffccaec5000 	C:\WINDOWS\SYSTEM32\dhcpcsvc.DLL

JVMTI agents:
c:\Users\Astha\.vscode\extensions\redhat.java-1.44.0-win32-x64\lombok\lombok-1.18.39-4050.jar path:c:\Users\Astha\.vscode\extensions\redhat.java-1.44.0-win32-x64\jre\21.0.8-win32-x86_64\bin\instrument.dll, loaded, initialized, instrumentlib options:none

dbghelp: loaded successfully - version: 4.0.5 - missing functions: none
symbol engine: initialized successfully - sym options: 0x614 - pdb path: .;c:\Users\Astha\.vscode\extensions\redhat.java-1.44.0-win32-x64\jre\21.0.8-win32-x86_64\bin;C:\WINDOWS\SYSTEM32;C:\WINDOWS\WinSxS\amd64_microsoft.windows.common-controls_6595b64144ccf1df_6.0.26100.4484_none_3e0e6d4ce32ef3b3;C:\Program Files (x86)\Citrix\ICA Client;c:\Users\Astha\.vscode\extensions\redhat.java-1.44.0-win32-x64\jre\21.0.8-win32-x86_64\bin\server;C:\Users\Astha\AppData\Roaming\Code\User\globalStorage\redhat.java\1.44.0\config_ss_win\org.eclipse.equinox.launcher\org.eclipse.equinox.launcher.win32.win32.x86_64_1.2.1400.v20250730-1736;C:\Users\Astha\AppData\Local\Temp\jna-63569627

VM Arguments:
jvm_args: --add-modules=ALL-SYSTEM --add-opens=java.base/java.util=ALL-UNNAMED --add-opens=java.base/java.lang=ALL-UNNAMED --add-opens=java.base/sun.nio.fs=ALL-UNNAMED -Declipse.application=org.eclipse.jdt.ls.core.id1 -Dosgi.bundles.defaultStartLevel=4 -Declipse.product=org.eclipse.jdt.ls.core.product -Djava.import.generatesMetadataFilesAtProjectRoot=false -DDetectVMInstallationsJob.disabled=true -Dfile.encoding=utf8 -XX:+UseParallelGC -XX:GCTimeRatio=4 -XX:AdaptiveSizePolicyWeight=90 -Dsun.zip.disableMemoryMapping=true -Xmx2G -Xms100m -Xlog:disable -javaagent:c:\Users\Astha\.vscode\extensions\redhat.java-1.44.0-win32-x64\lombok\lombok-1.18.39-4050.jar 
java_command: c:\Users\Astha\.vscode\extensions\redhat.java-1.44.0-win32-x64\server\plugins\org.eclipse.equinox.launcher_1.7.0.v20250519-0528.jar -configuration c:\Users\Astha\AppData\Roaming\Code\User\globalStorage\redhat.java\1.44.0\config_ss_win -data c:\Users\Astha\AppData\Roaming\Code\User\workspaceStorage\e39771bc5a86343b297ee149df76b61c\redhat.java\ss_ws --pipe=\\.\pipe\lsp-c63c38f950b9b44a97a912b2f672f2cf-sock
java_class_path (initial): c:\Users\Astha\.vscode\extensions\redhat.java-1.44.0-win32-x64\server\plugins\org.eclipse.equinox.launcher_1.7.0.v20250519-0528.jar
Launcher Type: SUN_STANDARD

[Global flags]
    uintx AdaptiveSizePolicyWeight                 = 90                                        {product} {command line}
     intx CICompilerCount                          = 4                                         {product} {ergonomic}
    uintx GCTimeRatio                              = 4                                         {product} {command line}
   size_t InitialHeapSize                          = 104857600                                 {product} {command line}
   size_t MaxHeapSize                              = 2147483648                                {product} {command line}
   size_t MaxNewSize                               = 715653120                                 {product} {ergonomic}
   size_t MinHeapDeltaBytes                        = 524288                                    {product} {ergonomic}
   size_t MinHeapSize                              = 104857600                                 {product} {command line}
   size_t NewSize                                  = 34603008                                  {product} {ergonomic}
    uintx NonNMethodCodeHeapSize                   = 5839372                                {pd product} {ergonomic}
    uintx NonProfiledCodeHeapSize                  = 122909434                              {pd product} {ergonomic}
   size_t OldSize                                  = 70254592                                  {product} {ergonomic}
    uintx ProfiledCodeHeapSize                     = 122909434                              {pd product} {ergonomic}
    uintx ReservedCodeCacheSize                    = 251658240                              {pd product} {ergonomic}
     bool SegmentedCodeCache                       = true                                      {product} {ergonomic}
   size_t SoftMaxHeapSize                          = 2147483648                             {manageable} {ergonomic}
     bool UseCompressedOops                        = true                           {product lp64_product} {ergonomic}
     bool UseLargePagesIndividualAllocation        = false                                  {pd product} {ergonomic}
     bool UseParallelGC                            = true                                      {product} {command line}

Logging:
Log output configuration:
 #0: stdout all=off uptime,level,tags foldmultilines=false
 #1: stderr all=off uptime,level,tags foldmultilines=false

Environment Variables:
JAVA_HOME=C:\Program Files\Java\jdk-17
PATH=C:\Program Files\Eclipse Adoptium\jdk-17.0.16.8-hotspot\bin;C:\app\AsthaUser\product\21c\dbhomeXE\bin;C:\oracle_2\product\21c\dbhomeXE\bin;C:\oracle_1\product\21c\dbhomeXE\bin;C:\oracle_1\product\dbhomeXE\bin;C:\app\Astha\product\21c\dbhomeXE\bin;C:\Oracle\Product\21c\dbhomeXE\bin;C:\Program Files\OpenLogic\jdk-17.0.13.11-hotspot\bin;C:\Program Files\Common Files\Oracle\Java\javapath;C:\WINDOWS\system32;C:\WINDOWS;C:\WINDOWS\System32\Wbem;C:\WINDOWS\System32\WindowsPowerShell\v1.0\;C:\WINDOWS\System32\OpenSSH\;C:\Program Files\Git\cmd;C:\Program Files\OpenLogic\jdk-17.0.13.11-hotspot\bin;C:\Program Files\nodejs\;C:\Users\Astha\apache-maven-3.9.11\bin;C:\Program Files\Java\jdk-17\bin;C:\Users\Astha\AppData\Local\Microsoft\WindowsApps;C:\Users\Astha\AppData\Local\Programs\Microsoft VS Code\bin;C:\Users\Astha\FlutterDev\flutter_windows_3.24.1-stable\flutter\bin;C:\msys64\ucrt64\bin;C:\Program Files\MySQL\MySQL Server 8.0\bin;C:\Program Files\Java\jdk-22;C:\Users\Astha\FlutterDev\commandlinetools-win-11076708_latest\cmdline-tools\platforms;C:\Users\Astha\FlutterDev\commandlinetools-win-11076708_latest\cmdline-tools\platform-tools;C:\Program Files\Git\bin;C:\Users\Astha\AppData\Roaming\npm;C:\Program Files\JetBrains\IntelliJ IDEA 2025.1.4.1\bin;
USERNAME=Astha
OS=Windows_NT
PROCESSOR_IDENTIFIER=AMD64 Family 23 Model 104 Stepping 1, AuthenticAMD
TMP=C:\Users\Astha\AppData\Local\Temp
TEMP=C:\Users\Astha\AppData\Local\Temp




Periodic native trim disabled

---------------  S Y S T E M  ---------------

OS:
 Windows 11 , 64 bit Build 26100 (10.0.26100.4484)
OS uptime: 4 days 2:34 hours
Hyper-V role detected

CPU: total 12 (initial active 12) (12 cores per cpu, 2 threads per core) family 23 model 104 stepping 1 microcode 0x8608107, cx8, cmov, fxsr, ht, mmx, 3dnowpref, sse, sse2, sse3, ssse3, sse4a, sse4.1, sse4.2, popcnt, lzcnt, tsc, tscinvbit, avx, avx2, aes, clmul, bmi1, bmi2, adx, sha, fma, vzeroupper, clflush, clflushopt, hv, rdtscp, rdpid, f16c
Processor Information for processor 0
  Max Mhz: 2100, Current Mhz: 2100, Mhz Limit: 2100
Processor Information for processor 1
  Max Mhz: 2100, Current Mhz: 2100, Mhz Limit: 2100
Processor Information for processor 2
  Max Mhz: 2100, Current Mhz: 1813, Mhz Limit: 2100
Processor Information for processor 3
  Max Mhz: 2100, Current Mhz: 2100, Mhz Limit: 2100
Processor Information for processor 4
  Max Mhz: 2100, Current Mhz: 2100, Mhz Limit: 2100
Processor Information for processor 5
  Max Mhz: 2100, Current Mhz: 1813, Mhz Limit: 2100
Processor Information for processor 6
  Max Mhz: 2100, Current Mhz: 2100, Mhz Limit: 2100
Processor Information for processor 7
  Max Mhz: 2100, Current Mhz: 1813, Mhz Limit: 2100
Processor Information for processor 8
  Max Mhz: 2100, Current Mhz: 2100, Mhz Limit: 2100
Processor Information for processor 9
  Max Mhz: 2100, Current Mhz: 1813, Mhz Limit: 2100
Processor Information for processor 10
  Max Mhz: 2100, Current Mhz: 2100, Mhz Limit: 2100
Processor Information for processor 11
  Max Mhz: 2100, Current Mhz: 1813, Mhz Limit: 2100

Memory: 4k page, system-wide physical 15693M (3335M free)
TotalPageFile size 19301M (AvailPageFile size 2M)
current process WorkingSet (physical memory assigned to process): 193M, peak: 193M
current process commit charge ("private bytes"): 310M, peak: 312M

vm_info: OpenJDK 64-Bit Server VM (21.0.8+9-LTS) for windows-amd64 JRE (21.0.8+9-LTS), built on 2025-07-15T00:00:00Z by "admin" with MS VC++ 17.7 (VS2022)

END.
