#
# There is insufficient memory for the Java Runtime Environment to continue.
# Native memory allocation (malloc) failed to allocate 1048576 bytes. Error detail: AllocateHeap
# Possible reasons:
#   The system is out of physical RAM or swap space
#   This process is running with CompressedOops enabled, and the Java Heap may be blocking the growth of the native heap
# Possible solutions:
#   Reduce memory load on the system
#   Increase physical memory or swap space
#   Check if swap backing store is full
#   Decrease Java heap size (-Xmx/-Xms)
#   Decrease number of Java threads
#   Decrease Java thread stack sizes (-Xss)
#   Set larger code cache with -XX:ReservedCodeCacheSize=
#   JVM is running with Unscaled Compressed Oops mode in which the Java heap is
#     placed in the first 4GB address space. The Java Heap base address is the
#     maximum limit for the native heap growth. Please use -XX:HeapBaseMinAddress
#     to set the Java Heap base and to place the Java Heap above 4GB virtual address.
# This output file may be truncated or incomplete.
#
#  Out of Memory Error (allocation.cpp:44), pid=16076, tid=18336
#
# JRE version: OpenJDK Runtime Environment Temurin-21.0.8+9 (21.0.8+9) (build 21.0.8+9-LTS)
# Java VM: OpenJDK 64-Bit Server VM Temurin-21.0.8+9 (21.0.8+9-LTS, mixed mode, sharing, tiered, compressed oops, compressed class ptrs, parallel gc, windows-amd64)
# No core dump will be written. Minidumps are not enabled by default on client versions of Windows
#

---------------  S U M M A R Y ------------

Command Line: --add-modules=ALL-SYSTEM --add-opens=java.base/java.util=ALL-UNNAMED --add-opens=java.base/java.lang=ALL-UNNAMED --add-opens=java.base/sun.nio.fs=ALL-UNNAMED -Declipse.application=org.eclipse.jdt.ls.core.id1 -Dosgi.bundles.defaultStartLevel=4 -Declipse.product=org.eclipse.jdt.ls.core.product -Djava.import.generatesMetadataFilesAtProjectRoot=false -DDetectVMInstallationsJob.disabled=true -Dfile.encoding=utf8 -XX:+UseParallelGC -XX:GCTimeRatio=4 -XX:AdaptiveSizePolicyWeight=90 -Dsun.zip.disableMemoryMapping=true -Xmx2G -Xms100m -Xlog:disable -javaagent:c:\Users\Astha\.vscode\extensions\redhat.java-1.44.0-win32-x64\lombok\lombok-1.18.39-4050.jar -XX:+HeapDumpOnOutOfMemoryError -XX:HeapDumpPath=c:\Users\Astha\AppData\Roaming\Code\User\workspaceStorage\e39771bc5a86343b297ee149df76b61c\redhat.java -Daether.dependencyCollector.impl=bf c:\Users\Astha\.vscode\extensions\redhat.java-1.44.0-win32-x64\server\plugins\org.eclipse.equinox.launcher_1.7.0.v20250519-0528.jar -configuration c:\Users\Astha\AppData\Roaming\Code\User\globalStorage\redhat.java\1.44.0\config_win -data c:\Users\Astha\AppData\Roaming\Code\User\workspaceStorage\e39771bc5a86343b297ee149df76b61c\redhat.java\jdt_ws --pipe=\\.\pipe\lsp-24ced5d8ccf2fe19426d85929aa5d448-sock

Host: AMD Ryzen 5 5500U with Radeon Graphics         , 12 cores, 15G,  Windows 11 , 64 bit Build 26100 (10.0.26100.4484)
Time: Tue Aug 12 00:13:27 2025 India Standard Time elapsed time: 18315.098161 seconds (0d 5h 5m 15s)

---------------  T H R E A D  ---------------

Current thread (0x000002c42fcbae80):  JavaThread "Attach Listener" daemon [_thread_in_vm, id=18336, stack(0x000000c99d700000,0x000000c99d800000) (1024K)]

Stack: [0x000000c99d700000,0x000000c99d800000]
Native frames: (J=compiled Java code, j=interpreted, Vv=VM code, C=native code)
V  [jvm.dll+0x6d2449]
V  [jvm.dll+0x8ae341]
V  [jvm.dll+0x8b08be]
V  [jvm.dll+0x8b0fa3]
V  [jvm.dll+0x280c96]
V  [jvm.dll+0xc0347]
V  [jvm.dll+0x6d2cf9]
V  [jvm.dll+0x131116]
V  [jvm.dll+0x3f2d16]
V  [jvm.dll+0x857e6b]
V  [jvm.dll+0x6d0b0d]
C  [ucrtbase.dll+0x37b0]
C  [KERNEL32.DLL+0x2e8d7]
C  [ntdll.dll+0x3c34c]


---------------  P R O C E S S  ---------------

Threads class SMR info:
_java_thread_list=0x000002c4924882f0, length=45, elements={
0x000002c42d963ce0, 0x000002c42fcb1850, 0x000002c42fcb2500, 0x000002c42fcb8c50,
0x000002c42fcbae80, 0x000002c42fcbcd00, 0x000002c4888d62c0, 0x000002c4888efc70,
0x000002c4888f1580, 0x000002c4888d7670, 0x000002c4888d8a20, 0x000002c4888d6fe0,
0x000002c4888d55a0, 0x000002c4888d7d00, 0x000002c4888d8390, 0x000002c4888d6950,
0x000002c48f009170, 0x000002c48f00d310, 0x000002c48f00c5f0, 0x000002c48f00cc80,
0x000002c48f00e6c0, 0x000002c48f00ed50, 0x000002c48f00b8d0, 0x000002c48f00f3e0,
0x000002c48f00fa70, 0x000002c48f010100, 0x000002c48f010790, 0x000002c4919e2c80,
0x000002c4919df800, 0x000002c4919e3310, 0x000002c4919e1240, 0x000002c4919e18d0,
0x000002c4919e0bb0, 0x000002c4919e25f0, 0x000002c4919e1f60, 0x000002c4919dfe90,
0x000002c4916c8150, 0x000002c4916c87e0, 0x000002c4916ca220, 0x000002c4916caf40,
0x000002c4916ca8b0, 0x000002c4916c7ac0, 0x000002c4916c9b90, 0x000002c4916cc2f0,
0x000002c4918d4650
}

Java Threads: ( => current thread )
  0x000002c42d963ce0 JavaThread "main"                              [_thread_blocked, id=17504, stack(0x000000c99cf00000,0x000000c99d000000) (1024K)]
  0x000002c42fcb1850 JavaThread "Reference Handler"          daemon [_thread_blocked, id=7064, stack(0x000000c99d400000,0x000000c99d500000) (1024K)]
  0x000002c42fcb2500 JavaThread "Finalizer"                  daemon [_thread_blocked, id=18104, stack(0x000000c99d500000,0x000000c99d600000) (1024K)]
  0x000002c42fcb8c50 JavaThread "Signal Dispatcher"          daemon [_thread_blocked, id=14516, stack(0x000000c99d600000,0x000000c99d700000) (1024K)]
=>0x000002c42fcbae80 JavaThread "Attach Listener"            daemon [_thread_in_vm, id=18336, stack(0x000000c99d700000,0x000000c99d800000) (1024K)]
  0x000002c42fcbcd00 JavaThread "Service Thread"             daemon [_thread_blocked, id=1544, stack(0x000000c99d800000,0x000000c99d900000) (1024K)]
  0x000002c4888d62c0 JavaThread "Monitor Deflation Thread"   daemon [_thread_blocked, id=3908, stack(0x000000c99d900000,0x000000c99da00000) (1024K)]
  0x000002c4888efc70 JavaThread "C2 CompilerThread0"         daemon [_thread_blocked, id=1108, stack(0x000000c99da00000,0x000000c99db00000) (1024K)]
  0x000002c4888f1580 JavaThread "C1 CompilerThread0"         daemon [_thread_blocked, id=18816, stack(0x000000c99db00000,0x000000c99dc00000) (1024K)]
  0x000002c4888d7670 JavaThread "Common-Cleaner"             daemon [_thread_blocked, id=2892, stack(0x000000c99dc00000,0x000000c99dd00000) (1024K)]
  0x000002c4888d8a20 JavaThread "Notification Thread"        daemon [_thread_blocked, id=6576, stack(0x000000c99de00000,0x000000c99df00000) (1024K)]
  0x000002c4888d6fe0 JavaThread "Active Thread: Equinox Container: 0ee5788d-9a38-484c-ae9a-8c46300c88db"        [_thread_blocked, id=8948, stack(0x000000c99e600000,0x000000c99e700000) (1024K)]
  0x000002c4888d55a0 JavaThread "Refresh Thread: Equinox Container: 0ee5788d-9a38-484c-ae9a-8c46300c88db" daemon [_thread_blocked, id=4800, stack(0x000000c99e800000,0x000000c99e900000) (1024K)]
  0x000002c4888d7d00 JavaThread "Framework Event Dispatcher: Equinox Container: 0ee5788d-9a38-484c-ae9a-8c46300c88db" daemon [_thread_blocked, id=10628, stack(0x000000c99e900000,0x000000c99ea00000) (1024K)]
  0x000002c4888d8390 JavaThread "Start Level: Equinox Container: 0ee5788d-9a38-484c-ae9a-8c46300c88db" daemon [_thread_blocked, id=23496, stack(0x000000c99ea00000,0x000000c99eb00000) (1024K)]
  0x000002c4888d6950 JavaThread "Bundle File Closer"         daemon [_thread_blocked, id=24224, stack(0x000000c99ed00000,0x000000c99ee00000) (1024K)]
  0x000002c48f009170 JavaThread "SCR Component Actor"        daemon [_thread_blocked, id=14208, stack(0x000000c99ee00000,0x000000c99ef00000) (1024K)]
  0x000002c48f00d310 JavaThread "Worker-JM"                         [_thread_blocked, id=8180, stack(0x000000c99f000000,0x000000c99f100000) (1024K)]
  0x000002c48f00c5f0 JavaThread "JNA Cleaner"                daemon [_thread_blocked, id=9296, stack(0x000000c99df00000,0x000000c99e000000) (1024K)]
  0x000002c48f00cc80 JavaThread "Java indexing"              daemon [_thread_blocked, id=14308, stack(0x000000c99f500000,0x000000c99f600000) (1024K)]
  0x000002c48f00e6c0 JavaThread "Thread-2"                   daemon [_thread_in_native, id=14424, stack(0x000000c99fb00000,0x000000c99fc00000) (1024K)]
  0x000002c48f00ed50 JavaThread "Thread-3"                   daemon [_thread_in_native, id=24784, stack(0x000000c99fc00000,0x000000c99fd00000) (1024K)]
  0x000002c48f00b8d0 JavaThread "Thread-4"                   daemon [_thread_in_native, id=17664, stack(0x000000c99fd00000,0x000000c99fe00000) (1024K)]
  0x000002c48f00f3e0 JavaThread "Thread-5"                   daemon [_thread_in_native, id=12992, stack(0x000000c99fe00000,0x000000c99ff00000) (1024K)]
  0x000002c48f00fa70 JavaThread "Thread-6"                   daemon [_thread_in_native, id=3848, stack(0x000000c99ff00000,0x000000c9a0000000) (1024K)]
  0x000002c48f010100 JavaThread "Thread-7"                   daemon [_thread_in_native, id=16200, stack(0x000000c9a0000000,0x000000c9a0100000) (1024K)]
  0x000002c48f010790 JavaThread "Thread-8"                   daemon [_thread_in_native, id=24572, stack(0x000000c9a0100000,0x000000c9a0200000) (1024K)]
  0x000002c4919e2c80 JavaThread "Thread-9"                   daemon [_thread_in_native, id=15204, stack(0x000000c9a0200000,0x000000c9a0300000) (1024K)]
  0x000002c4919df800 JavaThread "Thread-10"                  daemon [_thread_in_native, id=21160, stack(0x000000c9a0300000,0x000000c9a0400000) (1024K)]
  0x000002c4919e3310 JavaThread "Thread-11"                  daemon [_thread_in_native, id=20032, stack(0x000000c9a0400000,0x000000c9a0500000) (1024K)]
  0x000002c4919e1240 JavaThread "Thread-12"                  daemon [_thread_in_native, id=7236, stack(0x000000c9a0500000,0x000000c9a0600000) (1024K)]
  0x000002c4919e18d0 JavaThread "Thread-13"                  daemon [_thread_in_native, id=25596, stack(0x000000c9a0600000,0x000000c9a0700000) (1024K)]
  0x000002c4919e0bb0 JavaThread "Thread-14"                  daemon [_thread_in_native, id=18160, stack(0x000000c9a0700000,0x000000c9a0800000) (1024K)]
  0x000002c4919e25f0 JavaThread "pool-2-thread-1"                   [_thread_blocked, id=11384, stack(0x000000c9a0800000,0x000000c9a0900000) (1024K)]
  0x000002c4919e1f60 JavaThread "WorkspaceEventsHandler"            [_thread_blocked, id=26144, stack(0x000000c9a0900000,0x000000c9a0a00000) (1024K)]
  0x000002c4919dfe90 JavaThread "pool-1-thread-1"                   [_thread_blocked, id=13820, stack(0x000000c9a0a00000,0x000000c9a0b00000) (1024K)]
  0x000002c4916c8150 JavaThread "Cleaner-0"                  daemon [_thread_blocked, id=18572, stack(0x000000c9a3900000,0x000000c9a3a00000) (1024K)]
  0x000002c4916c87e0 JavaThread "Java Debug Server"          daemon [_thread_in_native, id=10980, stack(0x000000c99f100000,0x000000c99f200000) (1024K)]
  0x000002c4916ca220 JavaThread "pool-5-thread-1"                   [_thread_in_native, id=11140, stack(0x000000c99f300000,0x000000c99f400000) (1024K)]
  0x000002c4916caf40 JavaThread "RxSchedulerPurge-1"         daemon [_thread_blocked, id=17320, stack(0x000000c99dd00000,0x000000c99de00000) (1024K)]
  0x000002c4916ca8b0 JavaThread "RxCachedWorkerPoolEvictor-1" daemon [_thread_blocked, id=1880, stack(0x000000c99f400000,0x000000c99f500000) (1024K)]
  0x000002c4916c7ac0 JavaThread "RxNewThreadScheduler-1"     daemon [_thread_blocked, id=10724, stack(0x000000c99f900000,0x000000c99fa00000) (1024K)]
  0x000002c4916c9b90 JavaThread "process reaper (pid 11932)" daemon [_thread_in_native, id=15152, stack(0x000000c99cb10000,0x000000c99cb30000) (128K)]
  0x000002c4916cc2f0 JavaThread "Worker-8"                          [_thread_blocked, id=27108, stack(0x000000c99ef00000,0x000000c99f000000) (1024K)]
  0x000002c4918d4650 JavaThread "Worker-9"                          [_thread_blocked, id=24928, stack(0x000000c99f800000,0x000000c99f900000) (1024K)]
Total: 45

Other Threads:
  0x000002c42fdbdab0 VMThread "VM Thread"                           [id=9484, stack(0x000000c99d300000,0x000000c99d400000) (1024K)]
  0x000002c42fb9ca00 WatcherThread "VM Periodic Task Thread"        [id=12460, stack(0x000000c99d200000,0x000000c99d300000) (1024K)]
  0x000002c42fd5bdd0 WorkerThread "GC Thread#0"                     [id=16692, stack(0x000000c99d100000,0x000000c99d200000) (1024K)]
  0x000002c48e485b90 WorkerThread "GC Thread#1"                     [id=9172, stack(0x000000c99e000000,0x000000c99e100000) (1024K)]
  0x000002c48e485f30 WorkerThread "GC Thread#2"                     [id=24724, stack(0x000000c99e100000,0x000000c99e200000) (1024K)]
  0x000002c48e4862d0 WorkerThread "GC Thread#3"                     [id=12728, stack(0x000000c99e200000,0x000000c99e300000) (1024K)]
  0x000002c48e486670 WorkerThread "GC Thread#4"                     [id=20048, stack(0x000000c99e300000,0x000000c99e400000) (1024K)]
  0x000002c48e71c720 WorkerThread "GC Thread#5"                     [id=24436, stack(0x000000c99e400000,0x000000c99e500000) (1024K)]
  0x000002c48e71b500 WorkerThread "GC Thread#6"                     [id=20112, stack(0x000000c99e500000,0x000000c99e600000) (1024K)]
  0x000002c48e71cac0 WorkerThread "GC Thread#7"                     [id=12800, stack(0x000000c99e700000,0x000000c99e800000) (1024K)]
  0x000002c48e71bfe0 WorkerThread "GC Thread#8"                     [id=19208, stack(0x000000c99eb00000,0x000000c99ec00000) (1024K)]
  0x000002c48e71b160 WorkerThread "GC Thread#9"                     [id=23644, stack(0x000000c99ec00000,0x000000c99ed00000) (1024K)]
Total: 12

Threads with active compile tasks:
Total: 0

VM state: not at safepoint (normal execution)

VM Mutex/Monitor currently owned by a thread: None

Heap address: 0x0000000080000000, size: 2048 MB, Compressed Oops mode: 32-bit

CDS archive(s) mapped at: [0x000002c447000000-0x000002c447ba0000-0x000002c447ba0000), size 12189696, SharedBaseAddress: 0x000002c447000000, ArchiveRelocationMode: 1.
Compressed class space mapped at: 0x000002c448000000-0x000002c488000000, reserved size: 1073741824
Narrow klass base: 0x000002c447000000, Narrow klass shift: 0, Narrow klass range: 0x100000000

GC Precious Log:
 CardTable entry size: 512
 CPUs: 12 total, 12 available
 Memory: 15693M
 Large Page Support: Disabled
 NUMA Support: Disabled
 Compressed Oops: Enabled (32-bit)
 Alignments: Space 512K, Generation 512K, Heap 2M
 Heap Min Capacity: 100M
 Heap Initial Capacity: 100M
 Heap Max Capacity: 2G
 Pre-touch: Disabled
 Parallel Workers: 10

Heap:
 PSYoungGen      total 24576K, used 11010K [0x00000000d5580000, 0x00000000d7600000, 0x0000000100000000)
  eden space 21504K, 46% used [0x00000000d5580000,0x00000000d5f322b8,0x00000000d6a80000)
  from space 3072K, 35% used [0x00000000d7080000,0x00000000d718e7b8,0x00000000d7380000)
  to   space 2048K, 0% used [0x00000000d7400000,0x00000000d7400000,0x00000000d7600000)
 ParOldGen       total 699392K, used 698930K [0x0000000080000000, 0x00000000aab00000, 0x00000000d5580000)
  object space 699392K, 99% used [0x0000000080000000,0x00000000aaa8c920,0x00000000aab00000)
 Metaspace       used 79650K, committed 81472K, reserved 1179648K
  class space    used 8422K, committed 9216K, reserved 1048576K

Card table byte_map: [0x000002c42f6b0000,0x000002c42fac0000] _byte_map_base: 0x000002c42f2b0000

Marking Bits: (ParMarkBitMap*) 0x00007ffc0652a340
 Begin Bits: [0x000002c4421b0000, 0x000002c4441b0000)
 End Bits:   [0x000002c4441b0000, 0x000002c4461b0000)

Polling page: 0x000002c42db00000

Metaspace:

Usage:
  Non-class:     69.56 MB used.
      Class:      8.23 MB used.
       Both:     77.78 MB used.

Virtual space:
  Non-class space:      128.00 MB reserved,      70.56 MB ( 55%) committed,  2 nodes.
      Class space:        1.00 GB reserved,       9.00 MB ( <1%) committed,  1 nodes.
             Both:        1.12 GB reserved,      79.56 MB (  7%) committed. 

Chunk freelists:
   Non-Class:  8.61 MB
       Class:  6.93 MB
        Both:  15.54 MB

MaxMetaspaceSize: unlimited
CompressedClassSpaceSize: 1.00 GB
Initial GC threshold: 21.00 MB
Current GC threshold: 105.12 MB
CDS: on
 - commit_granule_bytes: 65536.
 - commit_granule_words: 8192.
 - virtual_space_node_default_size: 8388608.
 - enlarge_chunks_in_place: 1.
 - use_allocation_guard: 0.


Internal statistics:

num_allocs_failed_limit: 9.
num_arena_births: 1536.
num_arena_deaths: 22.
num_vsnodes_births: 3.
num_vsnodes_deaths: 0.
num_space_committed: 1273.
num_space_uncommitted: 0.
num_chunks_returned_to_freelist: 35.
num_chunks_taken_from_freelist: 5486.
num_chunk_merges: 14.
num_chunk_splits: 3298.
num_chunks_enlarged: 1793.
num_inconsistent_stats: 0.

CodeHeap 'non-profiled nmethods': size=120000Kb used=14162Kb max_used=14162Kb free=105837Kb
 bounds [0x000002c43a9d0000, 0x000002c43b7b0000, 0x000002c441f00000]
CodeHeap 'profiled nmethods': size=120000Kb used=32591Kb max_used=32591Kb free=87409Kb
 bounds [0x000002c432f00000, 0x000002c434ee0000, 0x000002c43a430000]
CodeHeap 'non-nmethods': size=5760Kb used=1499Kb max_used=1599Kb free=4260Kb
 bounds [0x000002c43a430000, 0x000002c43a6a0000, 0x000002c43a9d0000]
CodeCache: size=245760Kb, used=48252Kb, max_used=48352Kb, free=197506Kb
 total_blobs=15116, nmethods=14294, adapters=725, full_count=0
Compilation: enabled, stopped_count=0, restarted_count=0

Compilation events (20 events):
Event: 18159.959 Thread 0x000002c4920ff240 nmethod 16246% 0x000002c43b79b210 code [0x000002c43b79b940, 0x000002c43b79f900]
Event: 18159.959 Thread 0x000002c4920ff240 16306       4       java.lang.StringLatin1::replace (198 bytes)
Event: 18159.961 Thread 0x000002c4888f1580 16311       1       org.jsoup.nodes.TextNode::nodeName (3 bytes)
Event: 18159.961 Thread 0x000002c4888f1580 nmethod 16311 0x000002c43b7a1c90 code [0x000002c43b7a1e20, 0x000002c43b7a1ef0]
Event: 18159.962 Thread 0x000002c4888f1580 16312   !   3       com.overzealous.remark.util.BlockWriter::testFirstPrepend (61 bytes)
Event: 18159.964 Thread 0x000002c4888f1580 nmethod 16312 0x000002c434ecf090 code [0x000002c434ecf320, 0x000002c434ed0028]
Event: 18159.964 Thread 0x000002c4888f1580 16315       3       java.util.regex.CharPredicates$$Lambda/0x800000026::is (5 bytes)
Event: 18159.964 Thread 0x000002c4888f1580 nmethod 16315 0x000002c434ed0510 code [0x000002c434ed06e0, 0x000002c434ed0ac0]
Event: 18159.964 Thread 0x000002c4888f1580 16314       3       com.overzealous.remark.util.BlockWriter::write (54 bytes)
Event: 18159.966 Thread 0x000002c4888f1580 nmethod 16314 0x000002c434ed0c10 code [0x000002c434ed0e20, 0x000002c434ed13b8]
Event: 18159.966 Thread 0x000002c4888f1580 16313       3       com.overzealous.remark.util.BlockWriter::testNewBlock (63 bytes)
Event: 18159.967 Thread 0x000002c4888f1580 nmethod 16313 0x000002c434ed1610 code [0x000002c434ed1840, 0x000002c434ed1e20]
Event: 18159.982 Thread 0x000002c4888efc70 nmethod 16305 0x000002c43b7a1f90 code [0x000002c43b7a21c0, 0x000002c43b7a3080]
Event: 18159.989 Thread 0x000002c4920ff240 nmethod 16306 0x000002c43b7a3990 code [0x000002c43b7a3b60, 0x000002c43b7a43a8]
Event: 18219.730 Thread 0x000002c4888f1580 16316       3       java.util.concurrent.locks.AbstractQueuedSynchronizer$ConditionObject::await (207 bytes)
Event: 18219.732 Thread 0x000002c4888f1580 nmethod 16316 0x000002c434ed2010 code [0x000002c434ed2300, 0x000002c434ed3180]
Event: 18268.786 Thread 0x000002c4888f1580 16317       1       org.eclipse.jdt.ls.core.internal.LanguageServerApplication::getParentProcessId (5 bytes)
Event: 18268.786 Thread 0x000002c4888f1580 nmethod 16317 0x000002c43b7a4710 code [0x000002c43b7a48a0, 0x000002c43b7a4968]
Event: 18278.173 Thread 0x000002c4888f1580 16318       3       java.lang.ref.ReferenceQueue::await (15 bytes)
Event: 18278.173 Thread 0x000002c4888f1580 nmethod 16318 0x000002c434ed3790 code [0x000002c434ed3940, 0x000002c434ed3ae0]

GC Heap History (20 events):
Event: 558.713 GC heap before
{Heap before GC invocations=1390 (full 4):
 PSYoungGen      total 23552K, used 23547K [0x00000000d5580000, 0x00000000d7b80000, 0x0000000100000000)
  eden space 21504K, 100% used [0x00000000d5580000,0x00000000d6a80000,0x00000000d6a80000)
  from space 2048K, 99% used [0x00000000d7780000,0x00000000d797eff0,0x00000000d7980000)
  to   space 2048K, 0% used [0x00000000d7980000,0x00000000d7980000,0x00000000d7b80000)
 ParOldGen       total 689152K, used 688983K [0x0000000080000000, 0x00000000aa100000, 0x00000000d5580000)
  object space 689152K, 99% used [0x0000000080000000,0x00000000aa0d5c40,0x00000000aa100000)
 Metaspace       used 78670K, committed 80448K, reserved 1179648K
  class space    used 8375K, committed 9152K, reserved 1048576K
}
Event: 558.717 GC heap after
{Heap after GC invocations=1390 (full 4):
 PSYoungGen      total 23552K, used 2028K [0x00000000d5580000, 0x00000000d7b80000, 0x0000000100000000)
  eden space 21504K, 0% used [0x00000000d5580000,0x00000000d5580000,0x00000000d6a80000)
  from space 2048K, 99% used [0x00000000d7980000,0x00000000d7b7b280,0x00000000d7b80000)
  to   space 6144K, 0% used [0x00000000d6f80000,0x00000000d6f80000,0x00000000d7580000)
 ParOldGen       total 692736K, used 692263K [0x0000000080000000, 0x00000000aa480000, 0x00000000d5580000)
  object space 692736K, 99% used [0x0000000080000000,0x00000000aa409c40,0x00000000aa480000)
 Metaspace       used 78670K, committed 80448K, reserved 1179648K
  class space    used 8375K, committed 9152K, reserved 1048576K
}
Event: 559.362 GC heap before
{Heap before GC invocations=1391 (full 4):
 PSYoungGen      total 23552K, used 23532K [0x00000000d5580000, 0x00000000d7b80000, 0x0000000100000000)
  eden space 21504K, 100% used [0x00000000d5580000,0x00000000d6a80000,0x00000000d6a80000)
  from space 2048K, 99% used [0x00000000d7980000,0x00000000d7b7b280,0x00000000d7b80000)
  to   space 6144K, 0% used [0x00000000d6f80000,0x00000000d6f80000,0x00000000d7580000)
 ParOldGen       total 692736K, used 692263K [0x0000000080000000, 0x00000000aa480000, 0x00000000d5580000)
  object space 692736K, 99% used [0x0000000080000000,0x00000000aa409c40,0x00000000aa480000)
 Metaspace       used 78840K, committed 80640K, reserved 1179648K
  class space    used 8376K, committed 9152K, reserved 1048576K
}
Event: 559.364 GC heap after
{Heap after GC invocations=1391 (full 4):
 PSYoungGen      total 27648K, used 922K [0x00000000d5580000, 0x00000000d7a00000, 0x0000000100000000)
  eden space 21504K, 0% used [0x00000000d5580000,0x00000000d5580000,0x00000000d6a80000)
  from space 6144K, 15% used [0x00000000d6f80000,0x00000000d7066940,0x00000000d7580000)
  to   space 2560K, 0% used [0x00000000d7780000,0x00000000d7780000,0x00000000d7a00000)
 ParOldGen       total 692736K, used 692287K [0x0000000080000000, 0x00000000aa480000, 0x00000000d5580000)
  object space 692736K, 99% used [0x0000000080000000,0x00000000aa40fc40,0x00000000aa480000)
 Metaspace       used 78840K, committed 80640K, reserved 1179648K
  class space    used 8376K, committed 9152K, reserved 1048576K
}
Event: 586.007 GC heap before
{Heap before GC invocations=1392 (full 4):
 PSYoungGen      total 27648K, used 22426K [0x00000000d5580000, 0x00000000d7a00000, 0x0000000100000000)
  eden space 21504K, 100% used [0x00000000d5580000,0x00000000d6a80000,0x00000000d6a80000)
  from space 6144K, 15% used [0x00000000d6f80000,0x00000000d7066940,0x00000000d7580000)
  to   space 2560K, 0% used [0x00000000d7780000,0x00000000d7780000,0x00000000d7a00000)
 ParOldGen       total 692736K, used 692287K [0x0000000080000000, 0x00000000aa480000, 0x00000000d5580000)
  object space 692736K, 99% used [0x0000000080000000,0x00000000aa40fc40,0x00000000aa480000)
 Metaspace       used 78946K, committed 80704K, reserved 1179648K
  class space    used 8379K, committed 9152K, reserved 1048576K
}
Event: 586.010 GC heap after
{Heap after GC invocations=1392 (full 4):
 PSYoungGen      total 22016K, used 404K [0x00000000d5580000, 0x00000000d7800000, 0x0000000100000000)
  eden space 21504K, 0% used [0x00000000d5580000,0x00000000d5580000,0x00000000d6a80000)
  from space 512K, 79% used [0x00000000d7780000,0x00000000d77e5200,0x00000000d7800000)
  to   space 1024K, 0% used [0x00000000d7600000,0x00000000d7600000,0x00000000d7700000)
 ParOldGen       total 693248K, used 693027K [0x0000000080000000, 0x00000000aa500000, 0x00000000d5580000)
  object space 693248K, 99% used [0x0000000080000000,0x00000000aa4c8e90,0x00000000aa500000)
 Metaspace       used 78946K, committed 80704K, reserved 1179648K
  class space    used 8379K, committed 9152K, reserved 1048576K
}
Event: 586.122 GC heap before
{Heap before GC invocations=1393 (full 4):
 PSYoungGen      total 22016K, used 21908K [0x00000000d5580000, 0x00000000d7800000, 0x0000000100000000)
  eden space 21504K, 100% used [0x00000000d5580000,0x00000000d6a80000,0x00000000d6a80000)
  from space 512K, 79% used [0x00000000d7780000,0x00000000d77e5200,0x00000000d7800000)
  to   space 1024K, 0% used [0x00000000d7600000,0x00000000d7600000,0x00000000d7700000)
 ParOldGen       total 693248K, used 693027K [0x0000000080000000, 0x00000000aa500000, 0x00000000d5580000)
  object space 693248K, 99% used [0x0000000080000000,0x00000000aa4c8e90,0x00000000aa500000)
 Metaspace       used 79135K, committed 80896K, reserved 1179648K
  class space    used 8396K, committed 9152K, reserved 1048576K
}
Event: 586.126 GC heap after
{Heap after GC invocations=1393 (full 4):
 PSYoungGen      total 22528K, used 1013K [0x00000000d5580000, 0x00000000d7800000, 0x0000000100000000)
  eden space 21504K, 0% used [0x00000000d5580000,0x00000000d5580000,0x00000000d6a80000)
  from space 1024K, 98% used [0x00000000d7600000,0x00000000d76fd4c0,0x00000000d7700000)
  to   space 1024K, 0% used [0x00000000d7700000,0x00000000d7700000,0x00000000d7800000)
 ParOldGen       total 694272K, used 694208K [0x0000000080000000, 0x00000000aa600000, 0x00000000d5580000)
  object space 694272K, 99% used [0x0000000080000000,0x00000000aa5f0130,0x00000000aa600000)
 Metaspace       used 79135K, committed 80896K, reserved 1179648K
  class space    used 8396K, committed 9152K, reserved 1048576K
}
Event: 586.748 GC heap before
{Heap before GC invocations=1394 (full 4):
 PSYoungGen      total 22528K, used 22517K [0x00000000d5580000, 0x00000000d7800000, 0x0000000100000000)
  eden space 21504K, 100% used [0x00000000d5580000,0x00000000d6a80000,0x00000000d6a80000)
  from space 1024K, 98% used [0x00000000d7600000,0x00000000d76fd4c0,0x00000000d7700000)
  to   space 1024K, 0% used [0x00000000d7700000,0x00000000d7700000,0x00000000d7800000)
 ParOldGen       total 694272K, used 694208K [0x0000000080000000, 0x00000000aa600000, 0x00000000d5580000)
  object space 694272K, 99% used [0x0000000080000000,0x00000000aa5f0130,0x00000000aa600000)
 Metaspace       used 79278K, committed 81024K, reserved 1179648K
  class space    used 8413K, committed 9152K, reserved 1048576K
}
Event: 586.752 GC heap after
{Heap after GC invocations=1394 (full 4):
 PSYoungGen      total 22528K, used 1002K [0x00000000d5580000, 0x00000000d7800000, 0x0000000100000000)
  eden space 21504K, 0% used [0x00000000d5580000,0x00000000d5580000,0x00000000d6a80000)
  from space 1024K, 97% used [0x00000000d7700000,0x00000000d77fa910,0x00000000d7800000)
  to   space 2560K, 0% used [0x00000000d7300000,0x00000000d7300000,0x00000000d7580000)
 ParOldGen       total 695296K, used 695225K [0x0000000080000000, 0x00000000aa700000, 0x00000000d5580000)
  object space 695296K, 99% used [0x0000000080000000,0x00000000aa6ee608,0x00000000aa700000)
 Metaspace       used 79278K, committed 81024K, reserved 1179648K
  class space    used 8413K, committed 9152K, reserved 1048576K
}
Event: 591.423 GC heap before
{Heap before GC invocations=1395 (full 4):
 PSYoungGen      total 22528K, used 22506K [0x00000000d5580000, 0x00000000d7800000, 0x0000000100000000)
  eden space 21504K, 100% used [0x00000000d5580000,0x00000000d6a80000,0x00000000d6a80000)
  from space 1024K, 97% used [0x00000000d7700000,0x00000000d77fa910,0x00000000d7800000)
  to   space 2560K, 0% used [0x00000000d7300000,0x00000000d7300000,0x00000000d7580000)
 ParOldGen       total 695296K, used 695225K [0x0000000080000000, 0x00000000aa700000, 0x00000000d5580000)
  object space 695296K, 99% used [0x0000000080000000,0x00000000aa6ee608,0x00000000aa700000)
 Metaspace       used 79314K, committed 81088K, reserved 1179648K
  class space    used 8414K, committed 9152K, reserved 1048576K
}
Event: 591.425 GC heap after
{Heap after GC invocations=1395 (full 4):
 PSYoungGen      total 24064K, used 810K [0x00000000d5580000, 0x00000000d7780000, 0x0000000100000000)
  eden space 21504K, 0% used [0x00000000d5580000,0x00000000d5580000,0x00000000d6a80000)
  from space 2560K, 31% used [0x00000000d7300000,0x00000000d73ca910,0x00000000d7580000)
  to   space 1536K, 0% used [0x00000000d7600000,0x00000000d7600000,0x00000000d7780000)
 ParOldGen       total 696320K, used 696122K [0x0000000080000000, 0x00000000aa800000, 0x00000000d5580000)
  object space 696320K, 99% used [0x0000000080000000,0x00000000aa7ce828,0x00000000aa800000)
 Metaspace       used 79314K, committed 81088K, reserved 1179648K
  class space    used 8414K, committed 9152K, reserved 1048576K
}
Event: 18027.702 GC heap before
{Heap before GC invocations=1396 (full 4):
 PSYoungGen      total 24064K, used 22314K [0x00000000d5580000, 0x00000000d7780000, 0x0000000100000000)
  eden space 21504K, 99% used [0x00000000d5580000,0x00000000d6a7fff8,0x00000000d6a80000)
  from space 2560K, 31% used [0x00000000d7300000,0x00000000d73ca910,0x00000000d7580000)
  to   space 1536K, 0% used [0x00000000d7600000,0x00000000d7600000,0x00000000d7780000)
 ParOldGen       total 696320K, used 696122K [0x0000000080000000, 0x00000000aa800000, 0x00000000d5580000)
  object space 696320K, 99% used [0x0000000080000000,0x00000000aa7ce828,0x00000000aa800000)
 Metaspace       used 79372K, committed 81216K, reserved 1179648K
  class space    used 8415K, committed 9216K, reserved 1048576K
}
Event: 18027.706 GC heap after
{Heap after GC invocations=1396 (full 4):
 PSYoungGen      total 22016K, used 384K [0x00000000d5580000, 0x00000000d7680000, 0x0000000100000000)
  eden space 21504K, 0% used [0x00000000d5580000,0x00000000d5580000,0x00000000d6a80000)
  from space 512K, 75% used [0x00000000d7600000,0x00000000d7660000,0x00000000d7680000)
  to   space 1024K, 0% used [0x00000000d7480000,0x00000000d7480000,0x00000000d7580000)
 ParOldGen       total 696320K, used 696130K [0x0000000080000000, 0x00000000aa800000, 0x00000000d5580000)
  object space 696320K, 99% used [0x0000000080000000,0x00000000aa7d0828,0x00000000aa800000)
 Metaspace       used 79372K, committed 81216K, reserved 1179648K
  class space    used 8415K, committed 9216K, reserved 1048576K
}
Event: 18159.568 GC heap before
{Heap before GC invocations=1397 (full 4):
 PSYoungGen      total 22016K, used 21835K [0x00000000d5580000, 0x00000000d7680000, 0x0000000100000000)
  eden space 21504K, 99% used [0x00000000d5580000,0x00000000d6a72fb8,0x00000000d6a80000)
  from space 512K, 75% used [0x00000000d7600000,0x00000000d7660000,0x00000000d7680000)
  to   space 1024K, 0% used [0x00000000d7480000,0x00000000d7480000,0x00000000d7580000)
 ParOldGen       total 696320K, used 696130K [0x0000000080000000, 0x00000000aa800000, 0x00000000d5580000)
  object space 696320K, 99% used [0x0000000080000000,0x00000000aa7d0828,0x00000000aa800000)
 Metaspace       used 79552K, committed 81408K, reserved 1179648K
  class space    used 8421K, committed 9216K, reserved 1048576K
}
Event: 18159.573 GC heap after
{Heap after GC invocations=1397 (full 4):
 PSYoungGen      total 22528K, used 1018K [0x00000000d5580000, 0x00000000d7680000, 0x0000000100000000)
  eden space 21504K, 0% used [0x00000000d5580000,0x00000000d5580000,0x00000000d6a80000)
  from space 1024K, 99% used [0x00000000d7480000,0x00000000d757e900,0x00000000d7580000)
  to   space 1024K, 0% used [0x00000000d7580000,0x00000000d7580000,0x00000000d7680000)
 ParOldGen       total 696832K, used 696381K [0x0000000080000000, 0x00000000aa880000, 0x00000000d5580000)
  object space 696832K, 99% used [0x0000000080000000,0x00000000aa80f748,0x00000000aa880000)
 Metaspace       used 79552K, committed 81408K, reserved 1179648K
  class space    used 8421K, committed 9216K, reserved 1048576K
}
Event: 18159.711 GC heap before
{Heap before GC invocations=1398 (full 4):
 PSYoungGen      total 22528K, used 22522K [0x00000000d5580000, 0x00000000d7680000, 0x0000000100000000)
  eden space 21504K, 100% used [0x00000000d5580000,0x00000000d6a80000,0x00000000d6a80000)
  from space 1024K, 99% used [0x00000000d7480000,0x00000000d757e900,0x00000000d7580000)
  to   space 1024K, 0% used [0x00000000d7580000,0x00000000d7580000,0x00000000d7680000)
 ParOldGen       total 696832K, used 696381K [0x0000000080000000, 0x00000000aa880000, 0x00000000d5580000)
  object space 696832K, 99% used [0x0000000080000000,0x00000000aa80f748,0x00000000aa880000)
 Metaspace       used 79567K, committed 81408K, reserved 1179648K
  class space    used 8421K, committed 9216K, reserved 1048576K
}
Event: 18159.717 GC heap after
{Heap after GC invocations=1398 (full 4):
 PSYoungGen      total 22528K, used 999K [0x00000000d5580000, 0x00000000d7680000, 0x0000000100000000)
  eden space 21504K, 0% used [0x00000000d5580000,0x00000000d5580000,0x00000000d6a80000)
  from space 1024K, 97% used [0x00000000d7580000,0x00000000d7679fd8,0x00000000d7680000)
  to   space 3072K, 0% used [0x00000000d7080000,0x00000000d7080000,0x00000000d7380000)
 ParOldGen       total 698368K, used 697874K [0x0000000080000000, 0x00000000aaa00000, 0x00000000d5580000)
  object space 698368K, 99% used [0x0000000080000000,0x00000000aa984948,0x00000000aaa00000)
 Metaspace       used 79567K, committed 81408K, reserved 1179648K
  class space    used 8421K, committed 9216K, reserved 1048576K
}
Event: 18159.840 GC heap before
{Heap before GC invocations=1399 (full 4):
 PSYoungGen      total 22528K, used 22498K [0x00000000d5580000, 0x00000000d7680000, 0x0000000100000000)
  eden space 21504K, 99% used [0x00000000d5580000,0x00000000d6a7ea88,0x00000000d6a80000)
  from space 1024K, 97% used [0x00000000d7580000,0x00000000d7679fd8,0x00000000d7680000)
  to   space 3072K, 0% used [0x00000000d7080000,0x00000000d7080000,0x00000000d7380000)
 ParOldGen       total 698368K, used 697874K [0x0000000080000000, 0x00000000aaa00000, 0x00000000d5580000)
  object space 698368K, 99% used [0x0000000080000000,0x00000000aa984948,0x00000000aaa00000)
 Metaspace       used 79609K, committed 81408K, reserved 1179648K
  class space    used 8421K, committed 9216K, reserved 1048576K
}
Event: 18159.845 GC heap after
{Heap after GC invocations=1399 (full 4):
 PSYoungGen      total 24576K, used 1081K [0x00000000d5580000, 0x00000000d7600000, 0x0000000100000000)
  eden space 21504K, 0% used [0x00000000d5580000,0x00000000d5580000,0x00000000d6a80000)
  from space 3072K, 35% used [0x00000000d7080000,0x00000000d718e7b8,0x00000000d7380000)
  to   space 2048K, 0% used [0x00000000d7400000,0x00000000d7400000,0x00000000d7600000)
 ParOldGen       total 699392K, used 698930K [0x0000000080000000, 0x00000000aab00000, 0x00000000d5580000)
  object space 699392K, 99% used [0x0000000080000000,0x00000000aaa8c920,0x00000000aab00000)
 Metaspace       used 79609K, committed 81408K, reserved 1179648K
  class space    used 8421K, committed 9216K, reserved 1048576K
}

Dll operation events (11 events):
Event: 0.009 Loaded shared library c:\Users\Astha\.vscode\extensions\redhat.java-1.44.0-win32-x64\jre\21.0.8-win32-x86_64\bin\java.dll
Event: 0.069 Loaded shared library c:\Users\Astha\.vscode\extensions\redhat.java-1.44.0-win32-x64\jre\21.0.8-win32-x86_64\bin\zip.dll
Event: 0.089 Loaded shared library C:\Users\Astha\.vscode\extensions\redhat.java-1.44.0-win32-x64\jre\21.0.8-win32-x86_64\bin\instrument.dll
Event: 0.094 Loaded shared library C:\Users\Astha\.vscode\extensions\redhat.java-1.44.0-win32-x64\jre\21.0.8-win32-x86_64\bin\net.dll
Event: 0.097 Loaded shared library C:\Users\Astha\.vscode\extensions\redhat.java-1.44.0-win32-x64\jre\21.0.8-win32-x86_64\bin\nio.dll
Event: 0.101 Loaded shared library C:\Users\Astha\.vscode\extensions\redhat.java-1.44.0-win32-x64\jre\21.0.8-win32-x86_64\bin\zip.dll
Event: 0.115 Loaded shared library C:\Users\Astha\.vscode\extensions\redhat.java-1.44.0-win32-x64\jre\21.0.8-win32-x86_64\bin\jimage.dll
Event: 0.179 Loaded shared library c:\Users\Astha\.vscode\extensions\redhat.java-1.44.0-win32-x64\jre\21.0.8-win32-x86_64\bin\verify.dll
Event: 1.069 Loaded shared library C:\Users\Astha\AppData\Roaming\Code\User\globalStorage\redhat.java\1.44.0\config_win\org.eclipse.equinox.launcher\org.eclipse.equinox.launcher.win32.win32.x86_64_1.2.1400.v20250730-1736\eclipse_11913.dll
Event: 2.265 Loaded shared library C:\Users\Astha\AppData\Local\Temp\jna-63569627\jna13135538665097305850.dll
Event: 117.339 Loaded shared library C:\Users\Astha\.vscode\extensions\redhat.java-1.44.0-win32-x64\jre\21.0.8-win32-x86_64\bin\extnet.dll

Deoptimization events (20 events):
Event: 18159.731 Thread 0x000002c4916cbc60 DEOPT PACKING pc=0x000002c43b75d4f0 sp=0x000000c99f7fe000
Event: 18159.731 Thread 0x000002c4916cbc60 DEOPT UNPACKING pc=0x000002c43a483aa2 sp=0x000000c99f7fdfb8 mode 2
Event: 18159.773 Thread 0x000002c4916cbc60 DEOPT PACKING pc=0x000002c434e9da7f sp=0x000000c99f7fcf90
Event: 18159.773 Thread 0x000002c4916cbc60 DEOPT UNPACKING pc=0x000002c43a484242 sp=0x000000c99f7fc440 mode 0
Event: 18159.774 Thread 0x000002c4916cbc60 DEOPT PACKING pc=0x000002c434770e87 sp=0x000000c99f7fdc90
Event: 18159.774 Thread 0x000002c4916cbc60 DEOPT UNPACKING pc=0x000002c43a484242 sp=0x000000c99f7fd158 mode 0
Event: 18159.775 Thread 0x000002c4916cbc60 Uncommon trap: trap_request=0xffffffbe fr.pc=0x000002c43b75d4f0 relative=0x0000000000001950
Event: 18159.775 Thread 0x000002c4916cbc60 Uncommon trap: reason=profile_predicate action=maybe_recompile pc=0x000002c43b75d4f0 method=java.lang.String.split(CIZ)[Ljava/lang/String; @ 51 c2
Event: 18159.775 Thread 0x000002c4916cbc60 DEOPT PACKING pc=0x000002c43b75d4f0 sp=0x000000c99f7fe0d0
Event: 18159.775 Thread 0x000002c4916cbc60 DEOPT UNPACKING pc=0x000002c43a483aa2 sp=0x000000c99f7fe088 mode 2
Event: 18159.837 Thread 0x000002c4916cbc60 DEOPT PACKING pc=0x000002c434e6ad41 sp=0x000000c99f7fdb70
Event: 18159.837 Thread 0x000002c4916cbc60 DEOPT UNPACKING pc=0x000002c43a484242 sp=0x000000c99f7fd070 mode 0
Event: 18159.839 Thread 0x000002c4916cbc60 DEOPT PACKING pc=0x000002c434e6ad41 sp=0x000000c99f7fd850
Event: 18159.839 Thread 0x000002c4916cbc60 DEOPT UNPACKING pc=0x000002c43a484242 sp=0x000000c99f7fcd50 mode 0
Event: 18159.938 Thread 0x000002c4916cbc60 Uncommon trap: trap_request=0x000010c0 fr.pc=0x000002c43b7271e4 relative=0x0000000000001c04
Event: 18159.938 Thread 0x000002c4916cbc60 Uncommon trap: reason=unloaded action=reinterpret pc=0x000002c43b7271e4 method=org.eclipse.jdt.internal.compiler.parser.Parser.consumeToken(Lorg/eclipse/jdt/internal/compiler/parser/TerminalToken;)V @ 1358 c2
Event: 18159.939 Thread 0x000002c4916cbc60 DEOPT PACKING pc=0x000002c43b7271e4 sp=0x000000c99f7fdb50
Event: 18159.939 Thread 0x000002c4916cbc60 DEOPT UNPACKING pc=0x000002c43a483aa2 sp=0x000000c99f7fdb00 mode 2
Event: 18159.951 Thread 0x000002c4916cbc60 DEOPT PACKING pc=0x000002c434e9da7f sp=0x000000c99f7fd870
Event: 18159.951 Thread 0x000002c4916cbc60 DEOPT UNPACKING pc=0x000002c43a484242 sp=0x000000c99f7fcd20 mode 0

Classes loaded (20 events):
Event: 118.804 Loading class java/lang/ProcessHandleImpl$1
Event: 118.804 Loading class java/lang/ProcessHandleImpl$1 done
Event: 118.805 Loading class java/util/concurrent/CompletableFuture$UniHandle
Event: 118.805 Loading class java/util/concurrent/CompletableFuture$UniHandle done
Event: 302.919 Loading class java/util/stream/Nodes$CollectorTask$OfRef
Event: 302.920 Loading class java/util/stream/Nodes$CollectorTask
Event: 302.920 Loading class java/util/stream/Nodes$CollectorTask done
Event: 302.920 Loading class java/util/stream/Nodes$CollectorTask$OfRef done
Event: 302.920 Loading class java/util/function/LongFunction
Event: 302.920 Loading class java/util/function/LongFunction done
Event: 302.920 Loading class java/util/stream/Nodes$ConcNode
Event: 302.921 Loading class java/util/stream/Nodes$AbstractConcNode
Event: 302.921 Loading class java/util/stream/Nodes$AbstractConcNode done
Event: 302.921 Loading class java/util/stream/Nodes$ConcNode done
Event: 302.926 Loading class java/io/ObjectOutputStream$BlockDataOutputStream
Event: 302.926 Loading class java/io/ObjectOutputStream$BlockDataOutputStream done
Event: 302.926 Loading class java/io/ObjectOutputStream$HandleTable
Event: 302.926 Loading class java/io/ObjectOutputStream$HandleTable done
Event: 302.926 Loading class java/io/ObjectOutputStream$ReplaceTable
Event: 302.927 Loading class java/io/ObjectOutputStream$ReplaceTable done

Classes unloaded (11 events):
Event: 2.718 Thread 0x000002c42fdbdab0 Unloading class 0x000002c4481ab800 'java/lang/invoke/LambdaForm$MH+0x000002c4481ab800'
Event: 2.718 Thread 0x000002c42fdbdab0 Unloading class 0x000002c4481ab400 'java/lang/invoke/LambdaForm$MH+0x000002c4481ab400'
Event: 2.718 Thread 0x000002c42fdbdab0 Unloading class 0x000002c4481ab000 'java/lang/invoke/LambdaForm$MH+0x000002c4481ab000'
Event: 2.718 Thread 0x000002c42fdbdab0 Unloading class 0x000002c4481aac00 'java/lang/invoke/LambdaForm$MH+0x000002c4481aac00'
Event: 2.718 Thread 0x000002c42fdbdab0 Unloading class 0x000002c4481aa800 'java/lang/invoke/LambdaForm$BMH+0x000002c4481aa800'
Event: 2.718 Thread 0x000002c42fdbdab0 Unloading class 0x000002c4481aa400 'java/lang/invoke/LambdaForm$DMH+0x000002c4481aa400'
Event: 2.718 Thread 0x000002c42fdbdab0 Unloading class 0x000002c4481a9000 'java/lang/invoke/LambdaForm$DMH+0x000002c4481a9000'
Event: 26.650 Thread 0x000002c42fdbdab0 Unloading class 0x000002c4486c1800 'java/lang/invoke/LambdaForm$DMH+0x000002c4486c1800'
Event: 26.650 Thread 0x000002c42fdbdab0 Unloading class 0x000002c4486c1400 'java/lang/invoke/LambdaForm$DMH+0x000002c4486c1400'
Event: 26.650 Thread 0x000002c42fdbdab0 Unloading class 0x000002c4486c1000 'java/lang/invoke/LambdaForm$DMH+0x000002c4486c1000'
Event: 26.650 Thread 0x000002c42fdbdab0 Unloading class 0x000002c4486c0800 'java/lang/invoke/LambdaForm$DMH+0x000002c4486c0800'

Classes redefined (0 events):
No events

Internal exceptions (20 events):
Event: 117.546 Thread 0x000002c4916c7ac0 Exception <a 'java/lang/NoSuchMethodError'{0x00000000d693b8a8}: 'java.lang.Object java.lang.invoke.DirectMethodHandle$Holder.invokeStatic(java.lang.Object, long, java.lang.Object, java.lang.Object)'> (0x00000000d693b8a8) 
thrown [s\src\hotspot\share\interpreter\linkResolver.cpp, line 773]
Event: 117.563 Thread 0x000002c4916c7ac0 Exception <a 'sun/nio/fs/WindowsException'{0x00000000d69def48}> (0x00000000d69def48) 
thrown [s\src\hotspot\share\prims\jni.cpp, line 520]
Event: 117.563 Thread 0x000002c4916c7ac0 Exception <a 'sun/nio/fs/WindowsException'{0x00000000d69dfff8}> (0x00000000d69dfff8) 
thrown [s\src\hotspot\share\prims\jni.cpp, line 520]
Event: 117.578 Thread 0x000002c4916c7ac0 Exception <a 'java/lang/NoSuchMethodError'{0x00000000d6a7c178}: 'void java.lang.invoke.DirectMethodHandle$Holder.invokeStatic(java.lang.Object, java.lang.Object, java.lang.Object, java.lang.Object, java.lang.Object, java.lang.Object, java.lang.Object)'> (0x00000000d6a7c178) 
thrown [s\src\hotspot\share\interpreter\linkResolver.cpp, line 773]
Event: 118.084 Thread 0x000002c4919dfe90 Exception <a 'java/lang/IncompatibleClassChangeError'{0x00000000d55a10f0}: Found class java.lang.Object, but interface was expected> (0x00000000d55a10f0) 
thrown [s\src\hotspot\share\interpreter\linkResolver.cpp, line 840]
Event: 118.645 Thread 0x000002c4916cb5d0 Exception <a 'java/lang/NoSuchMethodError'{0x00000000d561aaa8}: 'long java.lang.invoke.DelegatingMethodHandle$Holder.reinvoke_L(java.lang.Object, java.lang.Object)'> (0x00000000d561aaa8) 
thrown [s\src\hotspot\share\interpreter\linkResolver.cpp, line 773]
Event: 118.646 Thread 0x000002c4916cb5d0 Exception <a 'java/lang/NoSuchMethodError'{0x00000000d5624bd0}: 'void java.lang.invoke.DelegatingMethodHandle$Holder.reinvoke_L(java.lang.Object, java.lang.Object, long)'> (0x00000000d5624bd0) 
thrown [s\src\hotspot\share\interpreter\linkResolver.cpp, line 773]
Event: 118.806 Thread 0x000002c4916cb5d0 Exception <a 'java/lang/NoSuchMethodError'{0x00000000d570d348}: 'long java.lang.invoke.Invokers$Holder.invokeExact_MT(java.lang.Object, java.lang.Object, java.lang.Object)'> (0x00000000d570d348) 
thrown [s\src\hotspot\share\interpreter\linkResolver.cpp, line 773]
Event: 302.948 Thread 0x000002c48f009e90 Exception <a 'java/lang/NoSuchMethodError'{0x00000000d5a797c8}: static [J.<clinit>()V> (0x00000000d5a797c8) 
thrown [s\src\hotspot\share\prims\jni.cpp, line 1111]
Event: 302.953 Thread 0x000002c48f009e90 Exception <a 'java/lang/NoSuchMethodError'{0x00000000d5aafc00}: 'java.lang.Object java.lang.invoke.DirectMethodHandle$Holder.newInvokeSpecial(java.lang.Object, java.lang.Object, java.lang.Object, java.lang.Object, java.lang.Object, java.lang.Object, java.lang.Object, java.lang.Object)'> (0x00000000d5aafc00) 
thrown [s\src\hotspot\share\interpreter\linkResolver.cpp, line 773]
Event: 428.359 Thread 0x000002c4919dfe90 Exception <a 'java/lang/IncompatibleClassChangeError'{0x00000000d5d1c5c8}: Found class java.lang.Object, but interface was expected> (0x00000000d5d1c5c8) 
thrown [s\src\hotspot\share\interpreter\linkResolver.cpp, line 840]
Event: 428.367 Thread 0x000002c491240960 Exception <a 'java/lang/NoSuchMethodError'{0x00000000d5eacb90}: 'java.lang.Object java.lang.invoke.DirectMethodHandle$Holder.invokeSpecial(java.lang.Object, java.lang.Object, java.lang.Object, java.lang.Object, int, java.lang.Object, java.lang.Object)'> (0x00000000d5eacb90) 
thrown [s\src\hotspot\share\interpreter\linkResolver.cpp, line 773]
Event: 544.438 Thread 0x000002c49123fc40 Exception <a 'java/lang/NoSuchMethodError'{0x00000000d5bf70a8}: 'java.lang.Object java.lang.invoke.DirectMethodHandle$Holder.newInvokeSpecial(java.lang.Object, int, java.lang.Object, java.lang.Object, java.lang.Object)'> (0x00000000d5bf70a8) 
thrown [s\src\hotspot\share\interpreter\linkResolver.cpp, line 773]
Event: 558.066 Thread 0x000002c4919dfe90 Exception <a 'java/lang/IncompatibleClassChangeError'{0x00000000d6a7a598}: Found class java.lang.Object, but interface was expected> (0x00000000d6a7a598) 
thrown [s\src\hotspot\share\interpreter\linkResolver.cpp, line 840]
Event: 558.071 Thread 0x000002c49123fc40 Exception <a 'java/lang/NoSuchMethodError'{0x00000000d55a8a58}: 'java.lang.Object java.lang.invoke.DirectMethodHandle$Holder.invokeStatic(java.lang.Object, int, int, java.lang.Object)'> (0x00000000d55a8a58) 
thrown [s\src\hotspot\share\interpreter\linkResolver.cpp, line 773]
Event: 18159.950 Thread 0x000002c4916cbc60 Exception <a 'java/lang/ClassNotFoundException'{0x00000000d5ea2b20}: sun/net/www/protocol/jdt/Handler> (0x00000000d5ea2b20) 
thrown [s\src\hotspot\share\classfile\systemDictionary.cpp, line 312]
Event: 18159.951 Thread 0x000002c4916cbc60 Exception <a 'java/lang/ClassNotFoundException'{0x00000000d5ea61c0}: sun/net/www/protocol/jdt/Handler> (0x00000000d5ea61c0) 
thrown [s\src\hotspot\share\classfile\systemDictionary.cpp, line 312]
Event: 18159.952 Thread 0x000002c4916cbc60 Exception <a 'java/lang/ClassNotFoundException'{0x00000000d5ea89f0}: sun/net/www/protocol/jdt/Handler> (0x00000000d5ea89f0) 
thrown [s\src\hotspot\share\classfile\systemDictionary.cpp, line 312]
Event: 18159.952 Thread 0x000002c4916cbc60 Exception <a 'java/lang/ClassNotFoundException'{0x00000000d5eabac0}: sun/net/www/protocol/jdt/Handler> (0x00000000d5eabac0) 
thrown [s\src\hotspot\share\classfile\systemDictionary.cpp, line 312]
Event: 18159.954 Thread 0x000002c4916cbc60 Exception <a 'java/lang/ClassNotFoundException'{0x00000000d5eaeae8}: sun/net/www/protocol/jdt/Handler> (0x00000000d5eaeae8) 
thrown [s\src\hotspot\share\classfile\systemDictionary.cpp, line 312]

ZGC Phase Switch (0 events):
No events

VM Operations (20 events):
Event: 18050.932 Executing VM operation: Cleanup
Event: 18050.932 Executing VM operation: Cleanup done
Event: 18086.953 Executing VM operation: HandshakeAllThreads (HandshakeForDeflation)
Event: 18086.954 Executing VM operation: HandshakeAllThreads (HandshakeForDeflation) done
Event: 18086.954 Executing VM operation: RendezvousGCThreads
Event: 18086.954 Executing VM operation: RendezvousGCThreads done
Event: 18159.474 Executing VM operation: HandshakeAllThreads (Deoptimize)
Event: 18159.475 Executing VM operation: HandshakeAllThreads (Deoptimize) done
Event: 18159.475 Executing VM operation: Cleanup
Event: 18159.475 Executing VM operation: Cleanup done
Event: 18159.568 Executing VM operation: ParallelGCFailedAllocation (Allocation Failure)
Event: 18159.573 Executing VM operation: ParallelGCFailedAllocation (Allocation Failure) done
Event: 18159.711 Executing VM operation: ParallelGCFailedAllocation (Allocation Failure)
Event: 18159.717 Executing VM operation: ParallelGCFailedAllocation (Allocation Failure) done
Event: 18159.840 Executing VM operation: ParallelGCFailedAllocation (Allocation Failure)
Event: 18159.846 Executing VM operation: ParallelGCFailedAllocation (Allocation Failure) done
Event: 18160.852 Executing VM operation: Cleanup
Event: 18160.852 Executing VM operation: Cleanup done
Event: 18279.786 Executing VM operation: Cleanup
Event: 18279.786 Executing VM operation: Cleanup done

Memory protections (0 events):
No events

Nmethod flushes (20 events):
Event: 26.673 Thread 0x000002c42fdbdab0 flushing  nmethod 0x000002c433f89810
Event: 26.673 Thread 0x000002c42fdbdab0 flushing  nmethod 0x000002c433f8f110
Event: 26.673 Thread 0x000002c42fdbdab0 flushing  nmethod 0x000002c433f8fb90
Event: 26.673 Thread 0x000002c42fdbdab0 flushing  nmethod 0x000002c433f92590
Event: 26.673 Thread 0x000002c42fdbdab0 flushing osr nmethod 0x000002c433faa410
Event: 26.673 Thread 0x000002c42fdbdab0 flushing  nmethod 0x000002c433fb8390
Event: 26.673 Thread 0x000002c42fdbdab0 flushing  nmethod 0x000002c433fb8810
Event: 26.673 Thread 0x000002c42fdbdab0 flushing  nmethod 0x000002c433fd0190
Event: 26.673 Thread 0x000002c42fdbdab0 flushing  nmethod 0x000002c433fe9690
Event: 26.673 Thread 0x000002c42fdbdab0 flushing osr nmethod 0x000002c433fee510
Event: 26.673 Thread 0x000002c42fdbdab0 flushing  nmethod 0x000002c434014f90
Event: 26.673 Thread 0x000002c42fdbdab0 flushing  nmethod 0x000002c434015390
Event: 26.673 Thread 0x000002c42fdbdab0 flushing  nmethod 0x000002c434015d90
Event: 26.673 Thread 0x000002c42fdbdab0 flushing  nmethod 0x000002c434016290
Event: 26.673 Thread 0x000002c42fdbdab0 flushing  nmethod 0x000002c434016b90
Event: 26.673 Thread 0x000002c42fdbdab0 flushing  nmethod 0x000002c434018a10
Event: 26.673 Thread 0x000002c42fdbdab0 flushing  nmethod 0x000002c43403fb90
Event: 26.673 Thread 0x000002c42fdbdab0 flushing  nmethod 0x000002c434040890
Event: 26.673 Thread 0x000002c42fdbdab0 flushing  nmethod 0x000002c434099110
Event: 26.673 Thread 0x000002c42fdbdab0 flushing  nmethod 0x000002c4340be110

Events (20 events):
Event: 646.702 Thread 0x000002c48f00e030 Thread exited: 0x000002c48f00e030
Event: 658.711 Thread 0x000002c4a419d5d0 Thread exited: 0x000002c4a419d5d0
Event: 665.842 Thread 0x000002c4918d7ad0 Thread exited: 0x000002c4918d7ad0
Event: 718.723 Thread 0x000002c4916cb5d0 Thread exited: 0x000002c4916cb5d0
Event: 725.851 Thread 0x000002c4919e6790 Thread exited: 0x000002c4919e6790
Event: 778.739 Thread 0x000002c49123fc40 Thread exited: 0x000002c49123fc40
Event: 838.747 Thread 0x000002c4912423a0 Thread exited: 0x000002c4912423a0
Event: 898.761 Thread 0x000002c4919e0520 Thread exited: 0x000002c4919e0520
Event: 958.775 Thread 0x000002c4916cd010 Thread exited: 0x000002c4916cd010
Event: 1275.811 Thread 0x000002c491241680 Thread exited: 0x000002c491241680
Event: 18027.646 Thread 0x000002c4888efc70 Thread added: 0x000002c4a36f7620
Event: 18027.647 Thread 0x000002c4888efc70 Thread added: 0x000002c4a36fa5d0
Event: 18032.711 Thread 0x000002c4a36fa5d0 Thread exited: 0x000002c4a36fa5d0
Event: 18037.714 Thread 0x000002c4a36f7620 Thread exited: 0x000002c4a36f7620
Event: 18062.847 Thread 0x000002c4a419e2f0 Thread exited: 0x000002c4a419e2f0
Event: 18122.850 Thread 0x000002c4916cdd30 Thread exited: 0x000002c4916cdd30
Event: 18159.643 Thread 0x000002c4888f1580 Thread added: 0x000002c4920ff240
Event: 18164.993 Thread 0x000002c4920ff240 Thread exited: 0x000002c4920ff240
Event: 18219.979 Thread 0x000002c4916cbc60 Thread exited: 0x000002c4916cbc60
Event: 18279.988 Thread 0x000002c4916cc980 Thread exited: 0x000002c4916cc980


Dynamic libraries:
0x00007ff68e2a0000 - 0x00007ff68e2ae000 	c:\Users\Astha\.vscode\extensions\redhat.java-1.44.0-win32-x64\jre\21.0.8-win32-x86_64\bin\java.exe
0x00007ffcd5f20000 - 0x00007ffcd6188000 	C:\WINDOWS\SYSTEM32\ntdll.dll
0x00007ffcd56e0000 - 0x00007ffcd57a9000 	C:\WINDOWS\System32\KERNEL32.DLL
0x00007ffcd36a0000 - 0x00007ffcd3a8d000 	C:\WINDOWS\System32\KERNELBASE.dll
0x00007ffcd3370000 - 0x00007ffcd34bb000 	C:\WINDOWS\System32\ucrtbase.dll
0x00007ffccde10000 - 0x00007ffccde28000 	c:\Users\Astha\.vscode\extensions\redhat.java-1.44.0-win32-x64\jre\21.0.8-win32-x86_64\bin\jli.dll
0x00007ffcd5190000 - 0x00007ffcd535c000 	C:\WINDOWS\System32\USER32.dll
0x00007ffcd3340000 - 0x00007ffcd3367000 	C:\WINDOWS\System32\win32u.dll
0x00007ffcd3fa0000 - 0x00007ffcd3fcb000 	C:\WINDOWS\System32\GDI32.dll
0x00007ffcd34c0000 - 0x00007ffcd35f7000 	C:\WINDOWS\System32\gdi32full.dll
0x00007ffcd3a90000 - 0x00007ffcd3b33000 	C:\WINDOWS\System32\msvcp_win.dll
0x00007ffcc46f0000 - 0x00007ffcc470e000 	c:\Users\Astha\.vscode\extensions\redhat.java-1.44.0-win32-x64\jre\21.0.8-win32-x86_64\bin\VCRUNTIME140.dll
0x00007ffcba540000 - 0x00007ffcba7da000 	C:\WINDOWS\WinSxS\amd64_microsoft.windows.common-controls_6595b64144ccf1df_6.0.26100.4484_none_3e0e6d4ce32ef3b3\COMCTL32.dll
0x00007ffcd3de0000 - 0x00007ffcd3e89000 	C:\WINDOWS\System32\msvcrt.dll
0x00007ffcd4660000 - 0x00007ffcd468f000 	C:\WINDOWS\System32\IMM32.DLL
0x00007ffcae710000 - 0x00007ffcae86c000 	C:\Program Files (x86)\Citrix\ICA Client\ctxapclient64.dll
0x00007ffcd5ae0000 - 0x00007ffcd5e66000 	C:\WINDOWS\System32\combase.dll
0x00007ffcd3cc0000 - 0x00007ffcd3dd8000 	C:\WINDOWS\System32\RPCRT4.dll
0x00007ffcca590000 - 0x00007ffcca59b000 	C:\WINDOWS\SYSTEM32\VERSION.dll
0x00007ffcd2f50000 - 0x00007ffcd2f76000 	C:\WINDOWS\SYSTEM32\bcrypt.dll
0x00007ffcd5920000 - 0x00007ffcd59d4000 	C:\WINDOWS\System32\ADVAPI32.dll
0x00007ffcd4fd0000 - 0x00007ffcd5076000 	C:\WINDOWS\System32\sechost.dll
0x00007ffcd1f40000 - 0x00007ffcd1f76000 	C:\WINDOWS\SYSTEM32\ntmarta.dll
0x000002c42f430000 - 0x000002c42f4c9000 	C:\WINDOWS\System32\bcryptprimitives.dll
0x00007ffccece0000 - 0x00007ffccecec000 	c:\Users\Astha\.vscode\extensions\redhat.java-1.44.0-win32-x64\jre\21.0.8-win32-x86_64\bin\vcruntime140_1.dll
0x00007ffc70120000 - 0x00007ffc701ad000 	c:\Users\Astha\.vscode\extensions\redhat.java-1.44.0-win32-x64\jre\21.0.8-win32-x86_64\bin\msvcp140.dll
0x00007ffc05870000 - 0x00007ffc06607000 	c:\Users\Astha\.vscode\extensions\redhat.java-1.44.0-win32-x64\jre\21.0.8-win32-x86_64\bin\server\jvm.dll
0x00007ffcd57c0000 - 0x00007ffcd5834000 	C:\WINDOWS\System32\WS2_32.dll
0x00007ffcd2ee0000 - 0x00007ffcd2f3e000 	C:\WINDOWS\SYSTEM32\POWRPROF.dll
0x00007ffcc3ac0000 - 0x00007ffcc3af5000 	C:\WINDOWS\SYSTEM32\WINMM.dll
0x00007ffcd2ea0000 - 0x00007ffcd2eb4000 	C:\WINDOWS\SYSTEM32\UMPDC.dll
0x00007ffcd1d70000 - 0x00007ffcd1d8b000 	C:\WINDOWS\SYSTEM32\kernel.appcore.dll
0x00007ffcca850000 - 0x00007ffcca85a000 	c:\Users\Astha\.vscode\extensions\redhat.java-1.44.0-win32-x64\jre\21.0.8-win32-x86_64\bin\jimage.dll
0x00007ffcc7be0000 - 0x00007ffcc7e21000 	C:\WINDOWS\SYSTEM32\DBGHELP.DLL
0x00007ffcd3eb0000 - 0x00007ffcd3f90000 	C:\WINDOWS\System32\OLEAUT32.dll
0x00007ffcb9f10000 - 0x00007ffcb9f53000 	C:\WINDOWS\SYSTEM32\dbgcore.DLL
0x00007ffcca070000 - 0x00007ffcca07f000 	c:\Users\Astha\.vscode\extensions\redhat.java-1.44.0-win32-x64\jre\21.0.8-win32-x86_64\bin\instrument.dll
0x00007ffcae870000 - 0x00007ffcae88f000 	c:\Users\Astha\.vscode\extensions\redhat.java-1.44.0-win32-x64\jre\21.0.8-win32-x86_64\bin\java.dll
0x00007ffcd4880000 - 0x00007ffcd4fca000 	C:\WINDOWS\System32\SHELL32.dll
0x00007ffcd31c0000 - 0x00007ffcd3334000 	C:\WINDOWS\System32\wintypes.dll
0x00007ffcd0c90000 - 0x00007ffcd14eb000 	C:\WINDOWS\SYSTEM32\windows.storage.dll
0x00007ffcd59e0000 - 0x00007ffcd5ad5000 	C:\WINDOWS\System32\SHCORE.dll
0x00007ffcd5e70000 - 0x00007ffcd5eda000 	C:\WINDOWS\System32\shlwapi.dll
0x00007ffcd2f80000 - 0x00007ffcd2faf000 	C:\WINDOWS\SYSTEM32\profapi.dll
0x00007ffcbcee0000 - 0x00007ffcbcef8000 	c:\Users\Astha\.vscode\extensions\redhat.java-1.44.0-win32-x64\jre\21.0.8-win32-x86_64\bin\zip.dll
0x00007ffcc4620000 - 0x00007ffcc4630000 	C:\Users\Astha\.vscode\extensions\redhat.java-1.44.0-win32-x64\jre\21.0.8-win32-x86_64\bin\net.dll
0x00007ffccb010000 - 0x00007ffccb12e000 	C:\WINDOWS\SYSTEM32\WINHTTP.dll
0x00007ffcd23a0000 - 0x00007ffcd240a000 	C:\WINDOWS\system32\mswsock.dll
0x00007ffcacbf0000 - 0x00007ffcacc06000 	C:\Users\Astha\.vscode\extensions\redhat.java-1.44.0-win32-x64\jre\21.0.8-win32-x86_64\bin\nio.dll
0x00007ffcbc500000 - 0x00007ffcbc510000 	c:\Users\Astha\.vscode\extensions\redhat.java-1.44.0-win32-x64\jre\21.0.8-win32-x86_64\bin\verify.dll
0x00007ffc90960000 - 0x00007ffc909a5000 	C:\Users\Astha\AppData\Roaming\Code\User\globalStorage\redhat.java\1.44.0\config_win\org.eclipse.equinox.launcher\org.eclipse.equinox.launcher.win32.win32.x86_64_1.2.1400.v20250730-1736\eclipse_11913.dll
0x00007ffcd46d0000 - 0x00007ffcd486e000 	C:\WINDOWS\System32\ole32.dll
0x00007ffcd2650000 - 0x00007ffcd266b000 	C:\WINDOWS\SYSTEM32\CRYPTSP.dll
0x00007ffcd1d90000 - 0x00007ffcd1dcb000 	C:\WINDOWS\system32\rsaenh.dll
0x00007ffcd2440000 - 0x00007ffcd246b000 	C:\WINDOWS\SYSTEM32\USERENV.dll
0x00007ffcd2670000 - 0x00007ffcd267c000 	C:\WINDOWS\SYSTEM32\CRYPTBASE.dll
0x00007ffcd1820000 - 0x00007ffcd1853000 	C:\WINDOWS\SYSTEM32\IPHLPAPI.DLL
0x00007ffcd57b0000 - 0x00007ffcd57ba000 	C:\WINDOWS\System32\NSI.dll
0x00007ffc6f630000 - 0x00007ffc6f679000 	C:\Users\Astha\AppData\Local\Temp\jna-63569627\jna13135538665097305850.dll
0x00007ffcd4650000 - 0x00007ffcd4658000 	C:\WINDOWS\System32\PSAPI.DLL
0x00007ffccb6e0000 - 0x00007ffccb6ff000 	C:\WINDOWS\SYSTEM32\dhcpcsvc6.DLL
0x00007ffccaea0000 - 0x00007ffccaec5000 	C:\WINDOWS\SYSTEM32\dhcpcsvc.DLL
0x00007ffc928f0000 - 0x00007ffc928f9000 	C:\Users\Astha\.vscode\extensions\redhat.java-1.44.0-win32-x64\jre\21.0.8-win32-x86_64\bin\extnet.dll

JVMTI agents:
c:\Users\Astha\.vscode\extensions\redhat.java-1.44.0-win32-x64\lombok\lombok-1.18.39-4050.jar path:c:\Users\Astha\.vscode\extensions\redhat.java-1.44.0-win32-x64\jre\21.0.8-win32-x86_64\bin\instrument.dll, loaded, initialized, instrumentlib options:none

dbghelp: loaded successfully - version: 4.0.5 - missing functions: none
symbol engine: initialized successfully - sym options: 0x614 - pdb path: .;c:\Users\Astha\.vscode\extensions\redhat.java-1.44.0-win32-x64\jre\21.0.8-win32-x86_64\bin;C:\WINDOWS\SYSTEM32;C:\WINDOWS\WinSxS\amd64_microsoft.windows.common-controls_6595b64144ccf1df_6.0.26100.4484_none_3e0e6d4ce32ef3b3;C:\Program Files (x86)\Citrix\ICA Client;c:\Users\Astha\.vscode\extensions\redhat.java-1.44.0-win32-x64\jre\21.0.8-win32-x86_64\bin\server;C:\Users\Astha\AppData\Roaming\Code\User\globalStorage\redhat.java\1.44.0\config_win\org.eclipse.equinox.launcher\org.eclipse.equinox.launcher.win32.win32.x86_64_1.2.1400.v20250730-1736;C:\Users\Astha\AppData\Local\Temp\jna-63569627

VM Arguments:
jvm_args: --add-modules=ALL-SYSTEM --add-opens=java.base/java.util=ALL-UNNAMED --add-opens=java.base/java.lang=ALL-UNNAMED --add-opens=java.base/sun.nio.fs=ALL-UNNAMED -Declipse.application=org.eclipse.jdt.ls.core.id1 -Dosgi.bundles.defaultStartLevel=4 -Declipse.product=org.eclipse.jdt.ls.core.product -Djava.import.generatesMetadataFilesAtProjectRoot=false -DDetectVMInstallationsJob.disabled=true -Dfile.encoding=utf8 -XX:+UseParallelGC -XX:GCTimeRatio=4 -XX:AdaptiveSizePolicyWeight=90 -Dsun.zip.disableMemoryMapping=true -Xmx2G -Xms100m -Xlog:disable -javaagent:c:\Users\Astha\.vscode\extensions\redhat.java-1.44.0-win32-x64\lombok\lombok-1.18.39-4050.jar -XX:+HeapDumpOnOutOfMemoryError -XX:HeapDumpPath=c:\Users\Astha\AppData\Roaming\Code\User\workspaceStorage\e39771bc5a86343b297ee149df76b61c\redhat.java -Daether.dependencyCollector.impl=bf 
java_command: c:\Users\Astha\.vscode\extensions\redhat.java-1.44.0-win32-x64\server\plugins\org.eclipse.equinox.launcher_1.7.0.v20250519-0528.jar -configuration c:\Users\Astha\AppData\Roaming\Code\User\globalStorage\redhat.java\1.44.0\config_win -data c:\Users\Astha\AppData\Roaming\Code\User\workspaceStorage\e39771bc5a86343b297ee149df76b61c\redhat.java\jdt_ws --pipe=\\.\pipe\lsp-24ced5d8ccf2fe19426d85929aa5d448-sock
java_class_path (initial): c:\Users\Astha\.vscode\extensions\redhat.java-1.44.0-win32-x64\server\plugins\org.eclipse.equinox.launcher_1.7.0.v20250519-0528.jar
Launcher Type: SUN_STANDARD

[Global flags]
    uintx AdaptiveSizePolicyWeight                 = 90                                        {product} {command line}
     intx CICompilerCount                          = 4                                         {product} {ergonomic}
    uintx GCTimeRatio                              = 4                                         {product} {command line}
     bool HeapDumpOnOutOfMemoryError               = true                                   {manageable} {command line}
    ccstr HeapDumpPath                             = c:\Users\Astha\AppData\Roaming\Code\User\workspaceStorage\e39771bc5a86343b297ee149df76b61c\redhat.java         {manageable} {command line}
   size_t InitialHeapSize                          = 104857600                                 {product} {command line}
   size_t MaxHeapSize                              = 2147483648                                {product} {command line}
   size_t MaxNewSize                               = 715653120                                 {product} {ergonomic}
   size_t MinHeapDeltaBytes                        = 524288                                    {product} {ergonomic}
   size_t MinHeapSize                              = 104857600                                 {product} {command line}
   size_t NewSize                                  = 34603008                                  {product} {ergonomic}
    uintx NonNMethodCodeHeapSize                   = 5839372                                {pd product} {ergonomic}
    uintx NonProfiledCodeHeapSize                  = 122909434                              {pd product} {ergonomic}
   size_t OldSize                                  = 70254592                                  {product} {ergonomic}
    uintx ProfiledCodeHeapSize                     = 122909434                              {pd product} {ergonomic}
    uintx ReservedCodeCacheSize                    = 251658240                              {pd product} {ergonomic}
     bool SegmentedCodeCache                       = true                                      {product} {ergonomic}
   size_t SoftMaxHeapSize                          = 2147483648                             {manageable} {ergonomic}
     bool UseCompressedOops                        = true                           {product lp64_product} {ergonomic}
     bool UseLargePagesIndividualAllocation        = false                                  {pd product} {ergonomic}
     bool UseParallelGC                            = true                                      {product} {command line}

Logging:
Log output configuration:
 #0: stdout all=off uptime,level,tags foldmultilines=false
 #1: stderr all=off uptime,level,tags foldmultilines=false

Environment Variables:
JAVA_HOME=C:\Program Files\Java\jdk-17
PATH=C:\Program Files\Eclipse Adoptium\jdk-17.0.16.8-hotspot\bin;C:\app\AsthaUser\product\21c\dbhomeXE\bin;C:\oracle_2\product\21c\dbhomeXE\bin;C:\oracle_1\product\21c\dbhomeXE\bin;C:\oracle_1\product\dbhomeXE\bin;C:\app\Astha\product\21c\dbhomeXE\bin;C:\Oracle\Product\21c\dbhomeXE\bin;C:\Program Files\OpenLogic\jdk-17.0.13.11-hotspot\bin;C:\Program Files\Common Files\Oracle\Java\javapath;C:\WINDOWS\system32;C:\WINDOWS;C:\WINDOWS\System32\Wbem;C:\WINDOWS\System32\WindowsPowerShell\v1.0\;C:\WINDOWS\System32\OpenSSH\;C:\Program Files\Git\cmd;C:\Program Files\OpenLogic\jdk-17.0.13.11-hotspot\bin;C:\Program Files\nodejs\;C:\Users\Astha\apache-maven-3.9.11\bin;C:\Program Files\Java\jdk-17\bin;C:\Users\Astha\AppData\Local\Microsoft\WindowsApps;C:\Users\Astha\AppData\Local\Programs\Microsoft VS Code\bin;C:\Users\Astha\FlutterDev\flutter_windows_3.24.1-stable\flutter\bin;C:\msys64\ucrt64\bin;C:\Program Files\MySQL\MySQL Server 8.0\bin;C:\Program Files\Java\jdk-22;C:\Users\Astha\FlutterDev\commandlinetools-win-11076708_latest\cmdline-tools\platforms;C:\Users\Astha\FlutterDev\commandlinetools-win-11076708_latest\cmdline-tools\platform-tools;C:\Program Files\Git\bin;C:\Users\Astha\AppData\Roaming\npm;C:\Program Files\JetBrains\IntelliJ IDEA 2025.1.4.1\bin;
USERNAME=Astha
OS=Windows_NT
PROCESSOR_IDENTIFIER=AMD64 Family 23 Model 104 Stepping 1, AuthenticAMD
TMP=C:\Users\Astha\AppData\Local\Temp
TEMP=C:\Users\Astha\AppData\Local\Temp




Periodic native trim disabled

---------------  S Y S T E M  ---------------

OS:
 Windows 11 , 64 bit Build 26100 (10.0.26100.4484)
OS uptime: 1 days 10:54 hours
Hyper-V role detected

CPU: total 12 (initial active 12) (12 cores per cpu, 2 threads per core) family 23 model 104 stepping 1 microcode 0x8608107, cx8, cmov, fxsr, ht, mmx, 3dnowpref, sse, sse2, sse3, ssse3, sse4a, sse4.1, sse4.2, popcnt, lzcnt, tsc, tscinvbit, avx, avx2, aes, clmul, bmi1, bmi2, adx, sha, fma, vzeroupper, clflush, clflushopt, hv, rdtscp, rdpid, f16c
Processor Information for the first 12 processors :
  Max Mhz: 2100, Current Mhz: 1686, Mhz Limit: 2100

Memory: 4k page, system-wide physical 15693M (1742M free)
TotalPageFile size 18917M (AvailPageFile size 2M)
current process WorkingSet (physical memory assigned to process): 1281M, peak: 1616M
current process commit charge ("private bytes"): 1073M, peak: 1647M

vm_info: OpenJDK 64-Bit Server VM (21.0.8+9-LTS) for windows-amd64 JRE (21.0.8+9-LTS), built on 2025-07-15T00:00:00Z by "admin" with MS VC++ 17.7 (VS2022)

END.
