#
# There is insufficient memory for the Java Runtime Environment to continue.
# Native memory allocation (malloc) failed to allocate 1555328 bytes. Error detail: Chunk::new
# Possible reasons:
#   The system is out of physical RAM or swap space
#   This process is running with CompressedOops enabled, and the Java Heap may be blocking the growth of the native heap
# Possible solutions:
#   Reduce memory load on the system
#   Increase physical memory or swap space
#   Check if swap backing store is full
#   Decrease Java heap size (-Xmx/-Xms)
#   Decrease number of Java threads
#   Decrease Java thread stack sizes (-Xss)
#   Set larger code cache with -XX:ReservedCodeCacheSize=
#   JVM is running with Unscaled Compressed Oops mode in which the Java heap is
#     placed in the first 4GB address space. The Java Heap base address is the
#     maximum limit for the native heap growth. Please use -XX:HeapBaseMinAddress
#     to set the Java Heap base and to place the Java Heap above 4GB virtual address.
# This output file may be truncated or incomplete.
#
#  Out of Memory Error (arena.cpp:168), pid=24548, tid=3420
#
# JRE version: OpenJDK Runtime Environment Temurin-21.0.8+9 (21.0.8+9) (build 21.0.8+9-LTS)
# Java VM: OpenJDK 64-Bit Server VM Temurin-21.0.8+9 (21.0.8+9-LTS, mixed mode, sharing, tiered, compressed oops, compressed class ptrs, parallel gc, windows-amd64)
# No core dump will be written. Minidumps are not enabled by default on client versions of Windows
#

---------------  S U M M A R Y ------------

Command Line: --add-modules=ALL-SYSTEM --add-opens=java.base/java.util=ALL-UNNAMED --add-opens=java.base/java.lang=ALL-UNNAMED --add-opens=java.base/sun.nio.fs=ALL-UNNAMED -Declipse.application=org.eclipse.jdt.ls.core.id1 -Dosgi.bundles.defaultStartLevel=4 -Declipse.product=org.eclipse.jdt.ls.core.product -Djava.import.generatesMetadataFilesAtProjectRoot=false -DDetectVMInstallationsJob.disabled=true -Dfile.encoding=utf8 -XX:+UseParallelGC -XX:GCTimeRatio=4 -XX:AdaptiveSizePolicyWeight=90 -Dsun.zip.disableMemoryMapping=true -Xmx2G -Xms100m -Xlog:disable -javaagent:c:\Users\Astha\.vscode\extensions\redhat.java-1.44.0-win32-x64\lombok\lombok-1.18.39-4050.jar -XX:+HeapDumpOnOutOfMemoryError -XX:HeapDumpPath=c:\Users\Astha\AppData\Roaming\Code\User\workspaceStorage\e39771bc5a86343b297ee149df76b61c\redhat.java -Daether.dependencyCollector.impl=bf c:\Users\Astha\.vscode\extensions\redhat.java-1.44.0-win32-x64\server\plugins\org.eclipse.equinox.launcher_1.7.0.v20250519-0528.jar -configuration c:\Users\Astha\AppData\Roaming\Code\User\globalStorage\redhat.java\1.44.0\config_win -data c:\Users\Astha\AppData\Roaming\Code\User\workspaceStorage\e39771bc5a86343b297ee149df76b61c\redhat.java\jdt_ws --pipe=\\.\pipe\lsp-c4fe84bc0ee1368b5c4f7d03d184ebdf-sock

Host: AMD Ryzen 5 5500U with Radeon Graphics         , 12 cores, 15G,  Windows 11 , 64 bit Build 26100 (10.0.26100.4484)
Time: Tue Aug 12 01:43:31 2025 India Standard Time elapsed time: 22.154380 seconds (0d 0h 0m 22s)

---------------  T H R E A D  ---------------

Current thread (0x000001b66547ae80):  JavaThread "C2 CompilerThread0" daemon [_thread_in_native, id=3420, stack(0x0000008ecc600000,0x0000008ecc700000) (1024K)]


Current CompileTask:
C2:22154 12138   !   4       org.eclipse.jdt.internal.core.search.indexing.BinaryIndexer::indexDocument (1168 bytes)

Stack: [0x0000008ecc600000,0x0000008ecc700000]
Native frames: (J=compiled Java code, j=interpreted, Vv=VM code, C=native code)
V  [jvm.dll+0x6d2449]
V  [jvm.dll+0x8ae341]
V  [jvm.dll+0x8b08be]
V  [jvm.dll+0x8b0fa3]
V  [jvm.dll+0x280c96]
V  [jvm.dll+0xc581d]
V  [jvm.dll+0xc5d53]
V  [jvm.dll+0x3b919c]
V  [jvm.dll+0x1e1213]
V  [jvm.dll+0x249022]
V  [jvm.dll+0x2484af]
V  [jvm.dll+0x1c89ee]
V  [jvm.dll+0x257d4d]
V  [jvm.dll+0x2562ea]
V  [jvm.dll+0x3f2d16]
V  [jvm.dll+0x857e6b]
V  [jvm.dll+0x6d0b0d]
C  [ucrtbase.dll+0x37b0]
C  [KERNEL32.DLL+0x2e8d7]
C  [ntdll.dll+0x3c34c]


---------------  P R O C E S S  ---------------

Threads class SMR info:
_java_thread_list=0x000001b64537e590, length=77, elements={
0x000001b662f44ef0, 0x000001b66546d6a0, 0x000001b66546fdb0, 0x000001b665475f80,
0x000001b665478c60, 0x000001b6654796b0, 0x000001b66547a100, 0x000001b66547ae80,
0x000001b67d0474b0, 0x000001b665566e10, 0x000001b67e21e1d0, 0x000001b67e654990,
0x000001b67e722710, 0x000001b67eb4e9b0, 0x000001b67e7c59f0, 0x000001b67ed3efd0,
0x000001b67ed3e2b0, 0x000001b67ed3f660, 0x000001b67ed410a0, 0x000001b67ed40380,
0x000001b67ed40a10, 0x000001b67f046070, 0x000001b67f045350, 0x000001b67f047420,
0x000001b67f048140, 0x000001b67f047ab0, 0x000001b67f046700, 0x000001b67f048e60,
0x000001b67f0459e0, 0x000001b67f0494f0, 0x000001b67f049b80, 0x000001b67f04a210,
0x000001b67f046d90, 0x000001b67f04a8a0, 0x000001b67f04af30, 0x000001b67f04b5c0,
0x000001b67f04c2e0, 0x000001b67f04bc50, 0x000001b67f04c970, 0x000001b6476b9a20,
0x000001b6476b6c30, 0x000001b6476b8670, 0x000001b6476b9390, 0x000001b6476b72c0,
0x000001b6476badd0, 0x000001b6476b7950, 0x000001b6476bb460, 0x000001b6476b7fe0,
0x000001b6476bbaf0, 0x000001b6476bc180, 0x000001b6476bc810, 0x000001b6476bcea0,
0x000001b6476bd530, 0x000001b6476bdbc0, 0x000001b67ed41730, 0x000001b6455124e0,
0x000001b645512b70, 0x000001b645511130, 0x000001b645511e50, 0x000001b6455117c0,
0x000001b645513200, 0x000001b645513f20, 0x000001b645513890, 0x000001b645510aa0,
0x000001b6455152d0, 0x000001b645516680, 0x000001b6455173a0, 0x000001b645517a30,
0x000001b645516d10, 0x000001b645515960, 0x000001b645515ff0, 0x000001b645514c40,
0x000001b6455180c0, 0x000001b67ed3e940, 0x000001b6519e61e0, 0x000001b6519e5b50,
0x000001b6519e82b0
}

Java Threads: ( => current thread )
  0x000001b662f44ef0 JavaThread "main"                              [_thread_blocked, id=27324, stack(0x0000008ecbb00000,0x0000008ecbc00000) (1024K)]
  0x000001b66546d6a0 JavaThread "Reference Handler"          daemon [_thread_blocked, id=2376, stack(0x0000008ecc000000,0x0000008ecc100000) (1024K)]
  0x000001b66546fdb0 JavaThread "Finalizer"                  daemon [_thread_blocked, id=19624, stack(0x0000008ecc100000,0x0000008ecc200000) (1024K)]
  0x000001b665475f80 JavaThread "Signal Dispatcher"          daemon [_thread_blocked, id=11880, stack(0x0000008ecc200000,0x0000008ecc300000) (1024K)]
  0x000001b665478c60 JavaThread "Attach Listener"            daemon [_thread_blocked, id=1508, stack(0x0000008ecc300000,0x0000008ecc400000) (1024K)]
  0x000001b6654796b0 JavaThread "Service Thread"             daemon [_thread_blocked, id=21912, stack(0x0000008ecc400000,0x0000008ecc500000) (1024K)]
  0x000001b66547a100 JavaThread "Monitor Deflation Thread"   daemon [_thread_blocked, id=27552, stack(0x0000008ecc500000,0x0000008ecc600000) (1024K)]
=>0x000001b66547ae80 JavaThread "C2 CompilerThread0"         daemon [_thread_in_native, id=3420, stack(0x0000008ecc600000,0x0000008ecc700000) (1024K)]
  0x000001b67d0474b0 JavaThread "C1 CompilerThread0"         daemon [_thread_blocked, id=11448, stack(0x0000008ecc700000,0x0000008ecc800000) (1024K)]
  0x000001b665566e10 JavaThread "Common-Cleaner"             daemon [_thread_blocked, id=22024, stack(0x0000008ecc800000,0x0000008ecc900000) (1024K)]
  0x000001b67e21e1d0 JavaThread "Notification Thread"        daemon [_thread_blocked, id=17604, stack(0x0000008eccb00000,0x0000008eccc00000) (1024K)]
  0x000001b67e654990 JavaThread "Active Thread: Equinox Container: 22c4412f-8806-49c4-aae6-f991d4cd8ea8"        [_thread_blocked, id=4480, stack(0x0000008ecd200000,0x0000008ecd300000) (1024K)]
  0x000001b67e722710 JavaThread "Refresh Thread: Equinox Container: 22c4412f-8806-49c4-aae6-f991d4cd8ea8" daemon [_thread_blocked, id=2076, stack(0x0000008ecd400000,0x0000008ecd500000) (1024K)]
  0x000001b67eb4e9b0 JavaThread "Framework Event Dispatcher: Equinox Container: 22c4412f-8806-49c4-aae6-f991d4cd8ea8" daemon [_thread_blocked, id=22844, stack(0x0000008ecd500000,0x0000008ecd600000) (1024K)]
  0x000001b67e7c59f0 JavaThread "Start Level: Equinox Container: 22c4412f-8806-49c4-aae6-f991d4cd8ea8" daemon [_thread_blocked, id=12548, stack(0x0000008ecd600000,0x0000008ecd700000) (1024K)]
  0x000001b67ed3efd0 JavaThread "Bundle File Closer"         daemon [_thread_blocked, id=16576, stack(0x0000008ecd900000,0x0000008ecda00000) (1024K)]
  0x000001b67ed3e2b0 JavaThread "SCR Component Actor"        daemon [_thread_blocked, id=13224, stack(0x0000008ecca00000,0x0000008eccb00000) (1024K)]
  0x000001b67ed3f660 JavaThread "Worker-JM"                         [_thread_blocked, id=14944, stack(0x0000008ecdb00000,0x0000008ecdc00000) (1024K)]
  0x000001b67ed410a0 JavaThread "JNA Cleaner"                daemon [_thread_blocked, id=13292, stack(0x0000008ecc900000,0x0000008ecca00000) (1024K)]
  0x000001b67ed40380 JavaThread "Worker-0"                          [_thread_blocked, id=7840, stack(0x0000008ecdc00000,0x0000008ecdd00000) (1024K)]
  0x000001b67ed40a10 JavaThread "Worker-1"                          [_thread_blocked, id=15544, stack(0x0000008ecdd00000,0x0000008ecde00000) (1024K)]
  0x000001b67f046070 JavaThread "Worker-2"                          [_thread_blocked, id=26412, stack(0x0000008ecdf00000,0x0000008ece000000) (1024K)]
  0x000001b67f045350 JavaThread "Java indexing"              daemon [_thread_in_Java, id=9784, stack(0x0000008ece000000,0x0000008ece100000) (1024K)]
  0x000001b67f047420 JavaThread "Worker-3"                          [_thread_blocked, id=14924, stack(0x0000008ece100000,0x0000008ece200000) (1024K)]
  0x000001b67f048140 JavaThread "Worker-4: Initialize Workspace"        [_thread_blocked, id=16692, stack(0x0000008ece300000,0x0000008ece400000) (1024K)]
  0x000001b67f047ab0 JavaThread "Worker-5"                          [_thread_blocked, id=22548, stack(0x0000008ece600000,0x0000008ece700000) (1024K)]
  0x000001b67f046700 JavaThread "Worker-6: Java indexing... "        [_thread_blocked, id=2188, stack(0x0000008ece700000,0x0000008ece800000) (1024K)]
  0x000001b67f048e60 JavaThread "Thread-2"                   daemon [_thread_in_native, id=15344, stack(0x0000008ece800000,0x0000008ece900000) (1024K)]
  0x000001b67f0459e0 JavaThread "Thread-3"                   daemon [_thread_in_native, id=21352, stack(0x0000008ece900000,0x0000008ecea00000) (1024K)]
  0x000001b67f0494f0 JavaThread "Thread-4"                   daemon [_thread_in_native, id=18516, stack(0x0000008ecea00000,0x0000008eceb00000) (1024K)]
  0x000001b67f049b80 JavaThread "Thread-5"                   daemon [_thread_in_native, id=16940, stack(0x0000008eceb00000,0x0000008ecec00000) (1024K)]
  0x000001b67f04a210 JavaThread "Thread-6"                   daemon [_thread_in_native, id=25624, stack(0x0000008ecec00000,0x0000008eced00000) (1024K)]
  0x000001b67f046d90 JavaThread "Thread-7"                   daemon [_thread_in_native, id=23964, stack(0x0000008eced00000,0x0000008ecee00000) (1024K)]
  0x000001b67f04a8a0 JavaThread "Thread-8"                   daemon [_thread_in_native, id=26844, stack(0x0000008ecee00000,0x0000008ecef00000) (1024K)]
  0x000001b67f04af30 JavaThread "Thread-9"                   daemon [_thread_in_native, id=10284, stack(0x0000008ecef00000,0x0000008ecf000000) (1024K)]
  0x000001b67f04b5c0 JavaThread "Thread-10"                  daemon [_thread_in_native, id=9632, stack(0x0000008ecf000000,0x0000008ecf100000) (1024K)]
  0x000001b67f04c2e0 JavaThread "Thread-11"                  daemon [_thread_in_native, id=9544, stack(0x0000008ecf100000,0x0000008ecf200000) (1024K)]
  0x000001b67f04bc50 JavaThread "Thread-12"                  daemon [_thread_in_native, id=2420, stack(0x0000008ecf200000,0x0000008ecf300000) (1024K)]
  0x000001b67f04c970 JavaThread "Thread-13"                  daemon [_thread_in_native, id=25512, stack(0x0000008ecf300000,0x0000008ecf400000) (1024K)]
  0x000001b6476b9a20 JavaThread "Thread-14"                  daemon [_thread_in_native, id=11624, stack(0x0000008ecf400000,0x0000008ecf500000) (1024K)]
  0x000001b6476b6c30 JavaThread "pool-2-thread-1"                   [_thread_blocked, id=17692, stack(0x0000008ecf500000,0x0000008ecf600000) (1024K)]
  0x000001b6476b8670 JavaThread "Worker-7: Initialize workspace"        [_thread_blocked, id=12312, stack(0x0000008ecf600000,0x0000008ecf700000) (1024K)]
  0x000001b6476b9390 JavaThread "WorkspaceEventsHandler"            [_thread_blocked, id=13424, stack(0x0000008ecf700000,0x0000008ecf800000) (1024K)]
  0x000001b6476b72c0 JavaThread "pool-1-thread-1"                   [_thread_blocked, id=13280, stack(0x0000008ecf800000,0x0000008ecf900000) (1024K)]
  0x000001b6476badd0 JavaThread "LocalFile Deleter"          daemon [_thread_blocked, id=22736, stack(0x0000008ecf900000,0x0000008ecfa00000) (1024K)]
  0x000001b6476b7950 JavaThread "LocalFile Deleter"          daemon [_thread_blocked, id=15012, stack(0x0000008ecfa00000,0x0000008ecfb00000) (1024K)]
  0x000001b6476bb460 JavaThread "LocalFile Deleter"          daemon [_thread_blocked, id=16336, stack(0x0000008ecfb00000,0x0000008ecfc00000) (1024K)]
  0x000001b6476b7fe0 JavaThread "LocalFile Deleter"          daemon [_thread_blocked, id=28664, stack(0x0000008ecfc00000,0x0000008ecfd00000) (1024K)]
  0x000001b6476bbaf0 JavaThread "LocalFile Deleter"          daemon [_thread_blocked, id=22868, stack(0x0000008ecfd00000,0x0000008ecfe00000) (1024K)]
  0x000001b6476bc180 JavaThread "LocalFile Deleter"          daemon [_thread_blocked, id=11548, stack(0x0000008ecfe00000,0x0000008ecff00000) (1024K)]
  0x000001b6476bc810 JavaThread "LocalFile Deleter"          daemon [_thread_blocked, id=7720, stack(0x0000008ecff00000,0x0000008ed0000000) (1024K)]
  0x000001b6476bcea0 JavaThread "LocalFile Deleter"          daemon [_thread_blocked, id=11628, stack(0x0000008ed0000000,0x0000008ed0100000) (1024K)]
  0x000001b6476bd530 JavaThread "LocalFile Deleter"          daemon [_thread_blocked, id=12636, stack(0x0000008ed0100000,0x0000008ed0200000) (1024K)]
  0x000001b6476bdbc0 JavaThread "LocalFile Deleter"          daemon [_thread_blocked, id=15316, stack(0x0000008ed0200000,0x0000008ed0300000) (1024K)]
  0x000001b67ed41730 JavaThread "LocalFile Deleter"          daemon [_thread_blocked, id=24284, stack(0x0000008ed0300000,0x0000008ed0400000) (1024K)]
  0x000001b6455124e0 JavaThread "LocalFile Deleter"          daemon [_thread_blocked, id=14912, stack(0x0000008ed0400000,0x0000008ed0500000) (1024K)]
  0x000001b645512b70 JavaThread "Compiler Source File Reader" daemon [_thread_blocked, id=11792, stack(0x0000008ed0500000,0x0000008ed0600000) (1024K)]
  0x000001b645511130 JavaThread "Compiler Source File Reader" daemon [_thread_blocked, id=15064, stack(0x0000008ed0600000,0x0000008ed0700000) (1024K)]
  0x000001b645511e50 JavaThread "Compiler Source File Reader" daemon [_thread_blocked, id=13204, stack(0x0000008ed0700000,0x0000008ed0800000) (1024K)]
  0x000001b6455117c0 JavaThread "Compiler Source File Reader" daemon [_thread_blocked, id=19908, stack(0x0000008ed0800000,0x0000008ed0900000) (1024K)]
  0x000001b645513200 JavaThread "Compiler Source File Reader" daemon [_thread_blocked, id=15396, stack(0x0000008ed0900000,0x0000008ed0a00000) (1024K)]
  0x000001b645513f20 JavaThread "Compiler Source File Reader" daemon [_thread_blocked, id=23292, stack(0x0000008ed0a00000,0x0000008ed0b00000) (1024K)]
  0x000001b645513890 JavaThread "Compiler Source File Reader" daemon [_thread_blocked, id=15400, stack(0x0000008ed0b00000,0x0000008ed0c00000) (1024K)]
  0x000001b645510aa0 JavaThread "Compiler Source File Reader" daemon [_thread_blocked, id=17332, stack(0x0000008ed0c00000,0x0000008ed0d00000) (1024K)]
  0x000001b6455152d0 JavaThread "Compiler Source File Reader" daemon [_thread_blocked, id=14948, stack(0x0000008ed0d00000,0x0000008ed0e00000) (1024K)]
  0x000001b645516680 JavaThread "Compiler Source File Reader" daemon [_thread_blocked, id=6712, stack(0x0000008ed0e00000,0x0000008ed0f00000) (1024K)]
  0x000001b6455173a0 JavaThread "Compiler Processing Task"   daemon [_thread_blocked, id=11040, stack(0x0000008ecda00000,0x0000008ecdb00000) (1024K)]
  0x000001b645517a30 JavaThread "Compiler Class File Writer" daemon [_thread_blocked, id=22460, stack(0x0000008ed0f00000,0x0000008ed1000000) (1024K)]
  0x000001b645516d10 JavaThread "Compiler Class File Writer" daemon [_thread_blocked, id=23240, stack(0x0000008ed1000000,0x0000008ed1100000) (1024K)]
  0x000001b645515960 JavaThread "Compiler Class File Writer" daemon [_thread_blocked, id=21176, stack(0x0000008ed1100000,0x0000008ed1200000) (1024K)]
  0x000001b645515ff0 JavaThread "Compiler Class File Writer" daemon [_thread_blocked, id=8492, stack(0x0000008ed1200000,0x0000008ed1300000) (1024K)]
  0x000001b645514c40 JavaThread "Compiler Class File Writer" daemon [_thread_blocked, id=1248, stack(0x0000008ed1300000,0x0000008ed1400000) (1024K)]
  0x000001b6455180c0 JavaThread "Compiler Class File Writer" daemon [_thread_blocked, id=15188, stack(0x0000008ed1400000,0x0000008ed1500000) (1024K)]
  0x000001b67ed3e940 JavaThread "Compiler Class File Writer" daemon [_thread_blocked, id=18408, stack(0x0000008ed1500000,0x0000008ed1600000) (1024K)]
  0x000001b6519e61e0 JavaThread "Compiler Class File Writer" daemon [_thread_blocked, id=12644, stack(0x0000008ed1600000,0x0000008ed1700000) (1024K)]
  0x000001b6519e5b50 JavaThread "Compiler Class File Writer" daemon [_thread_blocked, id=13872, stack(0x0000008ed1700000,0x0000008ed1800000) (1024K)]
  0x000001b6519e82b0 JavaThread "Compiler Class File Writer" daemon [_thread_blocked, id=3368, stack(0x0000008ed1800000,0x0000008ed1900000) (1024K)]
Total: 77

Other Threads:
  0x000001b6654649f0 VMThread "VM Thread"                           [id=8692, stack(0x0000008ecbf00000,0x0000008ecc000000) (1024K)]
  0x000001b66535ca00 WatcherThread "VM Periodic Task Thread"        [id=9504, stack(0x0000008ecbe00000,0x0000008ecbf00000) (1024K)]
  0x000001b665517530 WorkerThread "GC Thread#0"                     [id=26416, stack(0x0000008ecbd00000,0x0000008ecbe00000) (1024K)]
  0x000001b67e440530 WorkerThread "GC Thread#1"                     [id=4900, stack(0x0000008eccc00000,0x0000008eccd00000) (1024K)]
  0x000001b67e4408d0 WorkerThread "GC Thread#2"                     [id=11952, stack(0x0000008eccd00000,0x0000008ecce00000) (1024K)]
  0x000001b67e60d870 WorkerThread "GC Thread#3"                     [id=26784, stack(0x0000008ecce00000,0x0000008eccf00000) (1024K)]
  0x000001b67e7df620 WorkerThread "GC Thread#4"                     [id=2272, stack(0x0000008eccf00000,0x0000008ecd000000) (1024K)]
  0x000001b67e7df9c0 WorkerThread "GC Thread#5"                     [id=23848, stack(0x0000008ecd000000,0x0000008ecd100000) (1024K)]
  0x000001b67e728a50 WorkerThread "GC Thread#6"                     [id=20360, stack(0x0000008ecd100000,0x0000008ecd200000) (1024K)]
  0x000001b67e7d4c30 WorkerThread "GC Thread#7"                     [id=18400, stack(0x0000008ecd300000,0x0000008ecd400000) (1024K)]
  0x000001b67eabc500 WorkerThread "GC Thread#8"                     [id=21428, stack(0x0000008ecd700000,0x0000008ecd800000) (1024K)]
  0x000001b67ebefe80 WorkerThread "GC Thread#9"                     [id=9964, stack(0x0000008ecd800000,0x0000008ecd900000) (1024K)]
Total: 12

Threads with active compile tasks:
C2 CompilerThread0  22179 12138   !   4       org.eclipse.jdt.internal.core.search.indexing.BinaryIndexer::indexDocument (1168 bytes)
Total: 1

VM state: not at safepoint (normal execution)

VM Mutex/Monitor currently owned by a thread: None

Heap address: 0x0000000080000000, size: 2048 MB, Compressed Oops mode: 32-bit

CDS archive(s) mapped at: [0x000001b600000000-0x000001b600ba0000-0x000001b600ba0000), size 12189696, SharedBaseAddress: 0x000001b600000000, ArchiveRelocationMode: 1.
Compressed class space mapped at: 0x000001b601000000-0x000001b641000000, reserved size: 1073741824
Narrow klass base: 0x000001b600000000, Narrow klass shift: 0, Narrow klass range: 0x100000000

GC Precious Log:
 CardTable entry size: 512
 CPUs: 12 total, 12 available
 Memory: 15693M
 Large Page Support: Disabled
 NUMA Support: Disabled
 Compressed Oops: Enabled (32-bit)
 Alignments: Space 512K, Generation 512K, Heap 2M
 Heap Min Capacity: 100M
 Heap Initial Capacity: 100M
 Heap Max Capacity: 2G
 Pre-touch: Disabled
 Parallel Workers: 10

Heap:
 PSYoungGen      total 8704K, used 7045K [0x00000000d5580000, 0x00000000d5f00000, 0x0000000100000000)
  eden space 7680K, 78% used [0x00000000d5580000,0x00000000d5b62960,0x00000000d5d00000)
  from space 1024K, 99% used [0x00000000d5d00000,0x00000000d5dfed90,0x00000000d5e00000)
  to   space 1024K, 0% used [0x00000000d5e00000,0x00000000d5e00000,0x00000000d5f00000)
 ParOldGen       total 601088K, used 600593K [0x0000000080000000, 0x00000000a4b00000, 0x00000000d5580000)
  object space 601088K, 99% used [0x0000000080000000,0x00000000a4a846b8,0x00000000a4b00000)
 Metaspace       used 63446K, committed 64960K, reserved 1114112K
  class space    used 6672K, committed 7360K, reserved 1048576K

Card table byte_map: [0x000001b664e70000,0x000001b665280000] _byte_map_base: 0x000001b664a70000

Marking Bits: (ParMarkBitMap*) 0x00007ffc26e8a340
 Begin Bits: [0x000001b677970000, 0x000001b679970000)
 End Bits:   [0x000001b679970000, 0x000001b67b970000)

Polling page: 0x000001b663280000

Metaspace:

Usage:
  Non-class:     55.44 MB used.
      Class:      6.52 MB used.
       Both:     61.96 MB used.

Virtual space:
  Non-class space:       64.00 MB reserved,      56.25 MB ( 88%) committed,  1 nodes.
      Class space:        1.00 GB reserved,       7.19 MB ( <1%) committed,  1 nodes.
             Both:        1.06 GB reserved,      63.44 MB (  6%) committed. 

Chunk freelists:
   Non-Class:  7.45 MB
       Class:  8.68 MB
        Both:  16.13 MB

MaxMetaspaceSize: unlimited
CompressedClassSpaceSize: 1.00 GB
Initial GC threshold: 21.00 MB
Current GC threshold: 105.75 MB
CDS: on
 - commit_granule_bytes: 65536.
 - commit_granule_words: 8192.
 - virtual_space_node_default_size: 8388608.
 - enlarge_chunks_in_place: 1.
 - use_allocation_guard: 0.


Internal statistics:

num_allocs_failed_limit: 11.
num_arena_births: 1224.
num_arena_deaths: 22.
num_vsnodes_births: 2.
num_vsnodes_deaths: 0.
num_space_committed: 1015.
num_space_uncommitted: 0.
num_chunks_returned_to_freelist: 37.
num_chunks_taken_from_freelist: 4270.
num_chunk_merges: 20.
num_chunk_splits: 2595.
num_chunks_enlarged: 1429.
num_inconsistent_stats: 0.

CodeHeap 'non-profiled nmethods': size=120000Kb used=7531Kb max_used=7531Kb free=112468Kb
 bounds [0x000001b670190000, 0x000001b6708f0000, 0x000001b6776c0000]
CodeHeap 'profiled nmethods': size=120000Kb used=20091Kb max_used=22864Kb free=99908Kb
 bounds [0x000001b6686c0000, 0x000001b669d20000, 0x000001b66fbf0000]
CodeHeap 'non-nmethods': size=5760Kb used=1426Kb max_used=1519Kb free=4333Kb
 bounds [0x000001b66fbf0000, 0x000001b66fe60000, 0x000001b670190000]
CodeCache: size=245760Kb, used=29048Kb, max_used=31914Kb, free=216709Kb
 total_blobs=10930, nmethods=10192, adapters=644, full_count=0
Compilation: enabled, stopped_count=0, restarted_count=0

Compilation events (20 events):
Event: 21.415 Thread 0x000001b67d0474b0 nmethod 12133 0x000001b6687fce90 code [0x000001b6687fd040, 0x000001b6687fd248]
Event: 21.422 Thread 0x000001b66547ae80 12134       4       org.eclipse.jdt.internal.compiler.classfmt.FieldInfo::createField (450 bytes)
Event: 21.432 Thread 0x000001b67d0474b0 12135   !   3       org.eclipse.jdt.internal.compiler.classfmt.ClassFileReader::<init> (1968 bytes)
Event: 21.437 Thread 0x000001b67d0474b0 nmethod 12135 0x000001b669621d90 code [0x000001b669622780, 0x000001b66962a698]
Event: 21.445 Thread 0x000001b66547ae80 nmethod 12134 0x000001b6708d8c90 code [0x000001b6708d8f00, 0x000001b6708daa88]
Event: 21.446 Thread 0x000001b66547ae80 12136       4       org.eclipse.jdt.internal.compiler.parser.Scanner::internalScanIdentifierOrKeyword (5041 bytes)
Event: 21.510 Thread 0x000001b66547ae80 nmethod 12136 0x000001b6708db610 code [0x000001b6708dbbe0, 0x000001b6708de948]
Event: 21.511 Thread 0x000001b66547ae80 12137   !   4       org.eclipse.jdt.internal.compiler.classfmt.ClassFileReader::<init> (1968 bytes)
Event: 21.526 Thread 0x000001b67d0474b0 12139       3       org.eclipse.jdt.internal.compiler.classfmt.MethodInfo::decodeTypeAnnotations (88 bytes)
Event: 21.526 Thread 0x000001b67d0474b0 nmethod 12139 0x000001b6688a5910 code [0x000001b6688a5b00, 0x000001b6688a6170]
Event: 21.544 Thread 0x000001b67d0474b0 12141       3       org.eclipse.jdt.internal.compiler.classfmt.FieldInfo::decodeTypeAnnotations (88 bytes)
Event: 21.545 Thread 0x000001b67d0474b0 nmethod 12141 0x000001b668a56290 code [0x000001b668a56480, 0x000001b668a56b10]
Event: 21.620 Thread 0x000001b67d0474b0 12142       3       java.lang.CharacterDataLatin1::isDigit (18 bytes)
Event: 21.620 Thread 0x000001b67d0474b0 nmethod 12142 0x000001b668bcca90 code [0x000001b668bccc40, 0x000001b668bccdd0]
Event: 21.832 Thread 0x000001b66547ae80 nmethod 12137 0x000001b6708df690 code [0x000001b6708e0020, 0x000001b6708ea148]
Event: 21.833 Thread 0x000001b66547ae80 12138   !   4       org.eclipse.jdt.internal.core.search.indexing.BinaryIndexer::indexDocument (1168 bytes)
Event: 21.941 Thread 0x000001b67d0474b0 12143       3       org.eclipse.jdt.internal.compiler.parser.Scanner::internalScanIdentifierOrKeyword (5041 bytes)
Event: 21.947 Thread 0x000001b67d0474b0 nmethod 12143 0x000001b66963c990 code [0x000001b66963d900, 0x000001b669648a18]
Event: 22.075 Thread 0x000001b67d0474b0 12146       3       org.eclipse.jdt.internal.compiler.util.Util::scanTypeArgumentSignatures (73 bytes)
Event: 22.076 Thread 0x000001b67d0474b0 nmethod 12146 0x000001b6686c7110 code [0x000001b6686c73a0, 0x000001b6686c7dc8]

GC Heap History (20 events):
Event: 21.965 GC heap before
{Heap before GC invocations=794 (full 4):
 PSYoungGen      total 9216K, used 8740K [0x00000000d5580000, 0x00000000d6000000, 0x0000000100000000)
  eden space 7680K, 97% used [0x00000000d5580000,0x00000000d5cd9018,0x00000000d5d00000)
  from space 1536K, 79% used [0x00000000d5d00000,0x00000000d5e30000,0x00000000d5e80000)
  to   space 1536K, 0% used [0x00000000d5e80000,0x00000000d5e80000,0x00000000d6000000)
 ParOldGen       total 590848K, used 590731K [0x0000000080000000, 0x00000000a4100000, 0x00000000d5580000)
  object space 590848K, 99% used [0x0000000080000000,0x00000000a40e2ee8,0x00000000a4100000)
 Metaspace       used 63446K, committed 64960K, reserved 1114112K
  class space    used 6672K, committed 7360K, reserved 1048576K
}
Event: 21.967 GC heap after
{Heap after GC invocations=794 (full 4):
 PSYoungGen      total 9216K, used 1088K [0x00000000d5580000, 0x00000000d6000000, 0x0000000100000000)
  eden space 7680K, 0% used [0x00000000d5580000,0x00000000d5580000,0x00000000d5d00000)
  from space 1536K, 70% used [0x00000000d5e80000,0x00000000d5f900c0,0x00000000d6000000)
  to   space 1536K, 0% used [0x00000000d5d00000,0x00000000d5d00000,0x00000000d5e80000)
 ParOldGen       total 591872K, used 591803K [0x0000000080000000, 0x00000000a4200000, 0x00000000d5580000)
  object space 591872K, 99% used [0x0000000080000000,0x00000000a41eeee8,0x00000000a4200000)
 Metaspace       used 63446K, committed 64960K, reserved 1114112K
  class space    used 6672K, committed 7360K, reserved 1048576K
}
Event: 21.982 GC heap before
{Heap before GC invocations=795 (full 4):
 PSYoungGen      total 9216K, used 8768K [0x00000000d5580000, 0x00000000d6000000, 0x0000000100000000)
  eden space 7680K, 99% used [0x00000000d5580000,0x00000000d5cfffd0,0x00000000d5d00000)
  from space 1536K, 70% used [0x00000000d5e80000,0x00000000d5f900c0,0x00000000d6000000)
  to   space 1536K, 0% used [0x00000000d5d00000,0x00000000d5d00000,0x00000000d5e80000)
 ParOldGen       total 591872K, used 591803K [0x0000000080000000, 0x00000000a4200000, 0x00000000d5580000)
  object space 591872K, 99% used [0x0000000080000000,0x00000000a41eeee8,0x00000000a4200000)
 Metaspace       used 63446K, committed 64960K, reserved 1114112K
  class space    used 6672K, committed 7360K, reserved 1048576K
}
Event: 21.983 GC heap after
{Heap after GC invocations=795 (full 4):
 PSYoungGen      total 9216K, used 1088K [0x00000000d5580000, 0x00000000d6000000, 0x0000000100000000)
  eden space 7680K, 0% used [0x00000000d5580000,0x00000000d5580000,0x00000000d5d00000)
  from space 1536K, 70% used [0x00000000d5d00000,0x00000000d5e10000,0x00000000d5e80000)
  to   space 1536K, 0% used [0x00000000d5e80000,0x00000000d5e80000,0x00000000d6000000)
 ParOldGen       total 592896K, used 592579K [0x0000000080000000, 0x00000000a4300000, 0x00000000d5580000)
  object space 592896K, 99% used [0x0000000080000000,0x00000000a42b0ee8,0x00000000a4300000)
 Metaspace       used 63446K, committed 64960K, reserved 1114112K
  class space    used 6672K, committed 7360K, reserved 1048576K
}
Event: 21.998 GC heap before
{Heap before GC invocations=796 (full 4):
 PSYoungGen      total 9216K, used 8768K [0x00000000d5580000, 0x00000000d6000000, 0x0000000100000000)
  eden space 7680K, 100% used [0x00000000d5580000,0x00000000d5d00000,0x00000000d5d00000)
  from space 1536K, 70% used [0x00000000d5d00000,0x00000000d5e10000,0x00000000d5e80000)
  to   space 1536K, 0% used [0x00000000d5e80000,0x00000000d5e80000,0x00000000d6000000)
 ParOldGen       total 592896K, used 592579K [0x0000000080000000, 0x00000000a4300000, 0x00000000d5580000)
  object space 592896K, 99% used [0x0000000080000000,0x00000000a42b0ee8,0x00000000a4300000)
 Metaspace       used 63446K, committed 64960K, reserved 1114112K
  class space    used 6672K, committed 7360K, reserved 1048576K
}
Event: 21.999 GC heap after
{Heap after GC invocations=796 (full 4):
 PSYoungGen      total 9216K, used 992K [0x00000000d5580000, 0x00000000d6000000, 0x0000000100000000)
  eden space 7680K, 0% used [0x00000000d5580000,0x00000000d5580000,0x00000000d5d00000)
  from space 1536K, 64% used [0x00000000d5e80000,0x00000000d5f78000,0x00000000d6000000)
  to   space 1536K, 0% used [0x00000000d5d00000,0x00000000d5d00000,0x00000000d5e80000)
 ParOldGen       total 593920K, used 593563K [0x0000000080000000, 0x00000000a4400000, 0x00000000d5580000)
  object space 593920K, 99% used [0x0000000080000000,0x00000000a43a6ee8,0x00000000a4400000)
 Metaspace       used 63446K, committed 64960K, reserved 1114112K
  class space    used 6672K, committed 7360K, reserved 1048576K
}
Event: 22.013 GC heap before
{Heap before GC invocations=797 (full 4):
 PSYoungGen      total 9216K, used 8672K [0x00000000d5580000, 0x00000000d6000000, 0x0000000100000000)
  eden space 7680K, 100% used [0x00000000d5580000,0x00000000d5d00000,0x00000000d5d00000)
  from space 1536K, 64% used [0x00000000d5e80000,0x00000000d5f78000,0x00000000d6000000)
  to   space 1536K, 0% used [0x00000000d5d00000,0x00000000d5d00000,0x00000000d5e80000)
 ParOldGen       total 593920K, used 593563K [0x0000000080000000, 0x00000000a4400000, 0x00000000d5580000)
  object space 593920K, 99% used [0x0000000080000000,0x00000000a43a6ee8,0x00000000a4400000)
 Metaspace       used 63446K, committed 64960K, reserved 1114112K
  class space    used 6672K, committed 7360K, reserved 1048576K
}
Event: 22.014 GC heap after
{Heap after GC invocations=797 (full 4):
 PSYoungGen      total 9216K, used 1056K [0x00000000d5580000, 0x00000000d6000000, 0x0000000100000000)
  eden space 7680K, 0% used [0x00000000d5580000,0x00000000d5580000,0x00000000d5d00000)
  from space 1536K, 68% used [0x00000000d5d00000,0x00000000d5e08000,0x00000000d5e80000)
  to   space 1536K, 0% used [0x00000000d5e80000,0x00000000d5e80000,0x00000000d6000000)
 ParOldGen       total 594432K, used 594427K [0x0000000080000000, 0x00000000a4480000, 0x00000000d5580000)
  object space 594432K, 99% used [0x0000000080000000,0x00000000a447eee8,0x00000000a4480000)
 Metaspace       used 63446K, committed 64960K, reserved 1114112K
  class space    used 6672K, committed 7360K, reserved 1048576K
}
Event: 22.029 GC heap before
{Heap before GC invocations=798 (full 4):
 PSYoungGen      total 9216K, used 8736K [0x00000000d5580000, 0x00000000d6000000, 0x0000000100000000)
  eden space 7680K, 100% used [0x00000000d5580000,0x00000000d5d00000,0x00000000d5d00000)
  from space 1536K, 68% used [0x00000000d5d00000,0x00000000d5e08000,0x00000000d5e80000)
  to   space 1536K, 0% used [0x00000000d5e80000,0x00000000d5e80000,0x00000000d6000000)
 ParOldGen       total 594432K, used 594427K [0x0000000080000000, 0x00000000a4480000, 0x00000000d5580000)
  object space 594432K, 99% used [0x0000000080000000,0x00000000a447eee8,0x00000000a4480000)
 Metaspace       used 63446K, committed 64960K, reserved 1114112K
  class space    used 6672K, committed 7360K, reserved 1048576K
}
Event: 22.031 GC heap after
{Heap after GC invocations=798 (full 4):
 PSYoungGen      total 9216K, used 1024K [0x00000000d5580000, 0x00000000d6000000, 0x0000000100000000)
  eden space 7680K, 0% used [0x00000000d5580000,0x00000000d5580000,0x00000000d5d00000)
  from space 1536K, 66% used [0x00000000d5e80000,0x00000000d5f80000,0x00000000d6000000)
  to   space 1536K, 0% used [0x00000000d5d00000,0x00000000d5d00000,0x00000000d5e80000)
 ParOldGen       total 595456K, used 595339K [0x0000000080000000, 0x00000000a4580000, 0x00000000d5580000)
  object space 595456K, 99% used [0x0000000080000000,0x00000000a4562ee8,0x00000000a4580000)
 Metaspace       used 63446K, committed 64960K, reserved 1114112K
  class space    used 6672K, committed 7360K, reserved 1048576K
}
Event: 22.045 GC heap before
{Heap before GC invocations=799 (full 4):
 PSYoungGen      total 9216K, used 8704K [0x00000000d5580000, 0x00000000d6000000, 0x0000000100000000)
  eden space 7680K, 100% used [0x00000000d5580000,0x00000000d5d00000,0x00000000d5d00000)
  from space 1536K, 66% used [0x00000000d5e80000,0x00000000d5f80000,0x00000000d6000000)
  to   space 1536K, 0% used [0x00000000d5d00000,0x00000000d5d00000,0x00000000d5e80000)
 ParOldGen       total 595456K, used 595339K [0x0000000080000000, 0x00000000a4580000, 0x00000000d5580000)
  object space 595456K, 99% used [0x0000000080000000,0x00000000a4562ee8,0x00000000a4580000)
 Metaspace       used 63446K, committed 64960K, reserved 1114112K
  class space    used 6672K, committed 7360K, reserved 1048576K
}
Event: 22.047 GC heap after
{Heap after GC invocations=799 (full 4):
 PSYoungGen      total 8704K, used 992K [0x00000000d5580000, 0x00000000d5f00000, 0x0000000100000000)
  eden space 7680K, 0% used [0x00000000d5580000,0x00000000d5580000,0x00000000d5d00000)
  from space 1024K, 96% used [0x00000000d5d00000,0x00000000d5df8000,0x00000000d5e00000)
  to   space 1024K, 0% used [0x00000000d5e00000,0x00000000d5e00000,0x00000000d5f00000)
 ParOldGen       total 596480K, used 596211K [0x0000000080000000, 0x00000000a4680000, 0x00000000d5580000)
  object space 596480K, 99% used [0x0000000080000000,0x00000000a463cee8,0x00000000a4680000)
 Metaspace       used 63446K, committed 64960K, reserved 1114112K
  class space    used 6672K, committed 7360K, reserved 1048576K
}
Event: 22.063 GC heap before
{Heap before GC invocations=800 (full 4):
 PSYoungGen      total 8704K, used 8672K [0x00000000d5580000, 0x00000000d5f00000, 0x0000000100000000)
  eden space 7680K, 100% used [0x00000000d5580000,0x00000000d5d00000,0x00000000d5d00000)
  from space 1024K, 96% used [0x00000000d5d00000,0x00000000d5df8000,0x00000000d5e00000)
  to   space 1024K, 0% used [0x00000000d5e00000,0x00000000d5e00000,0x00000000d5f00000)
 ParOldGen       total 596480K, used 596211K [0x0000000080000000, 0x00000000a4680000, 0x00000000d5580000)
  object space 596480K, 99% used [0x0000000080000000,0x00000000a463cee8,0x00000000a4680000)
 Metaspace       used 63446K, committed 64960K, reserved 1114112K
  class space    used 6672K, committed 7360K, reserved 1048576K
}
Event: 22.064 GC heap after
{Heap after GC invocations=800 (full 4):
 PSYoungGen      total 8704K, used 992K [0x00000000d5580000, 0x00000000d5f00000, 0x0000000100000000)
  eden space 7680K, 0% used [0x00000000d5580000,0x00000000d5580000,0x00000000d5d00000)
  from space 1024K, 96% used [0x00000000d5e00000,0x00000000d5ef8000,0x00000000d5f00000)
  to   space 1024K, 0% used [0x00000000d5d00000,0x00000000d5d00000,0x00000000d5e00000)
 ParOldGen       total 597504K, used 597051K [0x0000000080000000, 0x00000000a4780000, 0x00000000d5580000)
  object space 597504K, 99% used [0x0000000080000000,0x00000000a470eee8,0x00000000a4780000)
 Metaspace       used 63446K, committed 64960K, reserved 1114112K
  class space    used 6672K, committed 7360K, reserved 1048576K
}
Event: 22.079 GC heap before
{Heap before GC invocations=801 (full 4):
 PSYoungGen      total 8704K, used 8672K [0x00000000d5580000, 0x00000000d5f00000, 0x0000000100000000)
  eden space 7680K, 100% used [0x00000000d5580000,0x00000000d5d00000,0x00000000d5d00000)
  from space 1024K, 96% used [0x00000000d5e00000,0x00000000d5ef8000,0x00000000d5f00000)
  to   space 1024K, 0% used [0x00000000d5d00000,0x00000000d5d00000,0x00000000d5e00000)
 ParOldGen       total 597504K, used 597051K [0x0000000080000000, 0x00000000a4780000, 0x00000000d5580000)
  object space 597504K, 99% used [0x0000000080000000,0x00000000a470eee8,0x00000000a4780000)
 Metaspace       used 63446K, committed 64960K, reserved 1114112K
  class space    used 6672K, committed 7360K, reserved 1048576K
}
Event: 22.082 GC heap after
{Heap after GC invocations=801 (full 4):
 PSYoungGen      total 8704K, used 960K [0x00000000d5580000, 0x00000000d5f00000, 0x0000000100000000)
  eden space 7680K, 0% used [0x00000000d5580000,0x00000000d5580000,0x00000000d5d00000)
  from space 1024K, 93% used [0x00000000d5d00000,0x00000000d5df0000,0x00000000d5e00000)
  to   space 1024K, 0% used [0x00000000d5e00000,0x00000000d5e00000,0x00000000d5f00000)
 ParOldGen       total 598016K, used 597923K [0x0000000080000000, 0x00000000a4800000, 0x00000000d5580000)
  object space 598016K, 99% used [0x0000000080000000,0x00000000a47e8ee8,0x00000000a4800000)
 Metaspace       used 63446K, committed 64960K, reserved 1114112K
  class space    used 6672K, committed 7360K, reserved 1048576K
}
Event: 22.095 GC heap before
{Heap before GC invocations=802 (full 4):
 PSYoungGen      total 8704K, used 8640K [0x00000000d5580000, 0x00000000d5f00000, 0x0000000100000000)
  eden space 7680K, 100% used [0x00000000d5580000,0x00000000d5d00000,0x00000000d5d00000)
  from space 1024K, 93% used [0x00000000d5d00000,0x00000000d5df0000,0x00000000d5e00000)
  to   space 1024K, 0% used [0x00000000d5e00000,0x00000000d5e00000,0x00000000d5f00000)
 ParOldGen       total 598016K, used 597923K [0x0000000080000000, 0x00000000a4800000, 0x00000000d5580000)
  object space 598016K, 99% used [0x0000000080000000,0x00000000a47e8ee8,0x00000000a4800000)
 Metaspace       used 63446K, committed 64960K, reserved 1114112K
  class space    used 6672K, committed 7360K, reserved 1048576K
}
Event: 22.097 GC heap after
{Heap after GC invocations=802 (full 4):
 PSYoungGen      total 8704K, used 800K [0x00000000d5580000, 0x00000000d5f00000, 0x0000000100000000)
  eden space 7680K, 0% used [0x00000000d5580000,0x00000000d5580000,0x00000000d5d00000)
  from space 1024K, 78% used [0x00000000d5e00000,0x00000000d5ec8000,0x00000000d5f00000)
  to   space 1024K, 0% used [0x00000000d5d00000,0x00000000d5d00000,0x00000000d5e00000)
 ParOldGen       total 599040K, used 598779K [0x0000000080000000, 0x00000000a4900000, 0x00000000d5580000)
  object space 599040K, 99% used [0x0000000080000000,0x00000000a48beee8,0x00000000a4900000)
 Metaspace       used 63446K, committed 64960K, reserved 1114112K
  class space    used 6672K, committed 7360K, reserved 1048576K
}
Event: 22.125 GC heap before
{Heap before GC invocations=803 (full 4):
 PSYoungGen      total 8704K, used 8480K [0x00000000d5580000, 0x00000000d5f00000, 0x0000000100000000)
  eden space 7680K, 100% used [0x00000000d5580000,0x00000000d5d00000,0x00000000d5d00000)
  from space 1024K, 78% used [0x00000000d5e00000,0x00000000d5ec8000,0x00000000d5f00000)
  to   space 1024K, 0% used [0x00000000d5d00000,0x00000000d5d00000,0x00000000d5e00000)
 ParOldGen       total 599040K, used 598779K [0x0000000080000000, 0x00000000a4900000, 0x00000000d5580000)
  object space 599040K, 99% used [0x0000000080000000,0x00000000a48beee8,0x00000000a4900000)
 Metaspace       used 63446K, committed 64960K, reserved 1114112K
  class space    used 6672K, committed 7360K, reserved 1048576K
}
Event: 22.127 GC heap after
{Heap after GC invocations=803 (full 4):
 PSYoungGen      total 8704K, used 1019K [0x00000000d5580000, 0x00000000d5f00000, 0x0000000100000000)
  eden space 7680K, 0% used [0x00000000d5580000,0x00000000d5580000,0x00000000d5d00000)
  from space 1024K, 99% used [0x00000000d5d00000,0x00000000d5dfed90,0x00000000d5e00000)
  to   space 1024K, 0% used [0x00000000d5e00000,0x00000000d5e00000,0x00000000d5f00000)
 ParOldGen       total 601088K, used 600593K [0x0000000080000000, 0x00000000a4b00000, 0x00000000d5580000)
  object space 601088K, 99% used [0x0000000080000000,0x00000000a4a846b8,0x00000000a4b00000)
 Metaspace       used 63446K, committed 64960K, reserved 1114112K
  class space    used 6672K, committed 7360K, reserved 1048576K
}

Dll operation events (10 events):
Event: 0.014 Loaded shared library c:\Users\Astha\.vscode\extensions\redhat.java-1.44.0-win32-x64\jre\21.0.8-win32-x86_64\bin\java.dll
Event: 0.125 Loaded shared library c:\Users\Astha\.vscode\extensions\redhat.java-1.44.0-win32-x64\jre\21.0.8-win32-x86_64\bin\zip.dll
Event: 0.162 Loaded shared library C:\Users\Astha\.vscode\extensions\redhat.java-1.44.0-win32-x64\jre\21.0.8-win32-x86_64\bin\instrument.dll
Event: 0.169 Loaded shared library C:\Users\Astha\.vscode\extensions\redhat.java-1.44.0-win32-x64\jre\21.0.8-win32-x86_64\bin\net.dll
Event: 0.173 Loaded shared library C:\Users\Astha\.vscode\extensions\redhat.java-1.44.0-win32-x64\jre\21.0.8-win32-x86_64\bin\nio.dll
Event: 0.178 Loaded shared library C:\Users\Astha\.vscode\extensions\redhat.java-1.44.0-win32-x64\jre\21.0.8-win32-x86_64\bin\zip.dll
Event: 0.205 Loaded shared library C:\Users\Astha\.vscode\extensions\redhat.java-1.44.0-win32-x64\jre\21.0.8-win32-x86_64\bin\jimage.dll
Event: 0.309 Loaded shared library c:\Users\Astha\.vscode\extensions\redhat.java-1.44.0-win32-x64\jre\21.0.8-win32-x86_64\bin\verify.dll
Event: 1.922 Loaded shared library C:\Users\Astha\AppData\Roaming\Code\User\globalStorage\redhat.java\1.44.0\config_win\org.eclipse.equinox.launcher\org.eclipse.equinox.launcher.win32.win32.x86_64_1.2.1400.v20250730-1736\eclipse_11913.dll
Event: 4.153 Loaded shared library C:\Users\Astha\AppData\Local\Temp\jna-63569627\jna14337005367545090260.dll

Deoptimization events (20 events):
Event: 21.753 Thread 0x000001b67f045350 DEOPT PACKING pc=0x000001b669628af2 sp=0x0000008ece0fefa0
Event: 21.753 Thread 0x000001b67f045350 DEOPT UNPACKING pc=0x000001b66fc44242 sp=0x0000008ece0fe518 mode 0
Event: 21.759 Thread 0x000001b67f045350 DEOPT PACKING pc=0x000001b669628af2 sp=0x0000008ece0fefa0
Event: 21.759 Thread 0x000001b67f045350 DEOPT UNPACKING pc=0x000001b66fc44242 sp=0x0000008ece0fe518 mode 0
Event: 21.773 Thread 0x000001b67f045350 DEOPT PACKING pc=0x000001b669628af2 sp=0x0000008ece0fefa0
Event: 21.773 Thread 0x000001b67f045350 DEOPT UNPACKING pc=0x000001b66fc44242 sp=0x0000008ece0fe518 mode 0
Event: 21.781 Thread 0x000001b67f045350 DEOPT PACKING pc=0x000001b669628af2 sp=0x0000008ece0fefa0
Event: 21.781 Thread 0x000001b67f045350 DEOPT UNPACKING pc=0x000001b66fc44242 sp=0x0000008ece0fe518 mode 0
Event: 21.791 Thread 0x000001b67f045350 DEOPT PACKING pc=0x000001b669628af2 sp=0x0000008ece0fefa0
Event: 21.791 Thread 0x000001b67f045350 DEOPT UNPACKING pc=0x000001b66fc44242 sp=0x0000008ece0fe518 mode 0
Event: 21.812 Thread 0x000001b67f045350 DEOPT PACKING pc=0x000001b669628af2 sp=0x0000008ece0fefa0
Event: 21.812 Thread 0x000001b67f045350 DEOPT UNPACKING pc=0x000001b66fc44242 sp=0x0000008ece0fe518 mode 0
Event: 21.823 Thread 0x000001b67f045350 DEOPT PACKING pc=0x000001b669628af2 sp=0x0000008ece0fefa0
Event: 21.823 Thread 0x000001b67f045350 DEOPT UNPACKING pc=0x000001b66fc44242 sp=0x0000008ece0fe518 mode 0
Event: 21.829 Thread 0x000001b67f045350 DEOPT PACKING pc=0x000001b669628af2 sp=0x0000008ece0fefa0
Event: 21.829 Thread 0x000001b67f045350 DEOPT UNPACKING pc=0x000001b66fc44242 sp=0x0000008ece0fe518 mode 0
Event: 21.940 Thread 0x000001b67f045350 Uncommon trap: trap_request=0xffffff45 fr.pc=0x000001b6708dd18c relative=0x00000000000015ac
Event: 21.940 Thread 0x000001b67f045350 Uncommon trap: reason=unstable_if action=reinterpret pc=0x000001b6708dd18c method=org.eclipse.jdt.internal.compiler.parser.Scanner.internalScanIdentifierOrKeyword(II[C)Lorg/eclipse/jdt/internal/compiler/parser/TerminalToken; @ 3186 c2
Event: 21.940 Thread 0x000001b67f045350 DEOPT PACKING pc=0x000001b6708dd18c sp=0x0000008ece0ff2d0
Event: 21.940 Thread 0x000001b67f045350 DEOPT UNPACKING pc=0x000001b66fc43aa2 sp=0x0000008ece0ff270 mode 2

Classes loaded (20 events):
Event: 13.666 Loading class java/util/concurrent/CompletionException
Event: 13.666 Loading class java/util/concurrent/CompletionException done
Event: 13.671 Loading class java/nio/file/FileTreeWalker$1
Event: 13.671 Loading class java/nio/file/FileTreeWalker$1 done
Event: 13.672 Loading class sun/nio/fs/Globs
Event: 13.672 Loading class sun/nio/fs/Globs done
Event: 13.672 Loading class java/util/regex/Pattern$SliceU
Event: 13.672 Loading class java/util/regex/Pattern$SliceU done
Event: 13.672 Loading class sun/nio/fs/WindowsFileSystem$2
Event: 13.672 Loading class java/nio/file/PathMatcher
Event: 13.672 Loading class java/nio/file/PathMatcher done
Event: 13.673 Loading class sun/nio/fs/WindowsFileSystem$2 done
Event: 13.738 Loading class java/util/Collections$SynchronizedRandomAccessList
Event: 13.738 Loading class java/util/Collections$SynchronizedList
Event: 13.738 Loading class java/util/Collections$SynchronizedList done
Event: 13.738 Loading class java/util/Collections$SynchronizedRandomAccessList done
Event: 13.741 Loading class java/util/concurrent/CompletableFuture$Signaller
Event: 13.741 Loading class java/util/concurrent/CompletableFuture$Signaller done
Event: 15.323 Loading class sun/nio/fs/WindowsFileCopy
Event: 15.323 Loading class sun/nio/fs/WindowsFileCopy done

Classes unloaded (11 events):
Event: 4.766 Thread 0x000001b6654649f0 Unloading class 0x000001b6011a9800 'java/lang/invoke/LambdaForm$MH+0x000001b6011a9800'
Event: 4.766 Thread 0x000001b6654649f0 Unloading class 0x000001b6011a9400 'java/lang/invoke/LambdaForm$MH+0x000001b6011a9400'
Event: 4.766 Thread 0x000001b6654649f0 Unloading class 0x000001b6011a9000 'java/lang/invoke/LambdaForm$MH+0x000001b6011a9000'
Event: 4.766 Thread 0x000001b6654649f0 Unloading class 0x000001b6011a8c00 'java/lang/invoke/LambdaForm$MH+0x000001b6011a8c00'
Event: 4.766 Thread 0x000001b6654649f0 Unloading class 0x000001b6011a8800 'java/lang/invoke/LambdaForm$BMH+0x000001b6011a8800'
Event: 4.766 Thread 0x000001b6654649f0 Unloading class 0x000001b6011a8400 'java/lang/invoke/LambdaForm$DMH+0x000001b6011a8400'
Event: 4.766 Thread 0x000001b6654649f0 Unloading class 0x000001b6011a3000 'java/lang/invoke/LambdaForm$DMH+0x000001b6011a3000'
Event: 17.065 Thread 0x000001b6654649f0 Unloading class 0x000001b601704c00 'java/lang/invoke/LambdaForm$DMH+0x000001b601704c00'
Event: 17.065 Thread 0x000001b6654649f0 Unloading class 0x000001b601705400 'java/lang/invoke/LambdaForm$DMH+0x000001b601705400'
Event: 17.065 Thread 0x000001b6654649f0 Unloading class 0x000001b601705000 'java/lang/invoke/LambdaForm$DMH+0x000001b601705000'
Event: 17.065 Thread 0x000001b6654649f0 Unloading class 0x000001b601704800 'java/lang/invoke/LambdaForm$DMH+0x000001b601704800'

Classes redefined (0 events):
No events

Internal exceptions (20 events):
Event: 20.150 Thread 0x000001b67f045350 Exception <a 'sun/nio/fs/WindowsException'{0x00000000d57e9920}> (0x00000000d57e9920) 
thrown [s\src\hotspot\share\prims\jni.cpp, line 520]
Event: 20.157 Thread 0x000001b67f045350 Exception <a 'sun/nio/fs/WindowsException'{0x00000000d58010e8}> (0x00000000d58010e8) 
thrown [s\src\hotspot\share\prims\jni.cpp, line 520]
Event: 20.163 Thread 0x000001b67f045350 Exception <a 'sun/nio/fs/WindowsException'{0x00000000d5811b20}> (0x00000000d5811b20) 
thrown [s\src\hotspot\share\prims\jni.cpp, line 520]
Event: 20.180 Thread 0x000001b67f045350 Exception <a 'sun/nio/fs/WindowsException'{0x00000000d59541a0}> (0x00000000d59541a0) 
thrown [s\src\hotspot\share\prims\jni.cpp, line 520]
Event: 20.193 Thread 0x000001b67f045350 Exception <a 'sun/nio/fs/WindowsException'{0x00000000d5999cd0}> (0x00000000d5999cd0) 
thrown [s\src\hotspot\share\prims\jni.cpp, line 520]
Event: 20.199 Thread 0x000001b67f045350 Exception <a 'sun/nio/fs/WindowsException'{0x00000000d59aacf0}> (0x00000000d59aacf0) 
thrown [s\src\hotspot\share\prims\jni.cpp, line 520]
Event: 20.432 Thread 0x000001b67f045350 Exception <a 'sun/nio/fs/WindowsException'{0x00000000d5ed4710}> (0x00000000d5ed4710) 
thrown [s\src\hotspot\share\prims\jni.cpp, line 520]
Event: 20.471 Thread 0x000001b67f045350 Exception <a 'sun/nio/fs/WindowsException'{0x00000000d58d92d0}> (0x00000000d58d92d0) 
thrown [s\src\hotspot\share\prims\jni.cpp, line 520]
Event: 20.506 Thread 0x000001b67f045350 Exception <a 'sun/nio/fs/WindowsException'{0x00000000d615ee10}> (0x00000000d615ee10) 
thrown [s\src\hotspot\share\prims\jni.cpp, line 520]
Event: 20.655 Thread 0x000001b67f045350 Exception <a 'sun/nio/fs/WindowsException'{0x00000000d5c605a0}> (0x00000000d5c605a0) 
thrown [s\src\hotspot\share\prims\jni.cpp, line 520]
Event: 20.725 Thread 0x000001b67f045350 Exception <a 'sun/nio/fs/WindowsException'{0x00000000d5dc3a28}> (0x00000000d5dc3a28) 
thrown [s\src\hotspot\share\prims\jni.cpp, line 520]
Event: 20.815 Thread 0x000001b67f045350 Exception <a 'sun/nio/fs/WindowsException'{0x00000000d5a9a200}> (0x00000000d5a9a200) 
thrown [s\src\hotspot\share\prims\jni.cpp, line 520]
Event: 20.971 Thread 0x000001b67f045350 Exception <a 'sun/nio/fs/WindowsException'{0x00000000d5fc96c0}> (0x00000000d5fc96c0) 
thrown [s\src\hotspot\share\prims\jni.cpp, line 520]
Event: 21.007 Thread 0x000001b67f045350 Exception <a 'sun/nio/fs/WindowsException'{0x00000000d5c030b0}> (0x00000000d5c030b0) 
thrown [s\src\hotspot\share\prims\jni.cpp, line 520]
Event: 21.014 Thread 0x000001b67f045350 Exception <a 'sun/nio/fs/WindowsException'{0x00000000d5c14128}> (0x00000000d5c14128) 
thrown [s\src\hotspot\share\prims\jni.cpp, line 520]
Event: 21.028 Thread 0x000001b67f045350 Exception <a 'sun/nio/fs/WindowsException'{0x00000000d5c25280}> (0x00000000d5c25280) 
thrown [s\src\hotspot\share\prims\jni.cpp, line 520]
Event: 21.185 Thread 0x000001b67f045350 Exception <a 'sun/nio/fs/WindowsException'{0x00000000d5a39030}> (0x00000000d5a39030) 
thrown [s\src\hotspot\share\prims\jni.cpp, line 520]
Event: 21.192 Thread 0x000001b67f045350 Exception <a 'sun/nio/fs/WindowsException'{0x00000000d5a4a0d8}> (0x00000000d5a4a0d8) 
thrown [s\src\hotspot\share\prims\jni.cpp, line 520]
Event: 21.221 Thread 0x000001b67f045350 Exception <a 'sun/nio/fs/WindowsException'{0x00000000d601d6f8}> (0x00000000d601d6f8) 
thrown [s\src\hotspot\share\prims\jni.cpp, line 520]
Event: 21.269 Thread 0x000001b67f045350 Exception <a 'sun/nio/fs/WindowsException'{0x00000000d56e7680}> (0x00000000d56e7680) 
thrown [s\src\hotspot\share\prims\jni.cpp, line 520]

ZGC Phase Switch (0 events):
No events

VM Operations (20 events):
Event: 21.965 Executing VM operation: ParallelGCFailedAllocation (Allocation Failure)
Event: 21.967 Executing VM operation: ParallelGCFailedAllocation (Allocation Failure) done
Event: 21.982 Executing VM operation: ParallelGCFailedAllocation (Allocation Failure)
Event: 21.983 Executing VM operation: ParallelGCFailedAllocation (Allocation Failure) done
Event: 21.998 Executing VM operation: ParallelGCFailedAllocation (Allocation Failure)
Event: 22.000 Executing VM operation: ParallelGCFailedAllocation (Allocation Failure) done
Event: 22.013 Executing VM operation: ParallelGCFailedAllocation (Allocation Failure)
Event: 22.014 Executing VM operation: ParallelGCFailedAllocation (Allocation Failure) done
Event: 22.029 Executing VM operation: ParallelGCFailedAllocation (Allocation Failure)
Event: 22.031 Executing VM operation: ParallelGCFailedAllocation (Allocation Failure) done
Event: 22.045 Executing VM operation: ParallelGCFailedAllocation (Allocation Failure)
Event: 22.047 Executing VM operation: ParallelGCFailedAllocation (Allocation Failure) done
Event: 22.063 Executing VM operation: ParallelGCFailedAllocation (Allocation Failure)
Event: 22.064 Executing VM operation: ParallelGCFailedAllocation (Allocation Failure) done
Event: 22.079 Executing VM operation: ParallelGCFailedAllocation (Allocation Failure)
Event: 22.082 Executing VM operation: ParallelGCFailedAllocation (Allocation Failure) done
Event: 22.095 Executing VM operation: ParallelGCFailedAllocation (Allocation Failure)
Event: 22.097 Executing VM operation: ParallelGCFailedAllocation (Allocation Failure) done
Event: 22.125 Executing VM operation: ParallelGCFailedAllocation (Allocation Failure)
Event: 22.127 Executing VM operation: ParallelGCFailedAllocation (Allocation Failure) done

Memory protections (0 events):
No events

Nmethod flushes (20 events):
Event: 17.088 Thread 0x000001b6654649f0 flushing  nmethod 0x000001b669784a90
Event: 17.088 Thread 0x000001b6654649f0 flushing  nmethod 0x000001b669789a90
Event: 17.088 Thread 0x000001b6654649f0 flushing  nmethod 0x000001b669790f10
Event: 17.088 Thread 0x000001b6654649f0 flushing  nmethod 0x000001b669791810
Event: 17.088 Thread 0x000001b6654649f0 flushing  nmethod 0x000001b669793490
Event: 17.088 Thread 0x000001b6654649f0 flushing  nmethod 0x000001b669793e90
Event: 17.088 Thread 0x000001b6654649f0 flushing  nmethod 0x000001b669794f90
Event: 17.088 Thread 0x000001b6654649f0 flushing  nmethod 0x000001b6697a5090
Event: 17.088 Thread 0x000001b6654649f0 flushing  nmethod 0x000001b6697a6810
Event: 17.088 Thread 0x000001b6654649f0 flushing  nmethod 0x000001b6697b5710
Event: 17.088 Thread 0x000001b6654649f0 flushing  nmethod 0x000001b6697bd590
Event: 17.088 Thread 0x000001b6654649f0 flushing  nmethod 0x000001b6697de810
Event: 17.088 Thread 0x000001b6654649f0 flushing  nmethod 0x000001b6697e3f90
Event: 17.088 Thread 0x000001b6654649f0 flushing  nmethod 0x000001b6697e4410
Event: 17.088 Thread 0x000001b6654649f0 flushing  nmethod 0x000001b669818e10
Event: 17.088 Thread 0x000001b6654649f0 flushing  nmethod 0x000001b669835010
Event: 17.088 Thread 0x000001b6654649f0 flushing  nmethod 0x000001b669862090
Event: 17.088 Thread 0x000001b6654649f0 flushing  nmethod 0x000001b669862590
Event: 17.088 Thread 0x000001b6654649f0 flushing  nmethod 0x000001b669862e90
Event: 17.088 Thread 0x000001b6654649f0 flushing  nmethod 0x000001b669864910

Events (20 events):
Event: 13.315 Thread 0x000001b67f046070 Thread added: 0x000001b6519e6870
Event: 13.315 Thread 0x000001b67f046070 Thread added: 0x000001b6519ea380
Event: 13.315 Thread 0x000001b67f046070 Thread added: 0x000001b6519e8fd0
Event: 13.344 Thread 0x000001b6519ea380 Thread exited: 0x000001b6519ea380
Event: 13.344 Thread 0x000001b6519e8940 Thread exited: 0x000001b6519e8940
Event: 13.344 Thread 0x000001b6519e6870 Thread exited: 0x000001b6519e6870
Event: 13.344 Thread 0x000001b6519e8fd0 Thread exited: 0x000001b6519e8fd0
Event: 13.344 Thread 0x000001b6519e7c20 Thread exited: 0x000001b6519e7c20
Event: 14.648 Thread 0x000001b67d327a00 Thread exited: 0x000001b67d327a00
Event: 14.682 Thread 0x000001b67d325120 Thread added: 0x000001b647976430
Event: 15.326 Thread 0x000001b647976430 Thread exited: 0x000001b647976430
Event: 15.326 Thread 0x000001b67d325120 Thread exited: 0x000001b67d325120
Event: 15.344 Thread 0x000001b67d0474b0 Thread added: 0x000001b647cd12c0
Event: 15.344 Thread 0x000001b67d0474b0 Thread added: 0x000001b647cd1990
Event: 16.988 Thread 0x000001b647cd1990 Thread exited: 0x000001b647cd1990
Event: 16.988 Thread 0x000001b647cd12c0 Thread exited: 0x000001b647cd12c0
Event: 19.478 Thread 0x000001b67d0474b0 Thread added: 0x000001b67d325120
Event: 19.478 Thread 0x000001b67d0474b0 Thread added: 0x000001b67d326c60
Event: 20.474 Thread 0x000001b67d326c60 Thread exited: 0x000001b67d326c60
Event: 20.821 Thread 0x000001b67d325120 Thread exited: 0x000001b67d325120


Dynamic libraries:
0x00007ff72caa0000 - 0x00007ff72caae000 	c:\Users\Astha\.vscode\extensions\redhat.java-1.44.0-win32-x64\jre\21.0.8-win32-x86_64\bin\java.exe
0x00007ffcd5f20000 - 0x00007ffcd6188000 	C:\WINDOWS\SYSTEM32\ntdll.dll
0x00007ffcd56e0000 - 0x00007ffcd57a9000 	C:\WINDOWS\System32\KERNEL32.DLL
0x00007ffcd36a0000 - 0x00007ffcd3a8d000 	C:\WINDOWS\System32\KERNELBASE.dll
0x00007ffcd3370000 - 0x00007ffcd34bb000 	C:\WINDOWS\System32\ucrtbase.dll
0x00007ffc984a0000 - 0x00007ffc984b8000 	c:\Users\Astha\.vscode\extensions\redhat.java-1.44.0-win32-x64\jre\21.0.8-win32-x86_64\bin\jli.dll
0x00007ffcd5190000 - 0x00007ffcd535c000 	C:\WINDOWS\System32\USER32.dll
0x00007ffcd3340000 - 0x00007ffcd3367000 	C:\WINDOWS\System32\win32u.dll
0x00007ffcd3fa0000 - 0x00007ffcd3fcb000 	C:\WINDOWS\System32\GDI32.dll
0x00007ffcd34c0000 - 0x00007ffcd35f7000 	C:\WINDOWS\System32\gdi32full.dll
0x00007ffcd3a90000 - 0x00007ffcd3b33000 	C:\WINDOWS\System32\msvcp_win.dll
0x00007ffc98370000 - 0x00007ffc9838e000 	c:\Users\Astha\.vscode\extensions\redhat.java-1.44.0-win32-x64\jre\21.0.8-win32-x86_64\bin\VCRUNTIME140.dll
0x00007ffcba540000 - 0x00007ffcba7da000 	C:\WINDOWS\WinSxS\amd64_microsoft.windows.common-controls_6595b64144ccf1df_6.0.26100.4484_none_3e0e6d4ce32ef3b3\COMCTL32.dll
0x00007ffcd3de0000 - 0x00007ffcd3e89000 	C:\WINDOWS\System32\msvcrt.dll
0x00007ffcd4660000 - 0x00007ffcd468f000 	C:\WINDOWS\System32\IMM32.DLL
0x00007ffcae710000 - 0x00007ffcae86c000 	C:\Program Files (x86)\Citrix\ICA Client\ctxapclient64.dll
0x00007ffcd5ae0000 - 0x00007ffcd5e66000 	C:\WINDOWS\System32\combase.dll
0x00007ffcd3cc0000 - 0x00007ffcd3dd8000 	C:\WINDOWS\System32\RPCRT4.dll
0x00007ffcca590000 - 0x00007ffcca59b000 	C:\WINDOWS\SYSTEM32\VERSION.dll
0x00007ffcd2f50000 - 0x00007ffcd2f76000 	C:\WINDOWS\SYSTEM32\bcrypt.dll
0x00007ffcd5920000 - 0x00007ffcd59d4000 	C:\WINDOWS\System32\ADVAPI32.dll
0x00007ffcd4fd0000 - 0x00007ffcd5076000 	C:\WINDOWS\System32\sechost.dll
0x00007ffcd1f40000 - 0x00007ffcd1f76000 	C:\WINDOWS\SYSTEM32\ntmarta.dll
0x000001b664bf0000 - 0x000001b664c89000 	C:\WINDOWS\System32\bcryptprimitives.dll
0x00007ffc983c0000 - 0x00007ffc983cc000 	c:\Users\Astha\.vscode\extensions\redhat.java-1.44.0-win32-x64\jre\21.0.8-win32-x86_64\bin\vcruntime140_1.dll
0x00007ffc500c0000 - 0x00007ffc5014d000 	c:\Users\Astha\.vscode\extensions\redhat.java-1.44.0-win32-x64\jre\21.0.8-win32-x86_64\bin\msvcp140.dll
0x00007ffc261d0000 - 0x00007ffc26f67000 	c:\Users\Astha\.vscode\extensions\redhat.java-1.44.0-win32-x64\jre\21.0.8-win32-x86_64\bin\server\jvm.dll
0x00007ffcd57c0000 - 0x00007ffcd5834000 	C:\WINDOWS\System32\WS2_32.dll
0x00007ffcd2ee0000 - 0x00007ffcd2f3e000 	C:\WINDOWS\SYSTEM32\POWRPROF.dll
0x00007ffcc3ac0000 - 0x00007ffcc3af5000 	C:\WINDOWS\SYSTEM32\WINMM.dll
0x00007ffcd2ea0000 - 0x00007ffcd2eb4000 	C:\WINDOWS\SYSTEM32\UMPDC.dll
0x00007ffcd1d70000 - 0x00007ffcd1d8b000 	C:\WINDOWS\SYSTEM32\kernel.appcore.dll
0x00007ffc97e80000 - 0x00007ffc97e8a000 	c:\Users\Astha\.vscode\extensions\redhat.java-1.44.0-win32-x64\jre\21.0.8-win32-x86_64\bin\jimage.dll
0x00007ffcc7be0000 - 0x00007ffcc7e21000 	C:\WINDOWS\SYSTEM32\DBGHELP.DLL
0x00007ffcd3eb0000 - 0x00007ffcd3f90000 	C:\WINDOWS\System32\OLEAUT32.dll
0x00007ffcb9f10000 - 0x00007ffcb9f53000 	C:\WINDOWS\SYSTEM32\dbgcore.DLL
0x00007ffc97e70000 - 0x00007ffc97e7f000 	c:\Users\Astha\.vscode\extensions\redhat.java-1.44.0-win32-x64\jre\21.0.8-win32-x86_64\bin\instrument.dll
0x00007ffc90960000 - 0x00007ffc9097f000 	c:\Users\Astha\.vscode\extensions\redhat.java-1.44.0-win32-x64\jre\21.0.8-win32-x86_64\bin\java.dll
0x00007ffcd4880000 - 0x00007ffcd4fca000 	C:\WINDOWS\System32\SHELL32.dll
0x00007ffcd31c0000 - 0x00007ffcd3334000 	C:\WINDOWS\System32\wintypes.dll
0x00007ffcd0c90000 - 0x00007ffcd14eb000 	C:\WINDOWS\SYSTEM32\windows.storage.dll
0x00007ffcd59e0000 - 0x00007ffcd5ad5000 	C:\WINDOWS\System32\SHCORE.dll
0x00007ffcd5e70000 - 0x00007ffcd5eda000 	C:\WINDOWS\System32\shlwapi.dll
0x00007ffcd2f80000 - 0x00007ffcd2faf000 	C:\WINDOWS\SYSTEM32\profapi.dll
0x00007ffc8fa80000 - 0x00007ffc8fa98000 	c:\Users\Astha\.vscode\extensions\redhat.java-1.44.0-win32-x64\jre\21.0.8-win32-x86_64\bin\zip.dll
0x00007ffc97e50000 - 0x00007ffc97e60000 	C:\Users\Astha\.vscode\extensions\redhat.java-1.44.0-win32-x64\jre\21.0.8-win32-x86_64\bin\net.dll
0x00007ffccb010000 - 0x00007ffccb12e000 	C:\WINDOWS\SYSTEM32\WINHTTP.dll
0x00007ffcd23a0000 - 0x00007ffcd240a000 	C:\WINDOWS\system32\mswsock.dll
0x00007ffc76190000 - 0x00007ffc761a6000 	C:\Users\Astha\.vscode\extensions\redhat.java-1.44.0-win32-x64\jre\21.0.8-win32-x86_64\bin\nio.dll
0x00007ffc91650000 - 0x00007ffc91660000 	c:\Users\Astha\.vscode\extensions\redhat.java-1.44.0-win32-x64\jre\21.0.8-win32-x86_64\bin\verify.dll
0x00007ffc50280000 - 0x00007ffc502c5000 	C:\Users\Astha\AppData\Roaming\Code\User\globalStorage\redhat.java\1.44.0\config_win\org.eclipse.equinox.launcher\org.eclipse.equinox.launcher.win32.win32.x86_64_1.2.1400.v20250730-1736\eclipse_11913.dll
0x00007ffcd46d0000 - 0x00007ffcd486e000 	C:\WINDOWS\System32\ole32.dll
0x00007ffcd2650000 - 0x00007ffcd266b000 	C:\WINDOWS\SYSTEM32\CRYPTSP.dll
0x00007ffcd1d90000 - 0x00007ffcd1dcb000 	C:\WINDOWS\system32\rsaenh.dll
0x00007ffcd2440000 - 0x00007ffcd246b000 	C:\WINDOWS\SYSTEM32\USERENV.dll
0x00007ffcd2670000 - 0x00007ffcd267c000 	C:\WINDOWS\SYSTEM32\CRYPTBASE.dll
0x00007ffcd1820000 - 0x00007ffcd1853000 	C:\WINDOWS\SYSTEM32\IPHLPAPI.DLL
0x00007ffcd57b0000 - 0x00007ffcd57ba000 	C:\WINDOWS\System32\NSI.dll
0x00007ffc50070000 - 0x00007ffc500b9000 	C:\Users\Astha\AppData\Local\Temp\jna-63569627\jna14337005367545090260.dll
0x00007ffcd4650000 - 0x00007ffcd4658000 	C:\WINDOWS\System32\PSAPI.DLL
0x00007ffccb6e0000 - 0x00007ffccb6ff000 	C:\WINDOWS\SYSTEM32\dhcpcsvc6.DLL
0x00007ffccaea0000 - 0x00007ffccaec5000 	C:\WINDOWS\SYSTEM32\dhcpcsvc.DLL

JVMTI agents:
c:\Users\Astha\.vscode\extensions\redhat.java-1.44.0-win32-x64\lombok\lombok-1.18.39-4050.jar path:c:\Users\Astha\.vscode\extensions\redhat.java-1.44.0-win32-x64\jre\21.0.8-win32-x86_64\bin\instrument.dll, loaded, initialized, instrumentlib options:none

dbghelp: loaded successfully - version: 4.0.5 - missing functions: none
symbol engine: initialized successfully - sym options: 0x614 - pdb path: .;c:\Users\Astha\.vscode\extensions\redhat.java-1.44.0-win32-x64\jre\21.0.8-win32-x86_64\bin;C:\WINDOWS\SYSTEM32;C:\WINDOWS\WinSxS\amd64_microsoft.windows.common-controls_6595b64144ccf1df_6.0.26100.4484_none_3e0e6d4ce32ef3b3;C:\Program Files (x86)\Citrix\ICA Client;c:\Users\Astha\.vscode\extensions\redhat.java-1.44.0-win32-x64\jre\21.0.8-win32-x86_64\bin\server;C:\Users\Astha\AppData\Roaming\Code\User\globalStorage\redhat.java\1.44.0\config_win\org.eclipse.equinox.launcher\org.eclipse.equinox.launcher.win32.win32.x86_64_1.2.1400.v20250730-1736;C:\Users\Astha\AppData\Local\Temp\jna-63569627

VM Arguments:
jvm_args: --add-modules=ALL-SYSTEM --add-opens=java.base/java.util=ALL-UNNAMED --add-opens=java.base/java.lang=ALL-UNNAMED --add-opens=java.base/sun.nio.fs=ALL-UNNAMED -Declipse.application=org.eclipse.jdt.ls.core.id1 -Dosgi.bundles.defaultStartLevel=4 -Declipse.product=org.eclipse.jdt.ls.core.product -Djava.import.generatesMetadataFilesAtProjectRoot=false -DDetectVMInstallationsJob.disabled=true -Dfile.encoding=utf8 -XX:+UseParallelGC -XX:GCTimeRatio=4 -XX:AdaptiveSizePolicyWeight=90 -Dsun.zip.disableMemoryMapping=true -Xmx2G -Xms100m -Xlog:disable -javaagent:c:\Users\Astha\.vscode\extensions\redhat.java-1.44.0-win32-x64\lombok\lombok-1.18.39-4050.jar -XX:+HeapDumpOnOutOfMemoryError -XX:HeapDumpPath=c:\Users\Astha\AppData\Roaming\Code\User\workspaceStorage\e39771bc5a86343b297ee149df76b61c\redhat.java -Daether.dependencyCollector.impl=bf 
java_command: c:\Users\Astha\.vscode\extensions\redhat.java-1.44.0-win32-x64\server\plugins\org.eclipse.equinox.launcher_1.7.0.v20250519-0528.jar -configuration c:\Users\Astha\AppData\Roaming\Code\User\globalStorage\redhat.java\1.44.0\config_win -data c:\Users\Astha\AppData\Roaming\Code\User\workspaceStorage\e39771bc5a86343b297ee149df76b61c\redhat.java\jdt_ws --pipe=\\.\pipe\lsp-c4fe84bc0ee1368b5c4f7d03d184ebdf-sock
java_class_path (initial): c:\Users\Astha\.vscode\extensions\redhat.java-1.44.0-win32-x64\server\plugins\org.eclipse.equinox.launcher_1.7.0.v20250519-0528.jar
Launcher Type: SUN_STANDARD

[Global flags]
    uintx AdaptiveSizePolicyWeight                 = 90                                        {product} {command line}
     intx CICompilerCount                          = 4                                         {product} {ergonomic}
    uintx GCTimeRatio                              = 4                                         {product} {command line}
     bool HeapDumpOnOutOfMemoryError               = true                                   {manageable} {command line}
    ccstr HeapDumpPath                             = c:\Users\Astha\AppData\Roaming\Code\User\workspaceStorage\e39771bc5a86343b297ee149df76b61c\redhat.java         {manageable} {command line}
   size_t InitialHeapSize                          = 104857600                                 {product} {command line}
   size_t MaxHeapSize                              = 2147483648                                {product} {command line}
   size_t MaxNewSize                               = 715653120                                 {product} {ergonomic}
   size_t MinHeapDeltaBytes                        = 524288                                    {product} {ergonomic}
   size_t MinHeapSize                              = 104857600                                 {product} {command line}
   size_t NewSize                                  = 34603008                                  {product} {ergonomic}
    uintx NonNMethodCodeHeapSize                   = 5839372                                {pd product} {ergonomic}
    uintx NonProfiledCodeHeapSize                  = 122909434                              {pd product} {ergonomic}
   size_t OldSize                                  = 70254592                                  {product} {ergonomic}
    uintx ProfiledCodeHeapSize                     = 122909434                              {pd product} {ergonomic}
    uintx ReservedCodeCacheSize                    = 251658240                              {pd product} {ergonomic}
     bool SegmentedCodeCache                       = true                                      {product} {ergonomic}
   size_t SoftMaxHeapSize                          = 2147483648                             {manageable} {ergonomic}
     bool UseCompressedOops                        = true                           {product lp64_product} {ergonomic}
     bool UseLargePagesIndividualAllocation        = false                                  {pd product} {ergonomic}
     bool UseParallelGC                            = true                                      {product} {command line}

Logging:
Log output configuration:
 #0: stdout all=off uptime,level,tags foldmultilines=false
 #1: stderr all=off uptime,level,tags foldmultilines=false

Environment Variables:
JAVA_HOME=C:\Program Files\Java\jdk-17
PATH=C:\Program Files\Eclipse Adoptium\jdk-17.0.16.8-hotspot\bin;C:\app\AsthaUser\product\21c\dbhomeXE\bin;C:\oracle_2\product\21c\dbhomeXE\bin;C:\oracle_1\product\21c\dbhomeXE\bin;C:\oracle_1\product\dbhomeXE\bin;C:\app\Astha\product\21c\dbhomeXE\bin;C:\Oracle\Product\21c\dbhomeXE\bin;C:\Program Files\OpenLogic\jdk-17.0.13.11-hotspot\bin;C:\Program Files\Common Files\Oracle\Java\javapath;C:\WINDOWS\system32;C:\WINDOWS;C:\WINDOWS\System32\Wbem;C:\WINDOWS\System32\WindowsPowerShell\v1.0\;C:\WINDOWS\System32\OpenSSH\;C:\Program Files\Git\cmd;C:\Program Files\OpenLogic\jdk-17.0.13.11-hotspot\bin;C:\Program Files\nodejs\;C:\Users\Astha\apache-maven-3.9.11\bin;C:\Program Files\Java\jdk-17\bin;C:\Users\Astha\AppData\Local\Microsoft\WindowsApps;C:\Users\Astha\AppData\Local\Programs\Microsoft VS Code\bin;C:\Users\Astha\FlutterDev\flutter_windows_3.24.1-stable\flutter\bin;C:\msys64\ucrt64\bin;C:\Program Files\MySQL\MySQL Server 8.0\bin;C:\Program Files\Java\jdk-22;C:\Users\Astha\FlutterDev\commandlinetools-win-11076708_latest\cmdline-tools\platforms;C:\Users\Astha\FlutterDev\commandlinetools-win-11076708_latest\cmdline-tools\platform-tools;C:\Program Files\Git\bin;C:\Users\Astha\AppData\Roaming\npm;C:\Program Files\JetBrains\IntelliJ IDEA 2025.1.4.1\bin;
USERNAME=Astha
OS=Windows_NT
PROCESSOR_IDENTIFIER=AMD64 Family 23 Model 104 Stepping 1, AuthenticAMD
TMP=C:\Users\Astha\AppData\Local\Temp
TEMP=C:\Users\Astha\AppData\Local\Temp




Periodic native trim disabled

---------------  S Y S T E M  ---------------

OS:
 Windows 11 , 64 bit Build 26100 (10.0.26100.4484)
OS uptime: 1 days 12:24 hours
Hyper-V role detected

CPU: total 12 (initial active 12) (12 cores per cpu, 2 threads per core) family 23 model 104 stepping 1 microcode 0x8608107, cx8, cmov, fxsr, ht, mmx, 3dnowpref, sse, sse2, sse3, ssse3, sse4a, sse4.1, sse4.2, popcnt, lzcnt, tsc, tscinvbit, avx, avx2, aes, clmul, bmi1, bmi2, adx, sha, fma, vzeroupper, clflush, clflushopt, hv, rdtscp, rdpid, f16c
Processor Information for processor 0
  Max Mhz: 2100, Current Mhz: 2100, Mhz Limit: 2100
Processor Information for processor 1
  Max Mhz: 2100, Current Mhz: 1988, Mhz Limit: 2100
Processor Information for processor 2
  Max Mhz: 2100, Current Mhz: 1988, Mhz Limit: 2100
Processor Information for processor 3
  Max Mhz: 2100, Current Mhz: 2100, Mhz Limit: 2100
Processor Information for processor 4
  Max Mhz: 2100, Current Mhz: 2100, Mhz Limit: 2100
Processor Information for processor 5
  Max Mhz: 2100, Current Mhz: 2100, Mhz Limit: 2100
Processor Information for processor 6
  Max Mhz: 2100, Current Mhz: 2100, Mhz Limit: 2100
Processor Information for processor 7
  Max Mhz: 2100, Current Mhz: 1988, Mhz Limit: 2100
Processor Information for processor 8
  Max Mhz: 2100, Current Mhz: 2100, Mhz Limit: 2100
Processor Information for processor 9
  Max Mhz: 2100, Current Mhz: 1988, Mhz Limit: 2100
Processor Information for processor 10
  Max Mhz: 2100, Current Mhz: 2100, Mhz Limit: 2100
Processor Information for processor 11
  Max Mhz: 2100, Current Mhz: 1988, Mhz Limit: 2100

Memory: 4k page, system-wide physical 15693M (2964M free)
TotalPageFile size 18253M (AvailPageFile size 7M)
current process WorkingSet (physical memory assigned to process): 1082M, peak: 1082M
current process commit charge ("private bytes"): 894M, peak: 1671M

vm_info: OpenJDK 64-Bit Server VM (21.0.8+9-LTS) for windows-amd64 JRE (21.0.8+9-LTS), built on 2025-07-15T00:00:00Z by "admin" with MS VC++ 17.7 (VS2022)

END.
